+ srun python run.py
Traceback (most recent call last):
  File "run.py", line 21, in <module>
    compute_dust('%03i'%out_nb,ldx,path,sim_name) 
  File "/gpfs7kw/linkhome/rech/genoba01/uoj51ok/codes/get_halo_pties/halo_properties/halo_dust_latest.py", line 217, in compute_dust
    gas_mass[ind]=np.sum(sm_gas)*(px_to_m*100)**3*1e-3/Msol*rho_fact
NameError: name 'sm_gas' is not defined
srun: error: r6i6n8: task 0: Exited with exit code 1
srun: Terminating job step 2103550.0
+ conda deactivate
+ '[' 1 -lt 1 ']'
+ local cmd=deactivate
+ shift
+ case "$cmd" in
+ __conda_activate deactivate
+ '[' -n '' ']'
+ local cmd=deactivate
+ shift
+ local ask_conda
+ CONDA_INTERNAL_OLDPATH=/linkhome/rech/genoba01/uoj51ok/.conda/envs/healpy_loc_env/bin:/gpfslocalsup/pub/anaconda-py3/2019.10/condabin:/gpfslocalsup/spack_soft/environment-modules/4.3.1/gcc-4.8.5-ism7cdy4xverxywj27jvjstqwk5oxe2v/bin:/opt/clmgr/sbin:/opt/clmgr/bin:/opt/sgi/sbin:/opt/sgi/bin:/usr/local/bin:/usr/bin:/usr/local/sbin:/usr/sbin:/opt/c3/bin:/usr/lpp/mmfs/bin:/sbin:/bin:/gpfslocalsys/slurm/current/bin:/gpfslocalsup/bin:/gpfslocalsys/bin:/gpfslocalsys/idrzap/current/bin
+ __add_sys_prefix_to_path
+ '[' -n '' ']'
++ dirname /gpfslocalsup/pub/anaconda-py3/2019.10/bin/conda
+ SYSP=/gpfslocalsup/pub/anaconda-py3/2019.10/bin
++ dirname /gpfslocalsup/pub/anaconda-py3/2019.10/bin
+ SYSP=/gpfslocalsup/pub/anaconda-py3/2019.10
+ '[' -n '' ']'
+ PATH=/gpfslocalsup/pub/anaconda-py3/2019.10/bin:/linkhome/rech/genoba01/uoj51ok/.conda/envs/healpy_loc_env/bin:/gpfslocalsup/pub/anaconda-py3/2019.10/condabin:/gpfslocalsup/spack_soft/environment-modules/4.3.1/gcc-4.8.5-ism7cdy4xverxywj27jvjstqwk5oxe2v/bin:/opt/clmgr/sbin:/opt/clmgr/bin:/opt/sgi/sbin:/opt/sgi/bin:/usr/local/bin:/usr/bin:/usr/local/sbin:/usr/sbin:/opt/c3/bin:/usr/lpp/mmfs/bin:/sbin:/bin:/gpfslocalsys/slurm/current/bin:/gpfslocalsup/bin:/gpfslocalsys/bin:/gpfslocalsys/idrzap/current/bin
+ export PATH
++ PS1='(healpy_loc_env) '
++ /gpfslocalsup/pub/anaconda-py3/2019.10/bin/conda shell.posix deactivate
+ ask_conda='export PATH='\''/gpfslocalsup/pub/anaconda-py3/2019.10/bin:/gpfslocalsup/pub/anaconda-py3/2019.10/condabin:/gpfslocalsup/spack_soft/environment-modules/4.3.1/gcc-4.8.5-ism7cdy4xverxywj27jvjstqwk5oxe2v/bin:/opt/clmgr/sbin:/opt/clmgr/bin:/opt/sgi/sbin:/opt/sgi/bin:/usr/local/bin:/usr/bin:/usr/local/sbin:/usr/sbin:/opt/c3/bin:/usr/lpp/mmfs/bin:/sbin:/bin:/gpfslocalsys/slurm/current/bin:/gpfslocalsup/bin:/gpfslocalsys/bin:/gpfslocalsys/idrzap/current/bin'\''
unset CONDA_PREFIX_1
PS1='\''(base) '\''
export CONDA_PREFIX='\''/gpfslocalsup/pub/anaconda-py3/2019.10'\''
export CONDA_SHLVL='\''1'\''
export CONDA_DEFAULT_ENV='\''base'\''
export CONDA_PROMPT_MODIFIER='\''(base) '\''
export CONDA_EXE='\''/gpfslocalsup/pub/anaconda-py3/2019.10/bin/conda'\''
export _CE_M='\'''\''
export _CE_CONDA='\'''\''
export CONDA_PYTHON_EXE='\''/gpfslocalsup/pub/anaconda-py3/2019.10/bin/python'\''
. "/gpfslocalsup/pub/anaconda-py3/2019.10/etc/conda/activate.d/proj4-activate.sh"'
+ rc=0
+ PATH=/linkhome/rech/genoba01/uoj51ok/.conda/envs/healpy_loc_env/bin:/gpfslocalsup/pub/anaconda-py3/2019.10/condabin:/gpfslocalsup/spack_soft/environment-modules/4.3.1/gcc-4.8.5-ism7cdy4xverxywj27jvjstqwk5oxe2v/bin:/opt/clmgr/sbin:/opt/clmgr/bin:/opt/sgi/sbin:/opt/sgi/bin:/usr/local/bin:/usr/bin:/usr/local/sbin:/usr/sbin:/opt/c3/bin:/usr/lpp/mmfs/bin:/sbin:/bin:/gpfslocalsys/slurm/current/bin:/gpfslocalsup/bin:/gpfslocalsys/bin:/gpfslocalsys/idrzap/current/bin
+ eval 'export PATH='\''/gpfslocalsup/pub/anaconda-py3/2019.10/bin:/gpfslocalsup/pub/anaconda-py3/2019.10/condabin:/gpfslocalsup/spack_soft/environment-modules/4.3.1/gcc-4.8.5-ism7cdy4xverxywj27jvjstqwk5oxe2v/bin:/opt/clmgr/sbin:/opt/clmgr/bin:/opt/sgi/sbin:/opt/sgi/bin:/usr/local/bin:/usr/bin:/usr/local/sbin:/usr/sbin:/opt/c3/bin:/usr/lpp/mmfs/bin:/sbin:/bin:/gpfslocalsys/slurm/current/bin:/gpfslocalsup/bin:/gpfslocalsys/bin:/gpfslocalsys/idrzap/current/bin'\''
unset CONDA_PREFIX_1
PS1='\''(base) '\''
export CONDA_PREFIX='\''/gpfslocalsup/pub/anaconda-py3/2019.10'\''
export CONDA_SHLVL='\''1'\''
export CONDA_DEFAULT_ENV='\''base'\''
export CONDA_PROMPT_MODIFIER='\''(base) '\''
export CONDA_EXE='\''/gpfslocalsup/pub/anaconda-py3/2019.10/bin/conda'\''
export _CE_M='\'''\''
export _CE_CONDA='\'''\''
export CONDA_PYTHON_EXE='\''/gpfslocalsup/pub/anaconda-py3/2019.10/bin/python'\''
. "/gpfslocalsup/pub/anaconda-py3/2019.10/etc/conda/activate.d/proj4-activate.sh"'
++ export PATH=/gpfslocalsup/pub/anaconda-py3/2019.10/bin:/gpfslocalsup/pub/anaconda-py3/2019.10/condabin:/gpfslocalsup/spack_soft/environment-modules/4.3.1/gcc-4.8.5-ism7cdy4xverxywj27jvjstqwk5oxe2v/bin:/opt/clmgr/sbin:/opt/clmgr/bin:/opt/sgi/sbin:/opt/sgi/bin:/usr/local/bin:/usr/bin:/usr/local/sbin:/usr/sbin:/opt/c3/bin:/usr/lpp/mmfs/bin:/sbin:/bin:/gpfslocalsys/slurm/current/bin:/gpfslocalsup/bin:/gpfslocalsys/bin:/gpfslocalsys/idrzap/current/bin
++ PATH=/gpfslocalsup/pub/anaconda-py3/2019.10/bin:/gpfslocalsup/pub/anaconda-py3/2019.10/condabin:/gpfslocalsup/spack_soft/environment-modules/4.3.1/gcc-4.8.5-ism7cdy4xverxywj27jvjstqwk5oxe2v/bin:/opt/clmgr/sbin:/opt/clmgr/bin:/opt/sgi/sbin:/opt/sgi/bin:/usr/local/bin:/usr/bin:/usr/local/sbin:/usr/sbin:/opt/c3/bin:/usr/lpp/mmfs/bin:/sbin:/bin:/gpfslocalsys/slurm/current/bin:/gpfslocalsup/bin:/gpfslocalsys/bin:/gpfslocalsys/idrzap/current/bin
++ unset CONDA_PREFIX_1
++ PS1='(base) '
++ export CONDA_PREFIX=/gpfslocalsup/pub/anaconda-py3/2019.10
++ CONDA_PREFIX=/gpfslocalsup/pub/anaconda-py3/2019.10
++ export CONDA_SHLVL=1
++ CONDA_SHLVL=1
++ export CONDA_DEFAULT_ENV=base
++ CONDA_DEFAULT_ENV=base
++ export 'CONDA_PROMPT_MODIFIER=(base) '
++ CONDA_PROMPT_MODIFIER='(base) '
++ export CONDA_EXE=/gpfslocalsup/pub/anaconda-py3/2019.10/bin/conda
++ CONDA_EXE=/gpfslocalsup/pub/anaconda-py3/2019.10/bin/conda
++ export _CE_M=
++ _CE_M=
++ export _CE_CONDA=
++ _CE_CONDA=
++ export CONDA_PYTHON_EXE=/gpfslocalsup/pub/anaconda-py3/2019.10/bin/python
++ CONDA_PYTHON_EXE=/gpfslocalsup/pub/anaconda-py3/2019.10/bin/python
++ . /gpfslocalsup/pub/anaconda-py3/2019.10/etc/conda/activate.d/proj4-activate.sh
+++ [[ -n /gpfslocalsup/pub/anaconda-py3/2019.10/share/proj ]]
+++ export _CONDA_SET_PROJ_LIB=/gpfslocalsup/pub/anaconda-py3/2019.10/share/proj
+++ _CONDA_SET_PROJ_LIB=/gpfslocalsup/pub/anaconda-py3/2019.10/share/proj
+++ '[' -d /gpfslocalsup/pub/anaconda-py3/2019.10/share/proj ']'
+++ export PROJ_LIB=/gpfslocalsup/pub/anaconda-py3/2019.10/share/proj
+++ PROJ_LIB=/gpfslocalsup/pub/anaconda-py3/2019.10/share/proj
+ '[' 0 '!=' 0 ']'
+ __conda_hashr
+ '[' -n '' ']'
+ '[' -n '' ']'
+ hash -r
