Running on 24 tasks
Skipping existing files
Redshift is 9.0
DM part mass in msun : 5.089030e+04
/ccs/home/jlewis/halo_properties/dust/../dust_files
/ccs/home/jlewis/halo_properties/dust/../dust_files
/ccs/home/jlewis/halo_properties/dust/../dust_files
/ccs/home/jlewis/halo_properties/dust/../dust_files
/ccs/home/jlewis/halo_properties/dust/../dust_files
/ccs/home/jlewis/halo_properties/dust/../dust_files
/ccs/home/jlewis/halo_properties/dust/../dust_files
/ccs/home/jlewis/halo_properties/dust/../dust_files
/ccs/home/jlewis/halo_properties/dust/../dust_files
/ccs/home/jlewis/halo_properties/dust/../dust_files
/ccs/home/jlewis/halo_properties/dust/../dust_files
/ccs/home/jlewis/halo_properties/dust/../dust_files
/ccs/home/jlewis/halo_properties/dust/../dust_files
/ccs/home/jlewis/halo_properties/dust/../dust_files
/ccs/home/jlewis/halo_properties/dust/../dust_files
/ccs/home/jlewis/halo_properties/dust/../dust_files
/ccs/home/jlewis/halo_properties/dust/../dust_files
/ccs/home/jlewis/halo_properties/dust/../dust_files
/ccs/home/jlewis/halo_properties/dust/../dust_files
/ccs/home/jlewis/halo_properties/dust/../dust_files
/ccs/home/jlewis/halo_properties/dust/../dust_files
/ccs/home/jlewis/halo_properties/dust/../dust_files
/ccs/home/jlewis/halo_properties/dust/../dust_files
Getting halos and associated stars
/ccs/home/jlewis/halo_properties/dust/../dust_files
Running on 24 tasks
Skipping existing files
Redshift is 9.0
DM part mass in msun : 5.089030e+04
/ccs/home/jlewis/halo_properties/dust/../dust_files
/ccs/home/jlewis/halo_properties/dust/../dust_files
/ccs/home/jlewis/halo_properties/dust/../dust_files
/ccs/home/jlewis/halo_properties/dust/../dust_files
/ccs/home/jlewis/halo_properties/dust/../dust_files
/ccs/home/jlewis/halo_properties/dust/../dust_files
/ccs/home/jlewis/halo_properties/dust/../dust_files
Getting halos and associated stars
/ccs/home/jlewis/halo_properties/dust/../dust_files
/ccs/home/jlewis/halo_properties/dust/../dust_files
/ccs/home/jlewis/halo_properties/dust/../dust_files
/ccs/home/jlewis/halo_properties/dust/../dust_files
/ccs/home/jlewis/halo_properties/dust/../dust_files
/ccs/home/jlewis/halo_properties/dust/../dust_files
/ccs/home/jlewis/halo_properties/dust/../dust_files
/ccs/home/jlewis/halo_properties/dust/../dust_files
/ccs/home/jlewis/halo_properties/dust/../dust_files
/ccs/home/jlewis/halo_properties/dust/../dust_files
/ccs/home/jlewis/halo_properties/dust/../dust_files
/ccs/home/jlewis/halo_properties/dust/../dust_files
/ccs/home/jlewis/halo_properties/dust/../dust_files
/ccs/home/jlewis/halo_properties/dust/../dust_files
/ccs/home/jlewis/halo_properties/dust/../dust_files
/ccs/home/jlewis/halo_properties/dust/../dust_files
/ccs/home/jlewis/halo_properties/dust/../dust_files
job done
