Running on 32 tasks
Skipping existing files
Redshift is 9.0
DM part mass in msun : 5.089030e+04
Getting halos and associated stars
I found 6 sets of dust absorpttion coefficients
RANK 14: Skipping subcube #1792 since it already exists
Allocated data arrays
Loaded files
Running on 32 tasks
Skipping existing files
Redshift is 9.0
DM part mass in msun : 5.089030e+04
Getting halos and associated stars
I found 6 sets of dust absorpttion coefficients
RANK 14: Skipping subcube #1792 since it already exists
RANK 10: Skipping subcube #1280 since it already exists
Allocated data arrays
Loaded files
job done
