Running on 32 tasks
Skipping existing files
Redshift is 9.0
DM part mass in msun : 5.089030e+04
Getting halos and associated stars
I found 6 sets of dust absorpttion coefficients
Allocated data arrays
Loaded files
Running on 32 tasks
Skipping existing files
Redshift is 9.0
DM part mass in msun : 5.089030e+04
Getting halos and associated stars
I found 6 sets of dust absorpttion coefficients
Allocated data arrays
r_px:0.688578 
 sample_r:1.500000
r_px:1.377156 
 sample_r:2.500000
r_px:0.590589 
 sample_r:1.500000
r_px:1.181178 
 sample_r:2.500000
r_px:1.054862 
 sample_r:2.500000
r_px:2.109725 
 sample_r:3.500000
r_px:0.622287 
 sample_r:1.500000
r_px:1.244574 
 sample_r:2.500000
r_px:0.925558 
 sample_r:1.500000
r_px:1.851115 
 sample_r:2.500000
r_px:0.632166 
 sample_r:1.500000
r_px:1.264332 
 sample_r:2.500000
r_px:1.078767 
 sample_r:2.500000
r_px:2.157534 
 sample_r:3.500000
r_px:0.674635 
 sample_r:1.500000
r_px:1.349271 
 sample_r:2.500000
r_px:0.579229 
 sample_r:1.500000
r_px:1.158458 
 sample_r:2.500000
r_px:1.007346 
 sample_r:2.500000
r_px:2.014692 
 sample_r:3.500000
r_px:0.922523 
 sample_r:1.500000
r_px:1.845046 
 sample_r:2.500000
r_px:0.612084 
 sample_r:1.500000
r_px:1.224167 
 sample_r:2.500000
r_px:0.827900 
 sample_r:1.500000
r_px:1.655800 
 sample_r:2.500000
r_px:1.319439 
 sample_r:2.500000
r_px:2.638878 
 sample_r:3.500000
r_px:0.601528 
 sample_r:1.500000
r_px:1.203057 
 sample_r:2.500000
r_px:1.150682 
 sample_r:2.500000
r_px:2.301365 
 sample_r:3.500000
r_px:0.737009 
 sample_r:1.500000
r_px:1.474017 
 sample_r:2.500000
r_px:0.961919 
 sample_r:1.500000
r_px:1.923838 
 sample_r:2.500000
r_px:0.748746 
 sample_r:1.500000
r_px:1.497493 
 sample_r:2.500000
r_px:0.644876 
 sample_r:1.500000
r_px:1.289753 
 sample_r:2.500000
r_px:0.635392 
 sample_r:1.500000
r_px:1.270783 
 sample_r:2.500000
r_px:0.594280 
 sample_r:1.500000
r_px:1.188561 
 sample_r:2.500000
r_px:0.694000 
 sample_r:1.500000
r_px:1.388000 
 sample_r:2.500000
r_px:0.717411 
 sample_r:1.500000
r_px:1.434822 
 sample_r:2.500000
r_px:0.714885 
 sample_r:1.500000
r_px:1.429770 
 sample_r:2.500000
r_px:0.691300 
 sample_r:1.500000
r_px:1.382600 
 sample_r:2.500000
r_px:1.210176 
 sample_r:2.500000
r_px:2.420351 
 sample_r:3.500000
r_px:0.746428 
 sample_r:1.500000
r_px:1.492857 
 sample_r:2.500000
r_px:0.806563 
 sample_r:1.500000
r_px:1.613125 
 sample_r:2.500000
r_px:1.456518 
 sample_r:2.500000
r_px:2.913036 
 sample_r:3.500000
r_px:0.618923 
 sample_r:1.500000
r_px:1.237846 
 sample_r:2.500000
r_px:0.953444 
 sample_r:1.500000
r_px:1.906888 
 sample_r:2.500000
r_px:1.111182 
 sample_r:2.500000
r_px:2.222363 
 sample_r:3.500000
r_px:0.651048 
 sample_r:1.500000
r_px:1.302096 
 sample_r:2.500000
r_px:0.729783 
 sample_r:1.500000
r_px:1.459565 
 sample_r:2.500000
r_px:0.788225 
 sample_r:1.500000
r_px:1.576450 
 sample_r:2.500000
r_px:1.403298 
 sample_r:2.500000
r_px:2.806597 
 sample_r:3.500000
r_px:0.612084 
 sample_r:1.500000
r_px:1.224167 
 sample_r:2.500000
r_px:0.644876 
 sample_r:1.500000
r_px:1.289753 
 sample_r:2.500000
r_px:0.622287 
 sample_r:1.500000
r_px:1.244574 
 sample_r:2.500000
r_px:0.753340 
 sample_r:1.500000
r_px:1.506680 
 sample_r:2.500000
r_px:0.638585 
 sample_r:1.500000
r_px:1.277169 
 sample_r:2.500000
r_px:1.610632 
 sample_r:2.500000
r_px:3.221264 
 sample_r:4.500000
r_px:1.206627 
 sample_r:2.500000
r_px:2.413254 
 sample_r:3.500000
r_px:1.428501 
 sample_r:2.500000
r_px:2.857002 
 sample_r:3.500000
r_px:1.714201 
 sample_r:2.500000
r_px:3.428402 
 sample_r:4.500000
r_px:0.597926 
 sample_r:1.500000
r_px:1.195853 
 sample_r:2.500000
r_px:0.683069 
 sample_r:1.500000
r_px:1.366139 
 sample_r:2.500000
r_px:0.632166 
 sample_r:1.500000
r_px:1.264332 
 sample_r:2.500000
r_px:0.729783 
 sample_r:1.500000
r_px:1.459565 
 sample_r:2.500000
r_px:0.654090 
 sample_r:1.500000
r_px:1.308180 
 sample_r:2.500000
r_px:0.594280 
 sample_r:1.500000
r_px:1.188561 
 sample_r:2.500000
r_px:1.039504 
 sample_r:2.500000
r_px:2.079008 
 sample_r:3.500000
r_px:0.744096 
 sample_r:1.500000
r_px:1.488191 
 sample_r:2.500000
r_px:0.762363 
 sample_r:1.500000
r_px:1.524726 
 sample_r:2.500000
r_px:0.696680 
 sample_r:1.500000
r_px:1.393360 
 sample_r:2.500000
r_px:0.804566 
 sample_r:1.500000
r_px:1.609132 
 sample_r:2.500000
r_px:0.579229 
 sample_r:1.500000
r_px:1.158458 
 sample_r:2.500000
r_px:1.133802 
 sample_r:2.500000
r_px:2.267604 
 sample_r:3.500000
(7, 5, 5, 5)
(7, 5, 5, 5)
r_px:0.993102 
 sample_r:1.500000
r_px:1.986203 
 sample_r:2.500000
r_px:0.590589 
 sample_r:1.500000
r_px:1.181178 
 sample_r:2.500000
r_px:0.837245 
 sample_r:1.500000
r_px:1.674489 
 sample_r:2.500000
(7, 3, 3, 3)
r_px:0.625615 
 sample_r:1.500000
r_px:1.251230 
 sample_r:2.500000
r_px:0.660091 
 sample_r:1.500000
r_px:1.320183 
 sample_r:2.500000
r_px:0.786134 
 sample_r:1.500000
r_px:1.572269 
 sample_r:2.500000
r_px:0.615522 
 sample_r:1.500000
r_px:1.231045 
 sample_r:2.500000
r_px:0.632166 
 sample_r:1.500000
r_px:1.264332 
 sample_r:2.500000
r_px:0.665985 
 sample_r:1.500000
r_px:1.331971 
 sample_r:2.500000
r_px:0.583065 
 sample_r:1.500000
r_px:1.166130 
 sample_r:2.500000
(7, 5, 5, 5)
r_px:0.601528 
 sample_r:1.500000
r_px:1.203057 
 sample_r:2.500000
r_px:0.839089 
 sample_r:1.500000
r_px:1.678178 
 sample_r:2.500000
r_px:0.579229 
 sample_r:1.500000
r_px:1.158458 
 sample_r:2.500000
r_px:1.223302 
 sample_r:2.500000
r_px:2.446604 
 sample_r:3.500000
r_px:1.022440 
 sample_r:2.500000
r_px:2.044879 
 sample_r:3.500000
r_px:0.583065 
 sample_r:1.500000
r_px:1.166130 
 sample_r:2.500000
r_px:0.635392 
 sample_r:1.500000
r_px:1.270783 
 sample_r:2.500000
r_px:0.839089 
 sample_r:1.500000
r_px:1.678178 
 sample_r:2.500000
(7, 5, 5, 5)
r_px:0.590589 
 sample_r:1.500000
r_px:1.181178 
 sample_r:2.500000
r_px:0.660091 
 sample_r:1.500000
r_px:1.320183 
 sample_r:2.500000
r_px:0.605088 
 sample_r:1.500000
r_px:1.210176 
 sample_r:2.500000
r_px:0.840925 
 sample_r:1.500000
r_px:1.681850 
 sample_r:2.500000
r_px:0.671777 
 sample_r:1.500000
r_px:1.343554 
 sample_r:2.500000
r_px:0.671777 
 sample_r:1.500000
r_px:1.343554 
 sample_r:2.500000
r_px:0.683069 
 sample_r:1.500000
r_px:1.366139 
 sample_r:2.500000
r_px:0.590589 
 sample_r:1.500000
r_px:1.181178 
 sample_r:2.500000
r_px:0.907042 
 sample_r:1.500000
r_px:1.814083 
 sample_r:2.500000
r_px:0.622287 
 sample_r:1.500000
r_px:1.244574 
 sample_r:2.500000
r_px:1.200365 
 sample_r:2.500000
r_px:2.400731 
 sample_r:3.500000
(7, 5, 5, 5)
r_px:0.865829 
 sample_r:1.500000
r_px:1.731659 
 sample_r:2.500000
r_px:0.757878 
 sample_r:1.500000
r_px:1.515757 
 sample_r:2.500000
r_px:0.660091 
 sample_r:1.500000
r_px:1.320183 
 sample_r:2.500000
r_px:1.697281 
 sample_r:2.500000
r_px:3.394562 
 sample_r:4.500000
r_px:0.660091 
 sample_r:1.500000
r_px:1.320183 
 sample_r:2.500000
r_px:0.806563 
 sample_r:1.500000
r_px:1.613125 
 sample_r:2.500000
r_px:0.622287 
 sample_r:1.500000
r_px:1.244574 
 sample_r:2.500000
r_px:0.839089 
 sample_r:1.500000
r_px:1.678178 
 sample_r:2.500000
r_px:0.625615 
 sample_r:1.500000
r_px:1.251230 
 sample_r:2.500000
r_px:0.773349 
 sample_r:1.500000
r_px:1.546699 
 sample_r:2.500000
r_px:0.586851 
 sample_r:1.500000
r_px:1.173702 
 sample_r:2.500000
r_px:1.279547 
 sample_r:2.500000
r_px:2.559095 
 sample_r:3.500000
r_px:0.792374 
 sample_r:1.500000
r_px:1.584748 
 sample_r:2.500000
r_px:0.622287 
 sample_r:1.500000
r_px:1.244574 
 sample_r:2.500000
r_px:0.864098 
 sample_r:1.500000
r_px:1.728195 
 sample_r:2.500000
r_px:0.773349 
 sample_r:1.500000
r_px:1.546699 
 sample_r:2.500000
r_px:0.810526 
 sample_r:1.500000
r_px:1.621052 
 sample_r:2.500000
r_px:0.865829 
 sample_r:1.500000
r_px:1.731659 
 sample_r:2.500000
r_px:0.660091 
 sample_r:1.500000
r_px:1.320183 
 sample_r:2.500000
r_px:0.995722 
 sample_r:1.500000
r_px:1.991444 
 sample_r:2.500000
r_px:0.657104 
 sample_r:1.500000
r_px:1.314209 
 sample_r:2.500000
r_px:0.660091 
 sample_r:1.500000
r_px:1.320183 
 sample_r:2.500000
r_px:2.369300 
 sample_r:3.500000
r_px:4.738601 
 sample_r:5.500000
(7, 5, 5, 5)
r_px:3.767704 
 sample_r:4.500000
r_px:7.535408 
 sample_r:8.500000
(7, 7, 7, 7)
r_px:0.764586 
 sample_r:1.500000
r_px:1.529171 
 sample_r:2.500000
r_px:0.707197 
 sample_r:1.500000
r_px:1.414395 
 sample_r:2.500000
(7, 3, 3, 3)
r_px:0.959111 
 sample_r:1.500000
r_px:1.918221 
 sample_r:2.500000
r_px:0.936025 
 sample_r:1.500000
r_px:1.872051 
 sample_r:2.500000
r_px:1.883441 
 sample_r:2.500000
r_px:3.766883 
 sample_r:4.500000
r_px:1.008621 
 sample_r:2.500000
r_px:2.017242 
 sample_r:3.500000
r_px:0.665985 
 sample_r:1.500000
r_px:1.331971 
 sample_r:2.500000
r_px:0.668894 
 sample_r:1.500000
r_px:1.337787 
 sample_r:2.500000
r_px:0.638585 
 sample_r:1.500000
r_px:1.277169 
 sample_r:2.500000
r_px:0.651048 
 sample_r:1.500000
r_px:1.302096 
 sample_r:2.500000
r_px:0.943361 
 sample_r:1.500000
r_px:1.886723 
 sample_r:2.500000
r_px:0.848190 
 sample_r:1.500000
r_px:1.696381 
 sample_r:2.500000
r_px:0.622287 
 sample_r:1.500000
r_px:1.244574 
 sample_r:2.500000
r_px:0.800543 
 sample_r:1.500000
r_px:1.601086 
 sample_r:2.500000
r_px:0.699339 
 sample_r:1.500000
r_px:1.398678 
 sample_r:2.500000
r_px:0.892642 
 sample_r:1.500000
r_px:1.785283 
 sample_r:2.500000
r_px:0.671777 
 sample_r:1.500000
r_px:1.343554 
 sample_r:2.500000
r_px:0.583065 
 sample_r:1.500000
r_px:1.166130 
 sample_r:2.500000
r_px:0.594280 
 sample_r:1.500000
r_px:1.188561 
 sample_r:2.500000
r_px:0.709778 
 sample_r:1.500000
r_px:1.419557 
 sample_r:2.500000
r_px:0.764586 
 sample_r:1.500000
r_px:1.529171 
 sample_r:2.500000
r_px:1.379883 
 sample_r:2.500000
r_px:2.759767 
 sample_r:3.500000
(7, 5, 5, 5)
(7, 5, 5, 5)
Loaded files
r_px:1.603105 
 sample_r:2.500000
r_px:3.206211 
 sample_r:4.500000
(7, 5, 5, 5)
r_px:1.163265 
 sample_r:2.500000
r_px:2.326529 
 sample_r:3.500000
(7, 5, 5, 5)
(7, 5, 5, 5)
r_px:1.618089 
 sample_r:2.500000
r_px:3.236177 
 sample_r:4.500000
(7, 5, 5, 5)
(7, 5, 5, 5)
r_px:0.865829 
 sample_r:1.500000
r_px:1.731659 
 sample_r:2.500000
r_px:0.688578 
 sample_r:1.500000
r_px:1.377156 
 sample_r:2.500000
r_px:0.651048 
 sample_r:1.500000
r_px:1.302096 
 sample_r:2.500000
r_px:0.660091 
 sample_r:1.500000
r_px:1.320183 
 sample_r:2.500000
r_px:0.709778 
 sample_r:1.500000
r_px:1.419557 
 sample_r:2.500000
r_px:0.855333 
 sample_r:1.500000
r_px:1.710667 
 sample_r:2.500000
r_px:1.095214 
 sample_r:2.500000
r_px:2.190428 
 sample_r:3.500000
r_px:0.586851 
 sample_r:1.500000
r_px:1.173702 
 sample_r:2.500000
r_px:0.963317 
 sample_r:1.500000
r_px:1.926635 
 sample_r:2.500000
r_px:0.753340 
 sample_r:1.500000
r_px:1.506680 
 sample_r:2.500000
r_px:0.641746 
 sample_r:1.500000
r_px:1.283492 
 sample_r:2.500000
r_px:0.665985 
 sample_r:1.500000
r_px:1.331971 
 sample_r:2.500000
r_px:0.961919 
 sample_r:1.500000
r_px:1.923838 
 sample_r:2.500000
r_px:0.790305 
 sample_r:1.500000
r_px:1.580610 
 sample_r:2.500000
r_px:0.628908 
 sample_r:1.500000
r_px:1.257815 
 sample_r:2.500000
r_px:0.764586 
 sample_r:1.500000
r_px:1.529171 
 sample_r:2.500000
r_px:0.644876 
 sample_r:1.500000
r_px:1.289753 
 sample_r:2.500000
(7, 5, 5, 5)
r_px:0.657104 
 sample_r:1.500000
r_px:1.314209 
 sample_r:2.500000
r_px:1.225894 
 sample_r:2.500000
r_px:2.451788 
 sample_r:3.500000
r_px:1.367525 
 sample_r:2.500000
r_px:2.735051 
 sample_r:3.500000
r_px:0.628908 
 sample_r:1.500000
r_px:1.257815 
 sample_r:2.500000
r_px:0.732207 
 sample_r:1.500000
r_px:1.464414 
 sample_r:2.500000
r_px:1.177452 
 sample_r:2.500000
r_px:2.354904 
 sample_r:3.500000
r_px:0.903881 
 sample_r:1.500000
r_px:1.807762 
 sample_r:2.500000
r_px:0.688578 
 sample_r:1.500000
r_px:1.377156 
 sample_r:2.500000
r_px:1.590402 
 sample_r:2.500000
r_px:3.180804 
 sample_r:4.500000
(7, 5, 5, 5)
(7, 5, 5, 5)
r_px:0.877762 
 sample_r:1.500000
r_px:1.755523 
 sample_r:2.500000
r_px:0.622287 
 sample_r:1.500000
r_px:1.244574 
 sample_r:2.500000
r_px:0.848190 
 sample_r:1.500000
r_px:1.696381 
 sample_r:2.500000
r_px:0.870983 
 sample_r:1.500000
r_px:1.741966 
 sample_r:2.500000
r_px:0.594280 
 sample_r:1.500000
r_px:1.188561 
 sample_r:2.500000
r_px:0.930073 
 sample_r:1.500000
r_px:1.860145 
 sample_r:2.500000
r_px:0.727342 
 sample_r:1.500000
r_px:1.454684 
 sample_r:2.500000
r_px:0.632166 
 sample_r:1.500000
r_px:1.264332 
 sample_r:2.500000
r_px:0.895882 
 sample_r:1.500000
r_px:1.791764 
 sample_r:2.500000
r_px:0.905464 
 sample_r:1.500000
r_px:1.810928 
 sample_r:2.500000
r_px:0.594280 
 sample_r:1.500000
r_px:1.188561 
 sample_r:2.500000
r_px:0.586851 
 sample_r:1.500000
r_px:1.173702 
 sample_r:2.500000
r_px:0.734616 
 sample_r:1.500000
r_px:1.469231 
 sample_r:2.500000
r_px:0.579229 
 sample_r:1.500000
r_px:1.158458 
 sample_r:2.500000
r_px:0.622287 
 sample_r:1.500000
r_px:1.244574 
 sample_r:2.500000
r_px:1.797396 
 sample_r:2.500000
r_px:3.594791 
 sample_r:4.500000
(7, 5, 5, 5)
(7, 9, 9, 9)
r_px:0.622287 
 sample_r:1.500000
r_px:1.244574 
 sample_r:2.500000
r_px:0.884437 
 sample_r:1.500000
r_px:1.768874 
 sample_r:2.500000
r_px:0.884437 
 sample_r:1.500000
r_px:1.768874 
 sample_r:2.500000
r_px:0.862359 
 sample_r:1.500000
r_px:1.724718 
 sample_r:2.500000
r_px:0.986489 
 sample_r:1.500000
r_px:1.972979 
 sample_r:2.500000
r_px:1.016205 
 sample_r:2.500000
r_px:2.032410 
 sample_r:3.500000
r_px:0.820269 
 sample_r:1.500000
r_px:1.640538 
 sample_r:2.500000
r_px:1.540173 
 sample_r:2.500000
r_px:3.080345 
 sample_r:4.500000
r_px:1.242899 
 sample_r:2.500000
r_px:2.485798 
 sample_r:3.500000
r_px:0.615522 
 sample_r:1.500000
r_px:1.231045 
 sample_r:2.500000
r_px:0.920998 
 sample_r:1.500000
r_px:1.841997 
 sample_r:2.500000
r_px:1.021199 
 sample_r:2.500000
r_px:2.042398 
 sample_r:3.500000
r_px:0.746428 
 sample_r:1.500000
r_px:1.492857 
 sample_r:2.500000
r_px:0.657104 
 sample_r:1.500000
r_px:1.314209 
 sample_r:2.500000
r_px:0.712341 
 sample_r:1.500000
r_px:1.424681 
 sample_r:2.500000
r_px:0.694000 
 sample_r:1.500000
r_px:1.388000 
 sample_r:2.500000
r_px:0.751050 
 sample_r:1.500000
r_px:1.502100 
 sample_r:2.500000
r_px:1.035894 
 sample_r:2.500000
r_px:2.071789 
 sample_r:3.500000
r_px:0.583065 
 sample_r:1.500000
r_px:1.166130 
 sample_r:2.500000
r_px:1.383954 
 sample_r:2.500000
r_px:2.767908 
 sample_r:3.500000
(7, 5, 5, 5)
(7, 5, 5, 5)
r_px:0.937502 
 sample_r:1.500000
r_px:1.875003 
 sample_r:2.500000
r_px:1.943588 
 sample_r:2.500000
r_px:3.887175 
 sample_r:4.500000
(7, 5, 5, 5)
r_px:0.638585 
 sample_r:1.500000
r_px:1.277169 
 sample_r:2.500000
r_px:0.986489 
 sample_r:1.500000
r_px:1.972979 
 sample_r:2.500000
r_px:0.876077 
 sample_r:1.500000
r_px:1.752154 
 sample_r:2.500000
r_px:0.644876 
 sample_r:1.500000
r_px:1.289753 
 sample_r:2.500000
r_px:0.954867 
 sample_r:1.500000
r_px:1.909734 
 sample_r:2.500000
r_px:1.114321 
 sample_r:2.500000
r_px:2.228641 
 sample_r:3.500000
r_px:0.719919 
 sample_r:1.500000
r_px:1.439839 
 sample_r:2.500000
r_px:0.583065 
 sample_r:1.500000
r_px:1.166130 
 sample_r:2.500000
r_px:1.046648 
 sample_r:2.500000
r_px:2.093297 
 sample_r:3.500000
r_px:0.822190 
 sample_r:1.500000
r_px:1.644380 
 sample_r:2.500000
r_px:1.573840 
 sample_r:2.500000
r_px:3.147679 
 sample_r:4.500000
r_px:2.072091 
 sample_r:3.500000
r_px:4.144181 
 sample_r:5.500000
r_px:2.090632 
 sample_r:3.500000
r_px:4.181265 
 sample_r:5.500000
r_px:0.737009 
 sample_r:1.500000
r_px:1.474017 
 sample_r:2.500000
r_px:1.733816 
 sample_r:2.500000
r_px:3.467632 
 sample_r:4.500000
(7, 5, 5, 5)
r_px:0.628908 
 sample_r:1.500000
r_px:1.257815 
 sample_r:2.500000
r_px:0.784032 
 sample_r:1.500000
r_px:1.568065 
 sample_r:2.500000
r_px:0.755616 
 sample_r:1.500000
r_px:1.511232 
 sample_r:2.500000
r_px:0.777658 
 sample_r:1.500000
r_px:1.555316 
 sample_r:2.500000
r_px:0.764586 
 sample_r:1.500000
r_px:1.529171 
 sample_r:2.500000
r_px:1.700423 
 sample_r:2.500000
r_px:3.400846 
 sample_r:4.500000
r_px:0.925558 
 sample_r:1.500000
r_px:1.851115 
 sample_r:2.500000
r_px:0.707197 
 sample_r:1.500000
r_px:1.414395 
 sample_r:2.500000
r_px:0.660091 
 sample_r:1.500000
r_px:1.320183 
 sample_r:2.500000
r_px:0.625615 
 sample_r:1.500000
r_px:1.251230 
 sample_r:2.500000
r_px:0.663051 
 sample_r:1.500000
r_px:1.326103 
 sample_r:2.500000
r_px:0.808549 
 sample_r:1.500000
r_px:1.617098 
 sample_r:2.500000
r_px:0.597926 
 sample_r:1.500000
r_px:1.195853 
 sample_r:2.500000
r_px:0.622287 
 sample_r:1.500000
r_px:1.244574 
 sample_r:2.500000
r_px:0.597926 
 sample_r:1.500000
r_px:1.195853 
 sample_r:2.500000
r_px:0.833532 
 sample_r:1.500000
r_px:1.667064 
 sample_r:2.500000
r_px:0.590589 
 sample_r:1.500000
r_px:1.181178 
 sample_r:2.500000
r_px:0.881112 
 sample_r:1.500000
r_px:1.762224 
 sample_r:2.500000
r_px:1.792973 
 sample_r:2.500000
r_px:3.585947 
 sample_r:4.500000
r_px:1.451001 
 sample_r:2.500000
r_px:2.902002 
 sample_r:3.500000
(7, 7, 7, 7)
(7, 7, 7, 7)
(7, 7, 7, 7)
(7, 5, 5, 5)
(7, 5, 5, 5)
r_px:0.748746 
 sample_r:1.500000
r_px:1.497493 
 sample_r:2.500000
r_px:0.677470 
 sample_r:1.500000
r_px:1.354940 
 sample_r:2.500000
r_px:0.590589 
 sample_r:1.500000
r_px:1.181178 
 sample_r:2.500000
r_px:0.762363 
 sample_r:1.500000
r_px:1.524726 
 sample_r:2.500000
r_px:2.568752 
 sample_r:3.500000
r_px:5.137504 
 sample_r:6.500000
r_px:1.471628 
 sample_r:2.500000
r_px:2.943256 
 sample_r:3.500000
r_px:1.264332 
 sample_r:2.500000
r_px:2.528665 
 sample_r:3.500000
r_px:0.579229 
 sample_r:1.500000
r_px:1.158458 
 sample_r:2.500000
r_px:0.674635 
 sample_r:1.500000
r_px:1.349271 
 sample_r:2.500000
r_px:1.086504 
 sample_r:2.500000
r_px:2.173008 
 sample_r:3.500000
r_px:0.701978 
 sample_r:1.500000
r_px:1.403956 
 sample_r:2.500000
r_px:1.435451 
 sample_r:2.500000
r_px:2.870902 
 sample_r:3.500000
r_px:0.858861 
 sample_r:1.500000
r_px:1.717721 
 sample_r:2.500000
r_px:0.579229 
 sample_r:1.500000
r_px:1.158458 
 sample_r:2.500000
r_px:1.117442 
 sample_r:2.500000
r_px:2.234884 
 sample_r:3.500000
r_px:0.618923 
 sample_r:1.500000
r_px:1.237846 
 sample_r:2.500000
r_px:0.936025 
 sample_r:1.500000
r_px:1.872051 
 sample_r:2.500000
r_px:1.364749 
 sample_r:2.500000
r_px:2.729497 
 sample_r:3.500000
r_px:0.800543 
 sample_r:1.500000
r_px:1.601086 
 sample_r:2.500000
r_px:0.671777 
 sample_r:1.500000
r_px:1.343554 
 sample_r:2.500000
r_px:0.654090 
 sample_r:1.500000
r_px:1.308180 
 sample_r:2.500000
r_px:0.618923 
 sample_r:1.500000
r_px:1.237846 
 sample_r:2.500000
r_px:0.748746 
 sample_r:1.500000
r_px:1.497493 
 sample_r:2.500000
r_px:0.858861 
 sample_r:1.500000
r_px:1.717721 
 sample_r:2.500000
r_px:0.979788 
 sample_r:1.500000
r_px:1.959575 
 sample_r:2.500000
r_px:1.892889 
 sample_r:2.500000
r_px:3.785779 
 sample_r:4.500000
(7, 5, 5, 5)
r_px:0.714885 
 sample_r:1.500000
r_px:1.429770 
 sample_r:2.500000
r_px:0.586851 
 sample_r:1.500000
r_px:1.173702 
 sample_r:2.500000
r_px:1.122606 
 sample_r:2.500000
r_px:2.245211 
 sample_r:3.500000
r_px:0.788225 
 sample_r:1.500000
r_px:1.576450 
 sample_r:2.500000
r_px:0.583065 
 sample_r:1.500000
r_px:1.166130 
 sample_r:2.500000
r_px:0.688578 
 sample_r:1.500000
r_px:1.377156 
 sample_r:2.500000
r_px:0.792374 
 sample_r:1.500000
r_px:1.584748 
 sample_r:2.500000
r_px:1.447917 
 sample_r:2.500000
r_px:2.895835 
 sample_r:3.500000
(7, 5, 5, 5)
r_px:4.239799 
 sample_r:5.500000
r_px:8.479598 
 sample_r:9.500000
(7, 11, 11, 11)
r_px:1.050184 
 sample_r:2.500000
r_px:2.100369 
 sample_r:3.500000
r_px:0.903881 
 sample_r:1.500000
r_px:1.807762 
 sample_r:2.500000
(7, 3, 3, 3)
r_px:0.719919 
 sample_r:1.500000
r_px:1.439839 
 sample_r:2.500000
r_px:0.605088 
 sample_r:1.500000
r_px:1.210176 
 sample_r:2.500000
r_px:0.855333 
 sample_r:1.500000
r_px:1.710667 
 sample_r:2.500000
r_px:1.919629 
 sample_r:2.500000
r_px:3.839258 
 sample_r:4.500000
(7, 7, 7, 7)
(7, 5, 5, 5)
r_px:1.017458 
 sample_r:2.500000
r_px:2.034916 
 sample_r:3.500000
(7, 5, 5, 5)
(7, 5, 5, 5)
r_px:0.946264 
 sample_r:1.500000
r_px:1.892528 
 sample_r:2.500000
(7, 3, 3, 3)
r_px:0.722411 
 sample_r:1.500000
r_px:1.444821 
 sample_r:2.500000
r_px:0.674635 
 sample_r:1.500000
r_px:1.349271 
 sample_r:2.500000
r_px:1.085406 
 sample_r:2.500000
r_px:2.170811 
 sample_r:3.500000
r_px:1.252056 
 sample_r:2.500000
r_px:2.504113 
 sample_r:3.500000
(7, 5, 5, 5)
r_px:1.147740 
 sample_r:2.500000
r_px:2.295479 
 sample_r:3.500000
(7, 5, 5, 5)
r_px:1.136817 
 sample_r:2.500000
r_px:2.273635 
 sample_r:3.500000
r_px:0.987819 
 sample_r:1.500000
r_px:1.975638 
 sample_r:2.500000
(7, 5, 5, 5)
r_px:0.781919 
 sample_r:1.500000
r_px:1.563838 
 sample_r:2.500000
r_px:0.950585 
 sample_r:1.500000
r_px:1.901170 
 sample_r:2.500000
r_px:0.701978 
 sample_r:1.500000
r_px:1.403956 
 sample_r:2.500000
(7, 3, 3, 3)
r_px:0.628908 
 sample_r:1.500000
r_px:1.257815 
 sample_r:2.500000
r_px:0.826005 
 sample_r:1.500000
r_px:1.652010 
 sample_r:2.500000
r_px:0.779794 
 sample_r:1.500000
r_px:1.559589 
 sample_r:2.500000
r_px:1.251230 
 sample_r:2.500000
r_px:2.502459 
 sample_r:3.500000
r_px:0.911741 
 sample_r:1.500000
r_px:1.823483 
 sample_r:2.500000
r_px:0.586851 
 sample_r:1.500000
r_px:1.173702 
 sample_r:2.500000
r_px:1.203951 
 sample_r:2.500000
r_px:2.407902 
 sample_r:3.500000
(7, 5, 5, 5)
r_px:0.674635 
 sample_r:1.500000
r_px:1.349271 
 sample_r:2.500000
r_px:1.143792 
 sample_r:2.500000
r_px:2.287584 
 sample_r:3.500000
r_px:0.826005 
 sample_r:1.500000
r_px:1.652010 
 sample_r:2.500000
r_px:1.128740 
 sample_r:2.500000
r_px:2.257481 
 sample_r:3.500000
r_px:0.628908 
 sample_r:1.500000
r_px:1.257815 
 sample_r:2.500000
r_px:0.933059 
 sample_r:1.500000
r_px:1.866117 
 sample_r:2.500000
r_px:0.707197 
 sample_r:1.500000
r_px:1.414395 
 sample_r:2.500000
r_px:0.729783 
 sample_r:1.500000
r_px:1.459565 
 sample_r:2.500000
r_px:0.694000 
 sample_r:1.500000
r_px:1.388000 
 sample_r:2.500000
r_px:0.699339 
 sample_r:1.500000
r_px:1.398678 
 sample_r:2.500000
r_px:0.632166 
 sample_r:1.500000
r_px:1.264332 
 sample_r:2.500000
r_px:0.741748 
 sample_r:1.500000
r_px:1.483497 
 sample_r:2.500000
r_px:0.712341 
 sample_r:1.500000
r_px:1.424681 
 sample_r:2.500000
r_px:0.979788 
 sample_r:1.500000
r_px:1.959575 
 sample_r:2.500000
r_px:0.786134 
 sample_r:1.500000
r_px:1.572269 
 sample_r:2.500000
r_px:0.671777 
 sample_r:1.500000
r_px:1.343554 
 sample_r:2.500000
r_px:0.654090 
 sample_r:1.500000
r_px:1.308180 
 sample_r:2.500000
r_px:0.579229 
 sample_r:1.500000
r_px:1.158458 
 sample_r:2.500000
r_px:0.601528 
 sample_r:1.500000
r_px:1.203057 
 sample_r:2.500000
r_px:1.068653 
 sample_r:2.500000
r_px:2.137306 
 sample_r:3.500000
(7, 5, 5, 5)
r_px:0.886090 
 sample_r:1.500000
r_px:1.772180 
 sample_r:2.500000
r_px:0.683069 
 sample_r:1.500000
r_px:1.366139 
 sample_r:2.500000
(7, 3, 3, 3)
r_px:1.076536 
 sample_r:2.500000
r_px:2.153072 
 sample_r:3.500000
(7, 5, 5, 5)
r_px:0.974359 
 sample_r:1.500000
r_px:1.948719 
 sample_r:2.500000
r_px:1.049008 
 sample_r:2.500000
r_px:2.098017 
 sample_r:3.500000
(7, 5, 5, 5)
(7, 5, 5, 5)
r_px:0.683069 
 sample_r:1.500000
r_px:1.366139 
 sample_r:2.500000
r_px:0.867554 
 sample_r:1.500000
r_px:1.735108 
 sample_r:2.500000
(7, 5, 5, 5)
(7, 5, 5, 5)
r_px:0.657104 
 sample_r:1.500000
r_px:1.314209 
 sample_r:2.500000
r_px:0.608606 
 sample_r:1.500000
r_px:1.217212 
 sample_r:2.500000
r_px:0.792374 
 sample_r:1.500000
r_px:1.584748 
 sample_r:2.500000
r_px:0.683069 
 sample_r:1.500000
r_px:1.366139 
 sample_r:2.500000
r_px:0.668894 
 sample_r:1.500000
r_px:1.337787 
 sample_r:2.500000
r_px:0.757878 
 sample_r:1.500000
r_px:1.515757 
 sample_r:2.500000
r_px:1.630853 
 sample_r:2.500000
r_px:3.261706 
 sample_r:4.500000
(7, 3, 3, 3)
(7, 5, 5, 5)
job done
