Running on 32 tasks
Skipping existing files
Redshift is 9.0
DM part mass in msun : 5.089030e+04
Getting halos and associated stars
I found 6 sets of dust absorpttion coefficients
looking for: /gpfs/alpine/proj-shared/ast031/jlewis/CoDaIII_analysis/assoc_stellar_peak_halos_42_ll_0p200/assoc_halos_42_ll_0p200
looking for: /gpfs/alpine/proj-shared/ast031/jlewis/CoDaIII_analysis/assoc_stellar_peak_halos_42_ll_0p200/assoc_halos_42_ll_0p200
looking for: /gpfs/alpine/proj-shared/ast031/jlewis/CoDaIII_analysis/assoc_stellar_peak_halos_42_ll_0p200/assoc_halos_42_ll_0p200
looking for: /gpfs/alpine/proj-shared/ast031/jlewis/CoDaIII_analysis/assoc_stellar_peak_halos_42_ll_0p200/assoc_halos_42_ll_0p200
looking for: /gpfs/alpine/proj-shared/ast031/jlewis/CoDaIII_analysis/assoc_stellar_peak_halos_42_ll_0p200/assoc_halos_42_ll_0p200
looking for: /gpfs/alpine/proj-shared/ast031/jlewis/CoDaIII_analysis/assoc_stellar_peak_halos_42_ll_0p200/assoc_halos_42_ll_0p200
looking for: /gpfs/alpine/proj-shared/ast031/jlewis/CoDaIII_analysis/assoc_stellar_peak_halos_42_ll_0p200/assoc_halos_42_ll_0p200
looking for: /gpfs/alpine/proj-shared/ast031/jlewis/CoDaIII_analysis/assoc_stellar_peak_halos_42_ll_0p200/assoc_halos_42_ll_0p200
looking for: /gpfs/alpine/proj-shared/ast031/jlewis/CoDaIII_analysis/assoc_stellar_peak_halos_42_ll_0p200/assoc_halos_42_ll_0p200
looking for: /gpfs/alpine/proj-shared/ast031/jlewis/CoDaIII_analysis/assoc_stellar_peak_halos_42_ll_0p200/assoc_halos_42_ll_0p200
looking for: /gpfs/alpine/proj-shared/ast031/jlewis/CoDaIII_analysis/assoc_stellar_peak_halos_42_ll_0p200/assoc_halos_42_ll_0p200
looking for: /gpfs/alpine/proj-shared/ast031/jlewis/CoDaIII_analysis/assoc_stellar_peak_halos_42_ll_0p200/assoc_halos_42_ll_0p200
looking for: /gpfs/alpine/proj-shared/ast031/jlewis/CoDaIII_analysis/assoc_stellar_peak_halos_42_ll_0p200/assoc_halos_42_ll_0p200
looking for: /gpfs/alpine/proj-shared/ast031/jlewis/CoDaIII_analysis/assoc_stellar_peak_halos_42_ll_0p200/assoc_halos_42_ll_0p200
looking for: /gpfs/alpine/proj-shared/ast031/jlewis/CoDaIII_analysis/assoc_stellar_peak_halos_42_ll_0p200/assoc_halos_42_ll_0p200
looking for: /gpfs/alpine/proj-shared/ast031/jlewis/CoDaIII_analysis/assoc_stellar_peak_halos_42_ll_0p200/assoc_halos_42_ll_0p200
looking for: /gpfs/alpine/proj-shared/ast031/jlewis/CoDaIII_analysis/assoc_stellar_peak_halos_42_ll_0p200/assoc_halos_42_ll_0p200
looking for: /gpfs/alpine/proj-shared/ast031/jlewis/CoDaIII_analysis/assoc_stellar_peak_halos_42_ll_0p200/assoc_halos_42_ll_0p200
looking for: /gpfs/alpine/proj-shared/ast031/jlewis/CoDaIII_analysis/assoc_stellar_peak_halos_42_ll_0p200/assoc_halos_42_ll_0p200
looking for: /gpfs/alpine/proj-shared/ast031/jlewis/CoDaIII_analysis/assoc_stellar_peak_halos_42_ll_0p200/assoc_halos_42_ll_0p200
looking for: /gpfs/alpine/proj-shared/ast031/jlewis/CoDaIII_analysis/assoc_stellar_peak_halos_42_ll_0p200/assoc_halos_42_ll_0p200
looking for: /gpfs/alpine/proj-shared/ast031/jlewis/CoDaIII_analysis/assoc_stellar_peak_halos_42_ll_0p200/assoc_halos_42_ll_0p200
looking for: /gpfs/alpine/proj-shared/ast031/jlewis/CoDaIII_analysis/assoc_stellar_peak_halos_42_ll_0p200/assoc_halos_42_ll_0p200
looking for: /gpfs/alpine/proj-shared/ast031/jlewis/CoDaIII_analysis/assoc_stellar_peak_halos_42_ll_0p200/assoc_halos_42_ll_0p200
looking for: /gpfs/alpine/proj-shared/ast031/jlewis/CoDaIII_analysis/assoc_stellar_peak_halos_42_ll_0p200/assoc_halos_42_ll_0p200
looking for: /gpfs/alpine/proj-shared/ast031/jlewis/CoDaIII_analysis/assoc_stellar_peak_halos_42_ll_0p200/assoc_halos_42_ll_0p200
looking for: /gpfs/alpine/proj-shared/ast031/jlewis/CoDaIII_analysis/assoc_stellar_peak_halos_42_ll_0p200/assoc_halos_42_ll_0p200
looking for: /gpfs/alpine/proj-shared/ast031/jlewis/CoDaIII_analysis/assoc_stellar_peak_halos_42_ll_0p200/assoc_halos_42_ll_0p200
looking for: /gpfs/alpine/proj-shared/ast031/jlewis/CoDaIII_analysis/assoc_stellar_peak_halos_42_ll_0p200/assoc_halos_42_ll_0p200
looking for: /gpfs/alpine/proj-shared/ast031/jlewis/CoDaIII_analysis/assoc_stellar_peak_halos_42_ll_0p200/assoc_halos_42_ll_0p200
looking for: /gpfs/alpine/proj-shared/ast031/jlewis/CoDaIII_analysis/assoc_stellar_peak_halos_42_ll_0p200/assoc_halos_42_ll_0p200
looking for: /gpfs/alpine/proj-shared/ast031/jlewis/CoDaIII_analysis/assoc_stellar_peak_halos_42_ll_0p200/assoc_halos_42_ll_0p200
Allocated data arrays
Loaded files
job done
