/ccs/home/jlewis/.bash_profile: line 1: .bashrc: No such file or directory
[andes36.olcf.ornl.gov:1713546] MCW rank 0 bound to socket 0[core 0[hwt 0]]: [B/././././././././././././././.][./././././././././././././././.]
[andes36.olcf.ornl.gov:1713546] MCW rank 1 bound to socket 0[core 8[hwt 0]]: [././././././././B/././././././.][./././././././././././././././.]
[andes36.olcf.ornl.gov:1713546] MCW rank 2 bound to socket 1[core 16[hwt 0]]: [./././././././././././././././.][B/././././././././././././././.]
[andes36.olcf.ornl.gov:1713546] MCW rank 3 bound to socket 1[core 24[hwt 0]]: [./././././././././././././././.][././././././././B/././././././.]
[andes36.olcf.ornl.gov:1713546] MCW rank 7 bound to socket 1[core 25[hwt 0]]: [./././././././././././././././.][./././././././././B/./././././.]
[andes36.olcf.ornl.gov:1713546] MCW rank 6 bound to socket 1[core 17[hwt 0]]: [./././././././././././././././.][./B/./././././././././././././.]
[andes36.olcf.ornl.gov:1713546] MCW rank 4 bound to socket 0[core 1[hwt 0]]: [./B/./././././././././././././.][./././././././././././././././.]
[andes36.olcf.ornl.gov:1713546] MCW rank 5 bound to socket 0[core 9[hwt 0]]: [./././././././././B/./././././.][./././././././././././././././.]
[andes36.olcf.ornl.gov:1713546] MCW rank 9 bound to socket 0[core 10[hwt 0]]: [././././././././././B/././././.][./././././././././././././././.]
[andes36.olcf.ornl.gov:1713546] MCW rank 8 bound to socket 0[core 2[hwt 0]]: [././B/././././././././././././.][./././././././././././././././.]
[andes36.olcf.ornl.gov:1713546] MCW rank 10 bound to socket 1[core 18[hwt 0]]: [./././././././././././././././.][././B/././././././././././././.]
[andes36.olcf.ornl.gov:1713546] MCW rank 11 bound to socket 1[core 26[hwt 0]]: [./././././././././././././././.][././././././././././B/././././.]
[andes36.olcf.ornl.gov:1713546] MCW rank 12 bound to socket 0[core 3[hwt 0]]: [./././B/./././././././././././.][./././././././././././././././.]
[andes36.olcf.ornl.gov:1713546] MCW rank 13 bound to socket 0[core 11[hwt 0]]: [./././././././././././B/./././.][./././././././././././././././.]
[andes36.olcf.ornl.gov:1713546] MCW rank 15 bound to socket 1[core 27[hwt 0]]: [./././././././././././././././.][./././././././././././B/./././.]
[andes36.olcf.ornl.gov:1713546] MCW rank 14 bound to socket 1[core 19[hwt 0]]: [./././././././././././././././.][./././B/./././././././././././.]
[andes36.olcf.ornl.gov:1713546] MCW rank 16 bound to socket 0[core 4[hwt 0]]: [././././B/././././././././././.][./././././././././././././././.]
[andes36.olcf.ornl.gov:1713546] MCW rank 19 bound to socket 1[core 28[hwt 0]]: [./././././././././././././././.][././././././././././././B/././.]
[andes36.olcf.ornl.gov:1713546] MCW rank 17 bound to socket 0[core 12[hwt 0]]: [././././././././././././B/././.][./././././././././././././././.]
[andes36.olcf.ornl.gov:1713546] MCW rank 18 bound to socket 1[core 20[hwt 0]]: [./././././././././././././././.][././././B/././././././././././.]
[andes36.olcf.ornl.gov:1713546] MCW rank 23 bound to socket 1[core 29[hwt 0]]: [./././././././././././././././.][./././././././././././././B/./.]
[andes36.olcf.ornl.gov:1713546] MCW rank 20 bound to socket 0[core 5[hwt 0]]: [./././././B/./././././././././.][./././././././././././././././.]
[andes36.olcf.ornl.gov:1713546] MCW rank 22 bound to socket 1[core 21[hwt 0]]: [./././././././././././././././.][./././././B/./././././././././.]
[andes36.olcf.ornl.gov:1713546] MCW rank 21 bound to socket 0[core 13[hwt 0]]: [./././././././././././././B/./.][./././././././././././././././.]
[andes36.olcf.ornl.gov:1713546] MCW rank 27 bound to socket 1[core 30[hwt 0]]: [./././././././././././././././.][././././././././././././././B/.]
[andes36.olcf.ornl.gov:1713546] MCW rank 26 bound to socket 1[core 22[hwt 0]]: [./././././././././././././././.][././././././B/././././././././.]
[andes36.olcf.ornl.gov:1713546] MCW rank 24 bound to socket 0[core 6[hwt 0]]: [././././././B/././././././././.][./././././././././././././././.]
[andes36.olcf.ornl.gov:1713546] MCW rank 25 bound to socket 0[core 14[hwt 0]]: [././././././././././././././B/.][./././././././././././././././.]
[andes36.olcf.ornl.gov:1713546] MCW rank 31 bound to socket 1[core 31[hwt 0]]: [./././././././././././././././.][./././././././././././././././B]
[andes36.olcf.ornl.gov:1713546] MCW rank 30 bound to socket 1[core 23[hwt 0]]: [./././././././././././././././.][./././././././B/./././././././.]
[andes36.olcf.ornl.gov:1713546] MCW rank 28 bound to socket 0[core 7[hwt 0]]: [./././././././B/./././././././.][./././././././././././././././.]
[andes36.olcf.ornl.gov:1713546] MCW rank 29 bound to socket 0[core 15[hwt 0]]: [./././././././././././././././B][./././././././././././././././.]
[andes36.olcf.ornl.gov:1714461] MCW rank 0 bound to socket 0[core 0[hwt 0]]: [B/././././././././././././././.][./././././././././././././././.]
[andes36.olcf.ornl.gov:1714461] MCW rank 1 bound to socket 0[core 8[hwt 0]]: [././././././././B/././././././.][./././././././././././././././.]
[andes36.olcf.ornl.gov:1714461] MCW rank 2 bound to socket 1[core 16[hwt 0]]: [./././././././././././././././.][B/././././././././././././././.]
[andes36.olcf.ornl.gov:1714461] MCW rank 3 bound to socket 1[core 24[hwt 0]]: [./././././././././././././././.][././././././././B/././././././.]
[andes36.olcf.ornl.gov:1714461] MCW rank 4 bound to socket 0[core 1[hwt 0]]: [./B/./././././././././././././.][./././././././././././././././.]
[andes36.olcf.ornl.gov:1714461] MCW rank 7 bound to socket 1[core 25[hwt 0]]: [./././././././././././././././.][./././././././././B/./././././.]
[andes36.olcf.ornl.gov:1714461] MCW rank 6 bound to socket 1[core 17[hwt 0]]: [./././././././././././././././.][./B/./././././././././././././.]
[andes36.olcf.ornl.gov:1714461] MCW rank 5 bound to socket 0[core 9[hwt 0]]: [./././././././././B/./././././.][./././././././././././././././.]
[andes36.olcf.ornl.gov:1714461] MCW rank 8 bound to socket 0[core 2[hwt 0]]: [././B/././././././././././././.][./././././././././././././././.]
[andes36.olcf.ornl.gov:1714461] MCW rank 11 bound to socket 1[core 26[hwt 0]]: [./././././././././././././././.][././././././././././B/././././.]
[andes36.olcf.ornl.gov:1714461] MCW rank 12 bound to socket 0[core 3[hwt 0]]: [./././B/./././././././././././.][./././././././././././././././.]
[andes36.olcf.ornl.gov:1714461] MCW rank 15 bound to socket 1[core 27[hwt 0]]: [./././././././././././././././.][./././././././././././B/./././.]
[andes36.olcf.ornl.gov:1714461] MCW rank 10 bound to socket 1[core 18[hwt 0]]: [./././././././././././././././.][././B/././././././././././././.]
[andes36.olcf.ornl.gov:1714461] MCW rank 9 bound to socket 0[core 10[hwt 0]]: [././././././././././B/././././.][./././././././././././././././.]
[andes36.olcf.ornl.gov:1714461] MCW rank 14 bound to socket 1[core 19[hwt 0]]: [./././././././././././././././.][./././B/./././././././././././.]
[andes36.olcf.ornl.gov:1714461] MCW rank 16 bound to socket 0[core 4[hwt 0]]: [././././B/././././././././././.][./././././././././././././././.]
[andes36.olcf.ornl.gov:1714461] MCW rank 13 bound to socket 0[core 11[hwt 0]]: [./././././././././././B/./././.][./././././././././././././././.]
[andes36.olcf.ornl.gov:1714461] MCW rank 19 bound to socket 1[core 28[hwt 0]]: [./././././././././././././././.][././././././././././././B/././.]
[andes36.olcf.ornl.gov:1714461] MCW rank 20 bound to socket 0[core 5[hwt 0]]: [./././././B/./././././././././.][./././././././././././././././.]
[andes36.olcf.ornl.gov:1714461] MCW rank 18 bound to socket 1[core 20[hwt 0]]: [./././././././././././././././.][././././B/././././././././././.]
[andes36.olcf.ornl.gov:1714461] MCW rank 23 bound to socket 1[core 29[hwt 0]]: [./././././././././././././././.][./././././././././././././B/./.]
[andes36.olcf.ornl.gov:1714461] MCW rank 22 bound to socket 1[core 21[hwt 0]]: [./././././././././././././././.][./././././B/./././././././././.]
[andes36.olcf.ornl.gov:1714461] MCW rank 17 bound to socket 0[core 12[hwt 0]]: [././././././././././././B/././.][./././././././././././././././.]
[andes36.olcf.ornl.gov:1714461] MCW rank 24 bound to socket 0[core 6[hwt 0]]: [././././././B/././././././././.][./././././././././././././././.]
[andes36.olcf.ornl.gov:1714461] MCW rank 21 bound to socket 0[core 13[hwt 0]]: [./././././././././././././B/./.][./././././././././././././././.]
[andes36.olcf.ornl.gov:1714461] MCW rank 27 bound to socket 1[core 30[hwt 0]]: [./././././././././././././././.][././././././././././././././B/.]
[andes36.olcf.ornl.gov:1714461] MCW rank 28 bound to socket 0[core 7[hwt 0]]: [./././././././B/./././././././.][./././././././././././././././.]
[andes36.olcf.ornl.gov:1714461] MCW rank 25 bound to socket 0[core 14[hwt 0]]: [././././././././././././././B/.][./././././././././././././././.]
[andes36.olcf.ornl.gov:1714461] MCW rank 31 bound to socket 1[core 31[hwt 0]]: [./././././././././././././././.][./././././././././././././././B]
[andes36.olcf.ornl.gov:1714461] MCW rank 26 bound to socket 1[core 22[hwt 0]]: [./././././././././././././././.][././././././B/././././././././.]
[andes36.olcf.ornl.gov:1714461] MCW rank 30 bound to socket 1[core 23[hwt 0]]: [./././././././././././././././.][./././././././B/./././././././.]
[andes36.olcf.ornl.gov:1714461] MCW rank 29 bound to socket 0[core 15[hwt 0]]: [./././././././././././././././B][./././././././././././././././.]
[andes36.olcf.ornl.gov:1714807] MCW rank 0 bound to socket 0[core 0[hwt 0]]: [B/././././././././././././././.][./././././././././././././././.]
[andes36.olcf.ornl.gov:1714807] MCW rank 1 bound to socket 0[core 8[hwt 0]]: [././././././././B/././././././.][./././././././././././././././.]
[andes36.olcf.ornl.gov:1714807] MCW rank 2 bound to socket 1[core 16[hwt 0]]: [./././././././././././././././.][B/././././././././././././././.]
[andes36.olcf.ornl.gov:1714807] MCW rank 3 bound to socket 1[core 24[hwt 0]]: [./././././././././././././././.][././././././././B/././././././.]
[andes36.olcf.ornl.gov:1714807] MCW rank 4 bound to socket 0[core 1[hwt 0]]: [./B/./././././././././././././.][./././././././././././././././.]
[andes36.olcf.ornl.gov:1714807] MCW rank 5 bound to socket 0[core 9[hwt 0]]: [./././././././././B/./././././.][./././././././././././././././.]
[andes36.olcf.ornl.gov:1714807] MCW rank 7 bound to socket 1[core 25[hwt 0]]: [./././././././././././././././.][./././././././././B/./././././.]
[andes36.olcf.ornl.gov:1714807] MCW rank 6 bound to socket 1[core 17[hwt 0]]: [./././././././././././././././.][./B/./././././././././././././.]
[andes36.olcf.ornl.gov:1714807] MCW rank 8 bound to socket 0[core 2[hwt 0]]: [././B/././././././././././././.][./././././././././././././././.]
[andes36.olcf.ornl.gov:1714807] MCW rank 9 bound to socket 0[core 10[hwt 0]]: [././././././././././B/././././.][./././././././././././././././.]
[andes36.olcf.ornl.gov:1714807] MCW rank 12 bound to socket 0[core 3[hwt 0]]: [./././B/./././././././././././.][./././././././././././././././.]
[andes36.olcf.ornl.gov:1714807] MCW rank 10 bound to socket 1[core 18[hwt 0]]: [./././././././././././././././.][././B/././././././././././././.]
[andes36.olcf.ornl.gov:1714807] MCW rank 11 bound to socket 1[core 26[hwt 0]]: [./././././././././././././././.][././././././././././B/././././.]
[andes36.olcf.ornl.gov:1714807] MCW rank 13 bound to socket 0[core 11[hwt 0]]: [./././././././././././B/./././.][./././././././././././././././.]
[andes36.olcf.ornl.gov:1714807] MCW rank 14 bound to socket 1[core 19[hwt 0]]: [./././././././././././././././.][./././B/./././././././././././.]
[andes36.olcf.ornl.gov:1714807] MCW rank 15 bound to socket 1[core 27[hwt 0]]: [./././././././././././././././.][./././././././././././B/./././.]
[andes36.olcf.ornl.gov:1714807] MCW rank 16 bound to socket 0[core 4[hwt 0]]: [././././B/././././././././././.][./././././././././././././././.]
[andes36.olcf.ornl.gov:1714807] MCW rank 17 bound to socket 0[core 12[hwt 0]]: [././././././././././././B/././.][./././././././././././././././.]
[andes36.olcf.ornl.gov:1714807] MCW rank 19 bound to socket 1[core 28[hwt 0]]: [./././././././././././././././.][././././././././././././B/././.]
[andes36.olcf.ornl.gov:1714807] MCW rank 20 bound to socket 0[core 5[hwt 0]]: [./././././B/./././././././././.][./././././././././././././././.]
[andes36.olcf.ornl.gov:1714807] MCW rank 18 bound to socket 1[core 20[hwt 0]]: [./././././././././././././././.][././././B/././././././././././.]
[andes36.olcf.ornl.gov:1714807] MCW rank 23 bound to socket 1[core 29[hwt 0]]: [./././././././././././././././.][./././././././././././././B/./.]
[andes36.olcf.ornl.gov:1714807] MCW rank 21 bound to socket 0[core 13[hwt 0]]: [./././././././././././././B/./.][./././././././././././././././.]
[andes36.olcf.ornl.gov:1714807] MCW rank 22 bound to socket 1[core 21[hwt 0]]: [./././././././././././././././.][./././././B/./././././././././.]
[andes36.olcf.ornl.gov:1714807] MCW rank 24 bound to socket 0[core 6[hwt 0]]: [././././././B/././././././././.][./././././././././././././././.]
[andes36.olcf.ornl.gov:1714807] MCW rank 26 bound to socket 1[core 22[hwt 0]]: [./././././././././././././././.][././././././B/././././././././.]
[andes36.olcf.ornl.gov:1714807] MCW rank 25 bound to socket 0[core 14[hwt 0]]: [././././././././././././././B/.][./././././././././././././././.]
[andes36.olcf.ornl.gov:1714807] MCW rank 27 bound to socket 1[core 30[hwt 0]]: [./././././././././././././././.][././././././././././././././B/.]
[andes36.olcf.ornl.gov:1714807] MCW rank 28 bound to socket 0[core 7[hwt 0]]: [./././././././B/./././././././.][./././././././././././././././.]
[andes36.olcf.ornl.gov:1714807] MCW rank 30 bound to socket 1[core 23[hwt 0]]: [./././././././././././././././.][./././././././B/./././././././.]
[andes36.olcf.ornl.gov:1714807] MCW rank 31 bound to socket 1[core 31[hwt 0]]: [./././././././././././././././.][./././././././././././././././B]
[andes36.olcf.ornl.gov:1714807] MCW rank 29 bound to socket 0[core 15[hwt 0]]: [./././././././././././././././B][./././././././././././././././.]
[andes36.olcf.ornl.gov:1715487] MCW rank 0 bound to socket 0[core 0[hwt 0]]: [B/././././././././././././././.][./././././././././././././././.]
[andes36.olcf.ornl.gov:1715487] MCW rank 1 bound to socket 0[core 8[hwt 0]]: [././././././././B/././././././.][./././././././././././././././.]
[andes36.olcf.ornl.gov:1715487] MCW rank 2 bound to socket 1[core 16[hwt 0]]: [./././././././././././././././.][B/././././././././././././././.]
[andes36.olcf.ornl.gov:1715487] MCW rank 3 bound to socket 1[core 24[hwt 0]]: [./././././././././././././././.][././././././././B/././././././.]
[andes36.olcf.ornl.gov:1715487] MCW rank 4 bound to socket 0[core 1[hwt 0]]: [./B/./././././././././././././.][./././././././././././././././.]
[andes36.olcf.ornl.gov:1715487] MCW rank 5 bound to socket 0[core 9[hwt 0]]: [./././././././././B/./././././.][./././././././././././././././.]
[andes36.olcf.ornl.gov:1715487] MCW rank 7 bound to socket 1[core 25[hwt 0]]: [./././././././././././././././.][./././././././././B/./././././.]
[andes36.olcf.ornl.gov:1715487] MCW rank 6 bound to socket 1[core 17[hwt 0]]: [./././././././././././././././.][./B/./././././././././././././.]
[andes36.olcf.ornl.gov:1715487] MCW rank 9 bound to socket 0[core 10[hwt 0]]: [././././././././././B/././././.][./././././././././././././././.]
[andes36.olcf.ornl.gov:1715487] MCW rank 8 bound to socket 0[core 2[hwt 0]]: [././B/././././././././././././.][./././././././././././././././.]
[andes36.olcf.ornl.gov:1715487] MCW rank 13 bound to socket 0[core 11[hwt 0]]: [./././././././././././B/./././.][./././././././././././././././.]
[andes36.olcf.ornl.gov:1715487] MCW rank 11 bound to socket 1[core 26[hwt 0]]: [./././././././././././././././.][././././././././././B/././././.]
[andes36.olcf.ornl.gov:1715487] MCW rank 10 bound to socket 1[core 18[hwt 0]]: [./././././././././././././././.][././B/././././././././././././.]
[andes36.olcf.ornl.gov:1715487] MCW rank 12 bound to socket 0[core 3[hwt 0]]: [./././B/./././././././././././.][./././././././././././././././.]
[andes36.olcf.ornl.gov:1715487] MCW rank 15 bound to socket 1[core 27[hwt 0]]: [./././././././././././././././.][./././././././././././B/./././.]
[andes36.olcf.ornl.gov:1715487] MCW rank 17 bound to socket 0[core 12[hwt 0]]: [././././././././././././B/././.][./././././././././././././././.]
[andes36.olcf.ornl.gov:1715487] MCW rank 14 bound to socket 1[core 19[hwt 0]]: [./././././././././././././././.][./././B/./././././././././././.]
[andes36.olcf.ornl.gov:1715487] MCW rank 21 bound to socket 0[core 13[hwt 0]]: [./././././././././././././B/./.][./././././././././././././././.]
[andes36.olcf.ornl.gov:1715487] MCW rank 16 bound to socket 0[core 4[hwt 0]]: [././././B/././././././././././.][./././././././././././././././.]
[andes36.olcf.ornl.gov:1715487] MCW rank 19 bound to socket 1[core 28[hwt 0]]: [./././././././././././././././.][././././././././././././B/././.]
[andes36.olcf.ornl.gov:1715487] MCW rank 18 bound to socket 1[core 20[hwt 0]]: [./././././././././././././././.][././././B/././././././././././.]
[andes36.olcf.ornl.gov:1715487] MCW rank 23 bound to socket 1[core 29[hwt 0]]: [./././././././././././././././.][./././././././././././././B/./.]
[andes36.olcf.ornl.gov:1715487] MCW rank 25 bound to socket 0[core 14[hwt 0]]: [././././././././././././././B/.][./././././././././././././././.]
[andes36.olcf.ornl.gov:1715487] MCW rank 20 bound to socket 0[core 5[hwt 0]]: [./././././B/./././././././././.][./././././././././././././././.]
[andes36.olcf.ornl.gov:1715487] MCW rank 22 bound to socket 1[core 21[hwt 0]]: [./././././././././././././././.][./././././B/./././././././././.]
[andes36.olcf.ornl.gov:1715487] MCW rank 29 bound to socket 0[core 15[hwt 0]]: [./././././././././././././././B][./././././././././././././././.]
[andes36.olcf.ornl.gov:1715487] MCW rank 26 bound to socket 1[core 22[hwt 0]]: [./././././././././././././././.][././././././B/././././././././.]
[andes36.olcf.ornl.gov:1715487] MCW rank 27 bound to socket 1[core 30[hwt 0]]: [./././././././././././././././.][././././././././././././././B/.]
[andes36.olcf.ornl.gov:1715487] MCW rank 31 bound to socket 1[core 31[hwt 0]]: [./././././././././././././././.][./././././././././././././././B]
[andes36.olcf.ornl.gov:1715487] MCW rank 24 bound to socket 0[core 6[hwt 0]]: [././././././B/././././././././.][./././././././././././././././.]
[andes36.olcf.ornl.gov:1715487] MCW rank 30 bound to socket 1[core 23[hwt 0]]: [./././././././././././././././.][./././././././B/./././././././.]
[andes36.olcf.ornl.gov:1715487] MCW rank 28 bound to socket 0[core 7[hwt 0]]: [./././././././B/./././././././.][./././././././././././././././.]
[andes36.olcf.ornl.gov:1716190] MCW rank 0 bound to socket 0[core 0[hwt 0]]: [B/././././././././././././././.][./././././././././././././././.]
[andes36.olcf.ornl.gov:1716190] MCW rank 1 bound to socket 0[core 8[hwt 0]]: [././././././././B/././././././.][./././././././././././././././.]
[andes36.olcf.ornl.gov:1716190] MCW rank 2 bound to socket 1[core 16[hwt 0]]: [./././././././././././././././.][B/././././././././././././././.]
[andes36.olcf.ornl.gov:1716190] MCW rank 3 bound to socket 1[core 24[hwt 0]]: [./././././././././././././././.][././././././././B/././././././.]
[andes36.olcf.ornl.gov:1716190] MCW rank 4 bound to socket 0[core 1[hwt 0]]: [./B/./././././././././././././.][./././././././././././././././.]
[andes36.olcf.ornl.gov:1716190] MCW rank 6 bound to socket 1[core 17[hwt 0]]: [./././././././././././././././.][./B/./././././././././././././.]
[andes36.olcf.ornl.gov:1716190] MCW rank 7 bound to socket 1[core 25[hwt 0]]: [./././././././././././././././.][./././././././././B/./././././.]
[andes36.olcf.ornl.gov:1716190] MCW rank 5 bound to socket 0[core 9[hwt 0]]: [./././././././././B/./././././.][./././././././././././././././.]
[andes36.olcf.ornl.gov:1716190] MCW rank 10 bound to socket 1[core 18[hwt 0]]: [./././././././././././././././.][././B/././././././././././././.]
[andes36.olcf.ornl.gov:1716190] MCW rank 8 bound to socket 0[core 2[hwt 0]]: [././B/././././././././././././.][./././././././././././././././.]
[andes36.olcf.ornl.gov:1716190] MCW rank 11 bound to socket 1[core 26[hwt 0]]: [./././././././././././././././.][././././././././././B/././././.]
[andes36.olcf.ornl.gov:1716190] MCW rank 9 bound to socket 0[core 10[hwt 0]]: [././././././././././B/././././.][./././././././././././././././.]
[andes36.olcf.ornl.gov:1716190] MCW rank 14 bound to socket 1[core 19[hwt 0]]: [./././././././././././././././.][./././B/./././././././././././.]
[andes36.olcf.ornl.gov:1716190] MCW rank 12 bound to socket 0[core 3[hwt 0]]: [./././B/./././././././././././.][./././././././././././././././.]
[andes36.olcf.ornl.gov:1716190] MCW rank 13 bound to socket 0[core 11[hwt 0]]: [./././././././././././B/./././.][./././././././././././././././.]
[andes36.olcf.ornl.gov:1716190] MCW rank 15 bound to socket 1[core 27[hwt 0]]: [./././././././././././././././.][./././././././././././B/./././.]
[andes36.olcf.ornl.gov:1716190] MCW rank 16 bound to socket 0[core 4[hwt 0]]: [././././B/././././././././././.][./././././././././././././././.]
[andes36.olcf.ornl.gov:1716190] MCW rank 18 bound to socket 1[core 20[hwt 0]]: [./././././././././././././././.][././././B/././././././././././.]
[andes36.olcf.ornl.gov:1716190] MCW rank 19 bound to socket 1[core 28[hwt 0]]: [./././././././././././././././.][././././././././././././B/././.]
[andes36.olcf.ornl.gov:1716190] MCW rank 20 bound to socket 0[core 5[hwt 0]]: [./././././B/./././././././././.][./././././././././././././././.]
[andes36.olcf.ornl.gov:1716190] MCW rank 22 bound to socket 1[core 21[hwt 0]]: [./././././././././././././././.][./././././B/./././././././././.]
[andes36.olcf.ornl.gov:1716190] MCW rank 17 bound to socket 0[core 12[hwt 0]]: [././././././././././././B/././.][./././././././././././././././.]
[andes36.olcf.ornl.gov:1716190] MCW rank 23 bound to socket 1[core 29[hwt 0]]: [./././././././././././././././.][./././././././././././././B/./.]
[andes36.olcf.ornl.gov:1716190] MCW rank 21 bound to socket 0[core 13[hwt 0]]: [./././././././././././././B/./.][./././././././././././././././.]
[andes36.olcf.ornl.gov:1716190] MCW rank 24 bound to socket 0[core 6[hwt 0]]: [././././././B/././././././././.][./././././././././././././././.]
[andes36.olcf.ornl.gov:1716190] MCW rank 26 bound to socket 1[core 22[hwt 0]]: [./././././././././././././././.][././././././B/././././././././.]
[andes36.olcf.ornl.gov:1716190] MCW rank 27 bound to socket 1[core 30[hwt 0]]: [./././././././././././././././.][././././././././././././././B/.]
[andes36.olcf.ornl.gov:1716190] MCW rank 25 bound to socket 0[core 14[hwt 0]]: [././././././././././././././B/.][./././././././././././././././.]
[andes36.olcf.ornl.gov:1716190] MCW rank 28 bound to socket 0[core 7[hwt 0]]: [./././././././B/./././././././.][./././././././././././././././.]
[andes36.olcf.ornl.gov:1716190] MCW rank 31 bound to socket 1[core 31[hwt 0]]: [./././././././././././././././.][./././././././././././././././B]
[andes36.olcf.ornl.gov:1716190] MCW rank 29 bound to socket 0[core 15[hwt 0]]: [./././././././././././././././B][./././././././././././././././.]
[andes36.olcf.ornl.gov:1716190] MCW rank 30 bound to socket 1[core 23[hwt 0]]: [./././././././././././././././.][./././././././B/./././././././.]
[andes36.olcf.ornl.gov:1716845] MCW rank 0 bound to socket 0[core 0[hwt 0]]: [B/././././././././././././././.][./././././././././././././././.]
[andes36.olcf.ornl.gov:1716845] MCW rank 1 bound to socket 0[core 8[hwt 0]]: [././././././././B/././././././.][./././././././././././././././.]
[andes36.olcf.ornl.gov:1716845] MCW rank 2 bound to socket 1[core 16[hwt 0]]: [./././././././././././././././.][B/././././././././././././././.]
[andes36.olcf.ornl.gov:1716845] MCW rank 3 bound to socket 1[core 24[hwt 0]]: [./././././././././././././././.][././././././././B/././././././.]
[andes36.olcf.ornl.gov:1716845] MCW rank 6 bound to socket 1[core 17[hwt 0]]: [./././././././././././././././.][./B/./././././././././././././.]
[andes36.olcf.ornl.gov:1716845] MCW rank 5 bound to socket 0[core 9[hwt 0]]: [./././././././././B/./././././.][./././././././././././././././.]
[andes36.olcf.ornl.gov:1716845] MCW rank 4 bound to socket 0[core 1[hwt 0]]: [./B/./././././././././././././.][./././././././././././././././.]
[andes36.olcf.ornl.gov:1716845] MCW rank 7 bound to socket 1[core 25[hwt 0]]: [./././././././././././././././.][./././././././././B/./././././.]
[andes36.olcf.ornl.gov:1716845] MCW rank 10 bound to socket 1[core 18[hwt 0]]: [./././././././././././././././.][././B/././././././././././././.]
[andes36.olcf.ornl.gov:1716845] MCW rank 9 bound to socket 0[core 10[hwt 0]]: [././././././././././B/././././.][./././././././././././././././.]
[andes36.olcf.ornl.gov:1716845] MCW rank 14 bound to socket 1[core 19[hwt 0]]: [./././././././././././././././.][./././B/./././././././././././.]
[andes36.olcf.ornl.gov:1716845] MCW rank 8 bound to socket 0[core 2[hwt 0]]: [././B/././././././././././././.][./././././././././././././././.]
[andes36.olcf.ornl.gov:1716845] MCW rank 11 bound to socket 1[core 26[hwt 0]]: [./././././././././././././././.][././././././././././B/././././.]
[andes36.olcf.ornl.gov:1716845] MCW rank 18 bound to socket 1[core 20[hwt 0]]: [./././././././././././././././.][././././B/././././././././././.]
[andes36.olcf.ornl.gov:1716845] MCW rank 13 bound to socket 0[core 11[hwt 0]]: [./././././././././././B/./././.][./././././././././././././././.]
[andes36.olcf.ornl.gov:1716845] MCW rank 12 bound to socket 0[core 3[hwt 0]]: [./././B/./././././././././././.][./././././././././././././././.]
[andes36.olcf.ornl.gov:1716845] MCW rank 15 bound to socket 1[core 27[hwt 0]]: [./././././././././././././././.][./././././././././././B/./././.]
[andes36.olcf.ornl.gov:1716845] MCW rank 17 bound to socket 0[core 12[hwt 0]]: [././././././././././././B/././.][./././././././././././././././.]
[andes36.olcf.ornl.gov:1716845] MCW rank 22 bound to socket 1[core 21[hwt 0]]: [./././././././././././././././.][./././././B/./././././././././.]
[andes36.olcf.ornl.gov:1716845] MCW rank 16 bound to socket 0[core 4[hwt 0]]: [././././B/././././././././././.][./././././././././././././././.]
[andes36.olcf.ornl.gov:1716845] MCW rank 26 bound to socket 1[core 22[hwt 0]]: [./././././././././././././././.][././././././B/././././././././.]
[andes36.olcf.ornl.gov:1716845] MCW rank 21 bound to socket 0[core 13[hwt 0]]: [./././././././././././././B/./.][./././././././././././././././.]
[andes36.olcf.ornl.gov:1716845] MCW rank 19 bound to socket 1[core 28[hwt 0]]: [./././././././././././././././.][././././././././././././B/././.]
[andes36.olcf.ornl.gov:1716845] MCW rank 20 bound to socket 0[core 5[hwt 0]]: [./././././B/./././././././././.][./././././././././././././././.]
[andes36.olcf.ornl.gov:1716845] MCW rank 30 bound to socket 1[core 23[hwt 0]]: [./././././././././././././././.][./././././././B/./././././././.]
[andes36.olcf.ornl.gov:1716845] MCW rank 23 bound to socket 1[core 29[hwt 0]]: [./././././././././././././././.][./././././././././././././B/./.]
[andes36.olcf.ornl.gov:1716845] MCW rank 25 bound to socket 0[core 14[hwt 0]]: [././././././././././././././B/.][./././././././././././././././.]
[andes36.olcf.ornl.gov:1716845] MCW rank 24 bound to socket 0[core 6[hwt 0]]: [././././././B/././././././././.][./././././././././././././././.]
[andes36.olcf.ornl.gov:1716845] MCW rank 29 bound to socket 0[core 15[hwt 0]]: [./././././././././././././././B][./././././././././././././././.]
[andes36.olcf.ornl.gov:1716845] MCW rank 27 bound to socket 1[core 30[hwt 0]]: [./././././././././././././././.][././././././././././././././B/.]
[andes36.olcf.ornl.gov:1716845] MCW rank 31 bound to socket 1[core 31[hwt 0]]: [./././././././././././././././.][./././././././././././././././B]
[andes36.olcf.ornl.gov:1716845] MCW rank 28 bound to socket 0[core 7[hwt 0]]: [./././././././B/./././././././.][./././././././././././././././.]
