Running on 32 tasks
Skipping existing files
Redshift is 9.0
DM part mass in msun : 5.089030e+04
Getting halos and associated stars
I found 6 sets of dust absorpttion coefficients
looking for: /gpfs/alpine/proj-shared/ast031/jlewis/CoDaIII_analysis/assoc_stellar_peak_halos_42_ll_0p200_2xr200/assoc_halos_42_ll_0p200_2xr200
looking for: /gpfs/alpine/proj-shared/ast031/jlewis/CoDaIII_analysis/assoc_stellar_peak_halos_42_ll_0p200_2xr200/assoc_halos_42_ll_0p200_2xr200
looking for: /gpfs/alpine/proj-shared/ast031/jlewis/CoDaIII_analysis/assoc_stellar_peak_halos_42_ll_0p200_2xr200/assoc_halos_42_ll_0p200_2xr200
looking for: /gpfs/alpine/proj-shared/ast031/jlewis/CoDaIII_analysis/assoc_stellar_peak_halos_42_ll_0p200_2xr200/assoc_halos_42_ll_0p200_2xr200
looking for: /gpfs/alpine/proj-shared/ast031/jlewis/CoDaIII_analysis/assoc_stellar_peak_halos_42_ll_0p200_2xr200/assoc_halos_42_ll_0p200_2xr200
looking for: /gpfs/alpine/proj-shared/ast031/jlewis/CoDaIII_analysis/assoc_stellar_peak_halos_42_ll_0p200_2xr200/assoc_halos_42_ll_0p200_2xr200
looking for: /gpfs/alpine/proj-shared/ast031/jlewis/CoDaIII_analysis/assoc_stellar_peak_halos_42_ll_0p200_2xr200/assoc_halos_42_ll_0p200_2xr200
looking for: /gpfs/alpine/proj-shared/ast031/jlewis/CoDaIII_analysis/assoc_stellar_peak_halos_42_ll_0p200_2xr200/assoc_halos_42_ll_0p200_2xr200
looking for: /gpfs/alpine/proj-shared/ast031/jlewis/CoDaIII_analysis/assoc_stellar_peak_halos_42_ll_0p200_2xr200/assoc_halos_42_ll_0p200_2xr200
looking for: /gpfs/alpine/proj-shared/ast031/jlewis/CoDaIII_analysis/assoc_stellar_peak_halos_42_ll_0p200_2xr200/assoc_halos_42_ll_0p200_2xr200
looking for: /gpfs/alpine/proj-shared/ast031/jlewis/CoDaIII_analysis/assoc_stellar_peak_halos_42_ll_0p200_2xr200/assoc_halos_42_ll_0p200_2xr200
looking for: /gpfs/alpine/proj-shared/ast031/jlewis/CoDaIII_analysis/assoc_stellar_peak_halos_42_ll_0p200_2xr200/assoc_halos_42_ll_0p200_2xr200
looking for: /gpfs/alpine/proj-shared/ast031/jlewis/CoDaIII_analysis/assoc_stellar_peak_halos_42_ll_0p200_2xr200/assoc_halos_42_ll_0p200_2xr200
looking for: /gpfs/alpine/proj-shared/ast031/jlewis/CoDaIII_analysis/assoc_stellar_peak_halos_42_ll_0p200_2xr200/assoc_halos_42_ll_0p200_2xr200
looking for: /gpfs/alpine/proj-shared/ast031/jlewis/CoDaIII_analysis/assoc_stellar_peak_halos_42_ll_0p200_2xr200/assoc_halos_42_ll_0p200_2xr200
looking for: /gpfs/alpine/proj-shared/ast031/jlewis/CoDaIII_analysis/assoc_stellar_peak_halos_42_ll_0p200_2xr200/assoc_halos_42_ll_0p200_2xr200
looking for: /gpfs/alpine/proj-shared/ast031/jlewis/CoDaIII_analysis/assoc_stellar_peak_halos_42_ll_0p200_2xr200/assoc_halos_42_ll_0p200_2xr200
looking for: /gpfs/alpine/proj-shared/ast031/jlewis/CoDaIII_analysis/assoc_stellar_peak_halos_42_ll_0p200_2xr200/assoc_halos_42_ll_0p200_2xr200
looking for: /gpfs/alpine/proj-shared/ast031/jlewis/CoDaIII_analysis/assoc_stellar_peak_halos_42_ll_0p200_2xr200/assoc_halos_42_ll_0p200_2xr200
looking for: /gpfs/alpine/proj-shared/ast031/jlewis/CoDaIII_analysis/assoc_stellar_peak_halos_42_ll_0p200_2xr200/assoc_halos_42_ll_0p200_2xr200
looking for: /gpfs/alpine/proj-shared/ast031/jlewis/CoDaIII_analysis/assoc_stellar_peak_halos_42_ll_0p200_2xr200/assoc_halos_42_ll_0p200_2xr200
looking for: /gpfs/alpine/proj-shared/ast031/jlewis/CoDaIII_analysis/assoc_stellar_peak_halos_42_ll_0p200_2xr200/assoc_halos_42_ll_0p200_2xr200
looking for: /gpfs/alpine/proj-shared/ast031/jlewis/CoDaIII_analysis/assoc_stellar_peak_halos_42_ll_0p200_2xr200/assoc_halos_42_ll_0p200_2xr200
looking for: /gpfs/alpine/proj-shared/ast031/jlewis/CoDaIII_analysis/assoc_stellar_peak_halos_42_ll_0p200_2xr200/assoc_halos_42_ll_0p200_2xr200
looking for: /gpfs/alpine/proj-shared/ast031/jlewis/CoDaIII_analysis/assoc_stellar_peak_halos_42_ll_0p200_2xr200/assoc_halos_42_ll_0p200_2xr200
looking for: /gpfs/alpine/proj-shared/ast031/jlewis/CoDaIII_analysis/assoc_stellar_peak_halos_42_ll_0p200_2xr200/assoc_halos_42_ll_0p200_2xr200
looking for: /gpfs/alpine/proj-shared/ast031/jlewis/CoDaIII_analysis/assoc_stellar_peak_halos_42_ll_0p200_2xr200/assoc_halos_42_ll_0p200_2xr200
looking for: /gpfs/alpine/proj-shared/ast031/jlewis/CoDaIII_analysis/assoc_stellar_peak_halos_42_ll_0p200_2xr200/assoc_halos_42_ll_0p200_2xr200
looking for: /gpfs/alpine/proj-shared/ast031/jlewis/CoDaIII_analysis/assoc_stellar_peak_halos_42_ll_0p200_2xr200/assoc_halos_42_ll_0p200_2xr200
looking for: /gpfs/alpine/proj-shared/ast031/jlewis/CoDaIII_analysis/assoc_stellar_peak_halos_42_ll_0p200_2xr200/assoc_halos_42_ll_0p200_2xr200
looking for: /gpfs/alpine/proj-shared/ast031/jlewis/CoDaIII_analysis/assoc_stellar_peak_halos_42_ll_0p200_2xr200/assoc_halos_42_ll_0p200_2xr200
looking for: /gpfs/alpine/proj-shared/ast031/jlewis/CoDaIII_analysis/assoc_stellar_peak_halos_42_ll_0p200_2xr200/assoc_halos_42_ll_0p200_2xr200
Allocated data arrays
Loaded files
Writing /gpfs/alpine/proj-shared/ast031/jlewis/CoDaIII_analysis/results_stellar_peak_halos_42_ll_0p200_2xr200_frad0p5/halo_stats_512
looking for: /gpfs/alpine/proj-shared/ast031/jlewis/CoDaIII_analysis/assoc_stellar_peak_halos_42_ll_0p200_2xr200/assoc_halos_42_ll_0p200_2xr200
Writing /gpfs/alpine/proj-shared/ast031/jlewis/CoDaIII_analysis/results_stellar_peak_halos_42_ll_0p200_2xr200_frad0p5/halo_stats_1280
looking for: /gpfs/alpine/proj-shared/ast031/jlewis/CoDaIII_analysis/assoc_stellar_peak_halos_42_ll_0p200_2xr200/assoc_halos_42_ll_0p200_2xr200
Writing /gpfs/alpine/proj-shared/ast031/jlewis/CoDaIII_analysis/results_stellar_peak_halos_42_ll_0p200_2xr200_frad0p5/halo_stats_1536
looking for: /gpfs/alpine/proj-shared/ast031/jlewis/CoDaIII_analysis/assoc_stellar_peak_halos_42_ll_0p200_2xr200/assoc_halos_42_ll_0p200_2xr200
Writing /gpfs/alpine/proj-shared/ast031/jlewis/CoDaIII_analysis/results_stellar_peak_halos_42_ll_0p200_2xr200_frad0p5/halo_stats_3584
looking for: /gpfs/alpine/proj-shared/ast031/jlewis/CoDaIII_analysis/assoc_stellar_peak_halos_42_ll_0p200_2xr200/assoc_halos_42_ll_0p200_2xr200
Writing /gpfs/alpine/proj-shared/ast031/jlewis/CoDaIII_analysis/results_stellar_peak_halos_42_ll_0p200_2xr200_frad0p5/halo_stats_3456
looking for: /gpfs/alpine/proj-shared/ast031/jlewis/CoDaIII_analysis/assoc_stellar_peak_halos_42_ll_0p200_2xr200/assoc_halos_42_ll_0p200_2xr200
Writing /gpfs/alpine/proj-shared/ast031/jlewis/CoDaIII_analysis/results_stellar_peak_halos_42_ll_0p200_2xr200_frad0p5/halo_stats_1792
looking for: /gpfs/alpine/proj-shared/ast031/jlewis/CoDaIII_analysis/assoc_stellar_peak_halos_42_ll_0p200_2xr200/assoc_halos_42_ll_0p200_2xr200
Writing /gpfs/alpine/proj-shared/ast031/jlewis/CoDaIII_analysis/results_stellar_peak_halos_42_ll_0p200_2xr200_frad0p5/halo_stats_768
looking for: /gpfs/alpine/proj-shared/ast031/jlewis/CoDaIII_analysis/assoc_stellar_peak_halos_42_ll_0p200_2xr200/assoc_halos_42_ll_0p200_2xr200
Writing /gpfs/alpine/proj-shared/ast031/jlewis/CoDaIII_analysis/results_stellar_peak_halos_42_ll_0p200_2xr200_frad0p5/halo_stats_2176
looking for: /gpfs/alpine/proj-shared/ast031/jlewis/CoDaIII_analysis/assoc_stellar_peak_halos_42_ll_0p200_2xr200/assoc_halos_42_ll_0p200_2xr200
Writing /gpfs/alpine/proj-shared/ast031/jlewis/CoDaIII_analysis/results_stellar_peak_halos_42_ll_0p200_2xr200_frad0p5/halo_stats_256
looking for: /gpfs/alpine/proj-shared/ast031/jlewis/CoDaIII_analysis/assoc_stellar_peak_halos_42_ll_0p200_2xr200/assoc_halos_42_ll_0p200_2xr200
Writing /gpfs/alpine/proj-shared/ast031/jlewis/CoDaIII_analysis/results_stellar_peak_halos_42_ll_0p200_2xr200_frad0p5/halo_stats_3840
looking for: /gpfs/alpine/proj-shared/ast031/jlewis/CoDaIII_analysis/assoc_stellar_peak_halos_42_ll_0p200_2xr200/assoc_halos_42_ll_0p200_2xr200
Writing /gpfs/alpine/proj-shared/ast031/jlewis/CoDaIII_analysis/results_stellar_peak_halos_42_ll_0p200_2xr200_frad0p5/halo_stats_2944
looking for: /gpfs/alpine/proj-shared/ast031/jlewis/CoDaIII_analysis/assoc_stellar_peak_halos_42_ll_0p200_2xr200/assoc_halos_42_ll_0p200_2xr200
Writing /gpfs/alpine/proj-shared/ast031/jlewis/CoDaIII_analysis/results_stellar_peak_halos_42_ll_0p200_2xr200_frad0p5/halo_stats_2048
looking for: /gpfs/alpine/proj-shared/ast031/jlewis/CoDaIII_analysis/assoc_stellar_peak_halos_42_ll_0p200_2xr200/assoc_halos_42_ll_0p200_2xr200
Writing /gpfs/alpine/proj-shared/ast031/jlewis/CoDaIII_analysis/results_stellar_peak_halos_42_ll_0p200_2xr200_frad0p5/halo_stats_2688
looking for: /gpfs/alpine/proj-shared/ast031/jlewis/CoDaIII_analysis/assoc_stellar_peak_halos_42_ll_0p200_2xr200/assoc_halos_42_ll_0p200_2xr200
Writing /gpfs/alpine/proj-shared/ast031/jlewis/CoDaIII_analysis/results_stellar_peak_halos_42_ll_0p200_2xr200_frad0p5/halo_stats_3072
looking for: /gpfs/alpine/proj-shared/ast031/jlewis/CoDaIII_analysis/assoc_stellar_peak_halos_42_ll_0p200_2xr200/assoc_halos_42_ll_0p200_2xr200
Writing /gpfs/alpine/proj-shared/ast031/jlewis/CoDaIII_analysis/results_stellar_peak_halos_42_ll_0p200_2xr200_frad0p5/halo_stats_2432
looking for: /gpfs/alpine/proj-shared/ast031/jlewis/CoDaIII_analysis/assoc_stellar_peak_halos_42_ll_0p200_2xr200/assoc_halos_42_ll_0p200_2xr200
Writing /gpfs/alpine/proj-shared/ast031/jlewis/CoDaIII_analysis/results_stellar_peak_halos_42_ll_0p200_2xr200_frad0p5/halo_stats_528
looking for: /gpfs/alpine/proj-shared/ast031/jlewis/CoDaIII_analysis/assoc_stellar_peak_halos_42_ll_0p200_2xr200/assoc_halos_42_ll_0p200_2xr200
Writing /gpfs/alpine/proj-shared/ast031/jlewis/CoDaIII_analysis/results_stellar_peak_halos_42_ll_0p200_2xr200_frad0p5/halo_stats_0
looking for: /gpfs/alpine/proj-shared/ast031/jlewis/CoDaIII_analysis/assoc_stellar_peak_halos_42_ll_0p200_2xr200/assoc_halos_42_ll_0p200_2xr200
Writing /gpfs/alpine/proj-shared/ast031/jlewis/CoDaIII_analysis/results_stellar_peak_halos_42_ll_0p200_2xr200_frad0p5/halo_stats_2304
looking for: /gpfs/alpine/proj-shared/ast031/jlewis/CoDaIII_analysis/assoc_stellar_peak_halos_42_ll_0p200_2xr200/assoc_halos_42_ll_0p200_2xr200
Allocated data arrays
Writing /gpfs/alpine/proj-shared/ast031/jlewis/CoDaIII_analysis/results_stellar_peak_halos_42_ll_0p200_2xr200_frad0p5/halo_stats_1296
looking for: /gpfs/alpine/proj-shared/ast031/jlewis/CoDaIII_analysis/assoc_stellar_peak_halos_42_ll_0p200_2xr200/assoc_halos_42_ll_0p200_2xr200
Writing /gpfs/alpine/proj-shared/ast031/jlewis/CoDaIII_analysis/results_stellar_peak_halos_42_ll_0p200_2xr200_frad0p5/halo_stats_1552
looking for: /gpfs/alpine/proj-shared/ast031/jlewis/CoDaIII_analysis/assoc_stellar_peak_halos_42_ll_0p200_2xr200/assoc_halos_42_ll_0p200_2xr200
Writing /gpfs/alpine/proj-shared/ast031/jlewis/CoDaIII_analysis/results_stellar_peak_halos_42_ll_0p200_2xr200_frad0p5/halo_stats_3328
looking for: /gpfs/alpine/proj-shared/ast031/jlewis/CoDaIII_analysis/assoc_stellar_peak_halos_42_ll_0p200_2xr200/assoc_halos_42_ll_0p200_2xr200
Writing /gpfs/alpine/proj-shared/ast031/jlewis/CoDaIII_analysis/results_stellar_peak_halos_42_ll_0p200_2xr200_frad0p5/halo_stats_784
looking for: /gpfs/alpine/proj-shared/ast031/jlewis/CoDaIII_analysis/assoc_stellar_peak_halos_42_ll_0p200_2xr200/assoc_halos_42_ll_0p200_2xr200
Writing /gpfs/alpine/proj-shared/ast031/jlewis/CoDaIII_analysis/results_stellar_peak_halos_42_ll_0p200_2xr200_frad0p5/halo_stats_1152
looking for: /gpfs/alpine/proj-shared/ast031/jlewis/CoDaIII_analysis/assoc_stellar_peak_halos_42_ll_0p200_2xr200/assoc_halos_42_ll_0p200_2xr200
Writing /gpfs/alpine/proj-shared/ast031/jlewis/CoDaIII_analysis/results_stellar_peak_halos_42_ll_0p200_2xr200_frad0p5/halo_stats_3712
looking for: /gpfs/alpine/proj-shared/ast031/jlewis/CoDaIII_analysis/assoc_stellar_peak_halos_42_ll_0p200_2xr200/assoc_halos_42_ll_0p200_2xr200
Writing /gpfs/alpine/proj-shared/ast031/jlewis/CoDaIII_analysis/results_stellar_peak_halos_42_ll_0p200_2xr200_frad0p5/halo_stats_128
looking for: /gpfs/alpine/proj-shared/ast031/jlewis/CoDaIII_analysis/assoc_stellar_peak_halos_42_ll_0p200_2xr200/assoc_halos_42_ll_0p200_2xr200
Writing /gpfs/alpine/proj-shared/ast031/jlewis/CoDaIII_analysis/results_stellar_peak_halos_42_ll_0p200_2xr200_frad0p5/halo_stats_1024
looking for: /gpfs/alpine/proj-shared/ast031/jlewis/CoDaIII_analysis/assoc_stellar_peak_halos_42_ll_0p200_2xr200/assoc_halos_42_ll_0p200_2xr200
Writing /gpfs/alpine/proj-shared/ast031/jlewis/CoDaIII_analysis/results_stellar_peak_halos_42_ll_0p200_2xr200_frad0p5/halo_stats_3600
looking for: /gpfs/alpine/proj-shared/ast031/jlewis/CoDaIII_analysis/assoc_stellar_peak_halos_42_ll_0p200_2xr200/assoc_halos_42_ll_0p200_2xr200
Writing /gpfs/alpine/proj-shared/ast031/jlewis/CoDaIII_analysis/results_stellar_peak_halos_42_ll_0p200_2xr200_frad0p5/halo_stats_3472
looking for: /gpfs/alpine/proj-shared/ast031/jlewis/CoDaIII_analysis/assoc_stellar_peak_halos_42_ll_0p200_2xr200/assoc_halos_42_ll_0p200_2xr200
Writing /gpfs/alpine/proj-shared/ast031/jlewis/CoDaIII_analysis/results_stellar_peak_halos_42_ll_0p200_2xr200_frad0p5/halo_stats_896
looking for: /gpfs/alpine/proj-shared/ast031/jlewis/CoDaIII_analysis/assoc_stellar_peak_halos_42_ll_0p200_2xr200/assoc_halos_42_ll_0p200_2xr200
Loaded files
Writing /gpfs/alpine/proj-shared/ast031/jlewis/CoDaIII_analysis/results_stellar_peak_halos_42_ll_0p200_2xr200_frad0p5/halo_stats_3856
looking for: /gpfs/alpine/proj-shared/ast031/jlewis/CoDaIII_analysis/assoc_stellar_peak_halos_42_ll_0p200_2xr200/assoc_halos_42_ll_0p200_2xr200
Writing /gpfs/alpine/proj-shared/ast031/jlewis/CoDaIII_analysis/results_stellar_peak_halos_42_ll_0p200_2xr200_frad0p5/halo_stats_384
looking for: /gpfs/alpine/proj-shared/ast031/jlewis/CoDaIII_analysis/assoc_stellar_peak_halos_42_ll_0p200_2xr200/assoc_halos_42_ll_0p200_2xr200
Writing /gpfs/alpine/proj-shared/ast031/jlewis/CoDaIII_analysis/results_stellar_peak_halos_42_ll_0p200_2xr200_frad0p5/halo_stats_2816
looking for: /gpfs/alpine/proj-shared/ast031/jlewis/CoDaIII_analysis/assoc_stellar_peak_halos_42_ll_0p200_2xr200/assoc_halos_42_ll_0p200_2xr200
Writing /gpfs/alpine/proj-shared/ast031/jlewis/CoDaIII_analysis/results_stellar_peak_halos_42_ll_0p200_2xr200_frad0p5/halo_stats_640
looking for: /gpfs/alpine/proj-shared/ast031/jlewis/CoDaIII_analysis/assoc_stellar_peak_halos_42_ll_0p200_2xr200/assoc_halos_42_ll_0p200_2xr200
Writing /gpfs/alpine/proj-shared/ast031/jlewis/CoDaIII_analysis/results_stellar_peak_halos_42_ll_0p200_2xr200_frad0p5/halo_stats_1808
looking for: /gpfs/alpine/proj-shared/ast031/jlewis/CoDaIII_analysis/assoc_stellar_peak_halos_42_ll_0p200_2xr200/assoc_halos_42_ll_0p200_2xr200
Writing /gpfs/alpine/proj-shared/ast031/jlewis/CoDaIII_analysis/results_stellar_peak_halos_42_ll_0p200_2xr200_frad0p5/halo_stats_3088
looking for: /gpfs/alpine/proj-shared/ast031/jlewis/CoDaIII_analysis/assoc_stellar_peak_halos_42_ll_0p200_2xr200/assoc_halos_42_ll_0p200_2xr200
Writing /gpfs/alpine/proj-shared/ast031/jlewis/CoDaIII_analysis/results_stellar_peak_halos_42_ll_0p200_2xr200_frad0p5/halo_stats_16
looking for: /gpfs/alpine/proj-shared/ast031/jlewis/CoDaIII_analysis/assoc_stellar_peak_halos_42_ll_0p200_2xr200/assoc_halos_42_ll_0p200_2xr200
Allocated data arrays
Writing /gpfs/alpine/proj-shared/ast031/jlewis/CoDaIII_analysis/results_stellar_peak_halos_42_ll_0p200_2xr200_frad0p5/halo_stats_544
looking for: /gpfs/alpine/proj-shared/ast031/jlewis/CoDaIII_analysis/assoc_stellar_peak_halos_42_ll_0p200_2xr200/assoc_halos_42_ll_0p200_2xr200
Writing /gpfs/alpine/proj-shared/ast031/jlewis/CoDaIII_analysis/results_stellar_peak_halos_42_ll_0p200_2xr200_frad0p5/halo_stats_2560
looking for: /gpfs/alpine/proj-shared/ast031/jlewis/CoDaIII_analysis/assoc_stellar_peak_halos_42_ll_0p200_2xr200/assoc_halos_42_ll_0p200_2xr200
Writing /gpfs/alpine/proj-shared/ast031/jlewis/CoDaIII_analysis/results_stellar_peak_halos_42_ll_0p200_2xr200_frad0p5/halo_stats_2064
looking for: /gpfs/alpine/proj-shared/ast031/jlewis/CoDaIII_analysis/assoc_stellar_peak_halos_42_ll_0p200_2xr200/assoc_halos_42_ll_0p200_2xr200
Writing /gpfs/alpine/proj-shared/ast031/jlewis/CoDaIII_analysis/results_stellar_peak_halos_42_ll_0p200_2xr200_frad0p5/halo_stats_272
Writing /gpfs/alpine/proj-shared/ast031/jlewis/CoDaIII_analysis/results_stellar_peak_halos_42_ll_0p200_2xr200_frad0p5/halo_stats_3344
looking for: /gpfs/alpine/proj-shared/ast031/jlewis/CoDaIII_analysis/assoc_stellar_peak_halos_42_ll_0p200_2xr200/assoc_halos_42_ll_0p200_2xr200
looking for: /gpfs/alpine/proj-shared/ast031/jlewis/CoDaIII_analysis/assoc_stellar_peak_halos_42_ll_0p200_2xr200/assoc_halos_42_ll_0p200_2xr200
Writing /gpfs/alpine/proj-shared/ast031/jlewis/CoDaIII_analysis/results_stellar_peak_halos_42_ll_0p200_2xr200_frad0p5/halo_stats_2960
looking for: /gpfs/alpine/proj-shared/ast031/jlewis/CoDaIII_analysis/assoc_stellar_peak_halos_42_ll_0p200_2xr200/assoc_halos_42_ll_0p200_2xr200
Writing /gpfs/alpine/proj-shared/ast031/jlewis/CoDaIII_analysis/results_stellar_peak_halos_42_ll_0p200_2xr200_frad0p5/halo_stats_800
looking for: /gpfs/alpine/proj-shared/ast031/jlewis/CoDaIII_analysis/assoc_stellar_peak_halos_42_ll_0p200_2xr200/assoc_halos_42_ll_0p200_2xr200
Writing /gpfs/alpine/proj-shared/ast031/jlewis/CoDaIII_analysis/results_stellar_peak_halos_42_ll_0p200_2xr200_frad0p5/halo_stats_2704
looking for: /gpfs/alpine/proj-shared/ast031/jlewis/CoDaIII_analysis/assoc_stellar_peak_halos_42_ll_0p200_2xr200/assoc_halos_42_ll_0p200_2xr200
Loaded files
Writing /gpfs/alpine/proj-shared/ast031/jlewis/CoDaIII_analysis/results_stellar_peak_halos_42_ll_0p200_2xr200_frad0p5/halo_stats_2320
looking for: /gpfs/alpine/proj-shared/ast031/jlewis/CoDaIII_analysis/assoc_stellar_peak_halos_42_ll_0p200_2xr200/assoc_halos_42_ll_0p200_2xr200
Writing /gpfs/alpine/proj-shared/ast031/jlewis/CoDaIII_analysis/results_stellar_peak_halos_42_ll_0p200_2xr200_frad0p5/halo_stats_32
looking for: /gpfs/alpine/proj-shared/ast031/jlewis/CoDaIII_analysis/assoc_stellar_peak_halos_42_ll_0p200_2xr200/assoc_halos_42_ll_0p200_2xr200
Allocated data arrays
Writing /gpfs/alpine/proj-shared/ast031/jlewis/CoDaIII_analysis/results_stellar_peak_halos_42_ll_0p200_2xr200_frad0p5/halo_stats_288
looking for: /gpfs/alpine/proj-shared/ast031/jlewis/CoDaIII_analysis/assoc_stellar_peak_halos_42_ll_0p200_2xr200/assoc_halos_42_ll_0p200_2xr200
Writing /gpfs/alpine/proj-shared/ast031/jlewis/CoDaIII_analysis/results_stellar_peak_halos_42_ll_0p200_2xr200_frad0p5/halo_stats_1312
looking for: /gpfs/alpine/proj-shared/ast031/jlewis/CoDaIII_analysis/assoc_stellar_peak_halos_42_ll_0p200_2xr200/assoc_halos_42_ll_0p200_2xr200
Writing /gpfs/alpine/proj-shared/ast031/jlewis/CoDaIII_analysis/results_stellar_peak_halos_42_ll_0p200_2xr200_frad0p5/halo_stats_912
looking for: /gpfs/alpine/proj-shared/ast031/jlewis/CoDaIII_analysis/assoc_stellar_peak_halos_42_ll_0p200_2xr200/assoc_halos_42_ll_0p200_2xr200
