/ccs/home/jlewis/.bash_profile: line 1: .bashrc: No such file or directory
[andes115.olcf.ornl.gov:2966450] MCW rank 0 bound to socket 0[core 0[hwt 0]]: [B/././././././././././././././.][./././././././././././././././.]
[andes115.olcf.ornl.gov:2966450] MCW rank 1 bound to socket 0[core 8[hwt 0]]: [././././././././B/././././././.][./././././././././././././././.]
[andes115.olcf.ornl.gov:2966450] MCW rank 2 bound to socket 1[core 16[hwt 0]]: [./././././././././././././././.][B/././././././././././././././.]
[andes115.olcf.ornl.gov:2966450] MCW rank 3 bound to socket 1[core 24[hwt 0]]: [./././././././././././././././.][././././././././B/././././././.]
[andes115.olcf.ornl.gov:2966450] MCW rank 4 bound to socket 0[core 1[hwt 0]]: [./B/./././././././././././././.][./././././././././././././././.]
[andes115.olcf.ornl.gov:2966450] MCW rank 6 bound to socket 1[core 17[hwt 0]]: [./././././././././././././././.][./B/./././././././././././././.]
[andes115.olcf.ornl.gov:2966450] MCW rank 7 bound to socket 1[core 25[hwt 0]]: [./././././././././././././././.][./././././././././B/./././././.]
[andes115.olcf.ornl.gov:2966450] MCW rank 5 bound to socket 0[core 9[hwt 0]]: [./././././././././B/./././././.][./././././././././././././././.]
[andes115.olcf.ornl.gov:2966450] MCW rank 9 bound to socket 0[core 10[hwt 0]]: [././././././././././B/././././.][./././././././././././././././.]
[andes115.olcf.ornl.gov:2966450] MCW rank 8 bound to socket 0[core 2[hwt 0]]: [././B/././././././././././././.][./././././././././././././././.]
[andes115.olcf.ornl.gov:2966450] MCW rank 11 bound to socket 1[core 26[hwt 0]]: [./././././././././././././././.][././././././././././B/././././.]
[andes115.olcf.ornl.gov:2966450] MCW rank 10 bound to socket 1[core 18[hwt 0]]: [./././././././././././././././.][././B/././././././././././././.]
[andes115.olcf.ornl.gov:2966450] MCW rank 12 bound to socket 0[core 3[hwt 0]]: [./././B/./././././././././././.][./././././././././././././././.]
[andes115.olcf.ornl.gov:2966450] MCW rank 15 bound to socket 1[core 27[hwt 0]]: [./././././././././././././././.][./././././././././././B/./././.]
[andes115.olcf.ornl.gov:2966450] MCW rank 14 bound to socket 1[core 19[hwt 0]]: [./././././././././././././././.][./././B/./././././././././././.]
[andes115.olcf.ornl.gov:2966450] MCW rank 13 bound to socket 0[core 11[hwt 0]]: [./././././././././././B/./././.][./././././././././././././././.]
[andes115.olcf.ornl.gov:2966450] MCW rank 18 bound to socket 1[core 20[hwt 0]]: [./././././././././././././././.][././././B/././././././././././.]
[andes115.olcf.ornl.gov:2966450] MCW rank 19 bound to socket 1[core 28[hwt 0]]: [./././././././././././././././.][././././././././././././B/././.]
[andes115.olcf.ornl.gov:2966450] MCW rank 16 bound to socket 0[core 4[hwt 0]]: [././././B/././././././././././.][./././././././././././././././.]
[andes115.olcf.ornl.gov:2966450] MCW rank 17 bound to socket 0[core 12[hwt 0]]: [././././././././././././B/././.][./././././././././././././././.]
[andes115.olcf.ornl.gov:2966450] MCW rank 22 bound to socket 1[core 21[hwt 0]]: [./././././././././././././././.][./././././B/./././././././././.]
[andes115.olcf.ornl.gov:2966450] MCW rank 20 bound to socket 0[core 5[hwt 0]]: [./././././B/./././././././././.][./././././././././././././././.]
[andes115.olcf.ornl.gov:2966450] MCW rank 23 bound to socket 1[core 29[hwt 0]]: [./././././././././././././././.][./././././././././././././B/./.]
[andes115.olcf.ornl.gov:2966450] MCW rank 21 bound to socket 0[core 13[hwt 0]]: [./././././././././././././B/./.][./././././././././././././././.]
[andes115.olcf.ornl.gov:2966450] MCW rank 26 bound to socket 1[core 22[hwt 0]]: [./././././././././././././././.][././././././B/././././././././.]
[andes115.olcf.ornl.gov:2966450] MCW rank 24 bound to socket 0[core 6[hwt 0]]: [././././././B/././././././././.][./././././././././././././././.]
[andes115.olcf.ornl.gov:2966450] MCW rank 27 bound to socket 1[core 30[hwt 0]]: [./././././././././././././././.][././././././././././././././B/.]
[andes115.olcf.ornl.gov:2966450] MCW rank 28 bound to socket 0[core 7[hwt 0]]: [./././././././B/./././././././.][./././././././././././././././.]
[andes115.olcf.ornl.gov:2966450] MCW rank 30 bound to socket 1[core 23[hwt 0]]: [./././././././././././././././.][./././././././B/./././././././.]
[andes115.olcf.ornl.gov:2966450] MCW rank 25 bound to socket 0[core 14[hwt 0]]: [././././././././././././././B/.][./././././././././././././././.]
[andes115.olcf.ornl.gov:2966450] MCW rank 31 bound to socket 1[core 31[hwt 0]]: [./././././././././././././././.][./././././././././././././././B]
[andes115.olcf.ornl.gov:2966450] MCW rank 29 bound to socket 0[core 15[hwt 0]]: [./././././././././././././././B][./././././././././././././././.]
Traceback (most recent call last):
  File "run_halo_fesc.py", line 65, in <module>
    compute_fesc(
  File "/ccs/home/jlewis/halo_properties/halo_stats/halo_fesc_latest_big_boxes.py", line 1162, in compute_fesc
    sum_over_rays_bias_multid(
  File "/ccs/home/jlewis/halo_properties/src/ray_fcts.py", line 372, in sum_over_rays_bias_multid
    sampled[:, whs_IB[0], whs_IB[1]] = field[:,Zs_snap[IB], Ys_snap[IB], Xs_snap[IB]]
IndexError: index 9 is out of bounds for axis 1 with size 9
Traceback (most recent call last):
  File "run_halo_fesc.py", line 65, in <module>
    compute_fesc(
  File "/ccs/home/jlewis/halo_properties/halo_stats/halo_fesc_latest_big_boxes.py", line 1162, in compute_fesc
    sum_over_rays_bias_multid(
  File "/ccs/home/jlewis/halo_properties/src/ray_fcts.py", line 372, in sum_over_rays_bias_multid
    sampled[:, whs_IB[0], whs_IB[1]] = field[:,Zs_snap[IB], Ys_snap[IB], Xs_snap[IB]]
IndexError: index 9 is out of bounds for axis 1 with size 9
Traceback (most recent call last):
  File "run_halo_fesc.py", line 65, in <module>
    compute_fesc(
  File "/ccs/home/jlewis/halo_properties/halo_stats/halo_fesc_latest_big_boxes.py", line 1162, in compute_fesc
    sum_over_rays_bias_multid(
  File "/ccs/home/jlewis/halo_properties/src/ray_fcts.py", line 372, in sum_over_rays_bias_multid
    sampled[:, whs_IB[0], whs_IB[1]] = field[:,Zs_snap[IB], Ys_snap[IB], Xs_snap[IB]]
IndexError: index 11 is out of bounds for axis 1 with size 11
Traceback (most recent call last):
  File "run_halo_fesc.py", line 65, in <module>
    compute_fesc(
  File "/ccs/home/jlewis/halo_properties/halo_stats/halo_fesc_latest_big_boxes.py", line 1162, in compute_fesc
    sum_over_rays_bias_multid(
  File "/ccs/home/jlewis/halo_properties/src/ray_fcts.py", line 372, in sum_over_rays_bias_multid
    sampled[:, whs_IB[0], whs_IB[1]] = field[:,Zs_snap[IB], Ys_snap[IB], Xs_snap[IB]]
IndexError: index 5 is out of bounds for axis 3 with size 5
Traceback (most recent call last):
  File "run_halo_fesc.py", line 65, in <module>
    compute_fesc(
  File "/ccs/home/jlewis/halo_properties/halo_stats/halo_fesc_latest_big_boxes.py", line 1162, in compute_fesc
    sum_over_rays_bias_multid(
  File "/ccs/home/jlewis/halo_properties/src/ray_fcts.py", line 372, in sum_over_rays_bias_multid
    sampled[:, whs_IB[0], whs_IB[1]] = field[:,Zs_snap[IB], Ys_snap[IB], Xs_snap[IB]]
IndexError: index 15 is out of bounds for axis 1 with size 15
Traceback (most recent call last):
  File "run_halo_fesc.py", line 65, in <module>
    compute_fesc(
  File "/ccs/home/jlewis/halo_properties/halo_stats/halo_fesc_latest_big_boxes.py", line 1162, in compute_fesc
    sum_over_rays_bias_multid(
  File "/ccs/home/jlewis/halo_properties/src/ray_fcts.py", line 372, in sum_over_rays_bias_multid
    sampled[:, whs_IB[0], whs_IB[1]] = field[:,Zs_snap[IB], Ys_snap[IB], Xs_snap[IB]]
IndexError: index 5 is out of bounds for axis 1 with size 5
Traceback (most recent call last):
  File "run_halo_fesc.py", line 65, in <module>
    compute_fesc(
  File "/ccs/home/jlewis/halo_properties/halo_stats/halo_fesc_latest_big_boxes.py", line 1162, in compute_fesc
    sum_over_rays_bias_multid(
  File "/ccs/home/jlewis/halo_properties/src/ray_fcts.py", line 372, in sum_over_rays_bias_multid
    sampled[:, whs_IB[0], whs_IB[1]] = field[:,Zs_snap[IB], Ys_snap[IB], Xs_snap[IB]]
IndexError: index 13 is out of bounds for axis 1 with size 13
Traceback (most recent call last):
  File "run_halo_fesc.py", line 65, in <module>
    compute_fesc(
  File "/ccs/home/jlewis/halo_properties/halo_stats/halo_fesc_latest_big_boxes.py", line 1162, in compute_fesc
    sum_over_rays_bias_multid(
  File "/ccs/home/jlewis/halo_properties/src/ray_fcts.py", line 372, in sum_over_rays_bias_multid
    sampled[:, whs_IB[0], whs_IB[1]] = field[:,Zs_snap[IB], Ys_snap[IB], Xs_snap[IB]]
IndexError: index 9 is out of bounds for axis 1 with size 9
Traceback (most recent call last):
  File "run_halo_fesc.py", line 65, in <module>
    compute_fesc(
  File "/ccs/home/jlewis/halo_properties/halo_stats/halo_fesc_latest_big_boxes.py", line 1162, in compute_fesc
    sum_over_rays_bias_multid(
  File "/ccs/home/jlewis/halo_properties/src/ray_fcts.py", line 372, in sum_over_rays_bias_multid
    sampled[:, whs_IB[0], whs_IB[1]] = field[:,Zs_snap[IB], Ys_snap[IB], Xs_snap[IB]]
IndexError: index 7 is out of bounds for axis 1 with size 7
Traceback (most recent call last):
  File "run_halo_fesc.py", line 65, in <module>
    compute_fesc(
  File "/ccs/home/jlewis/halo_properties/halo_stats/halo_fesc_latest_big_boxes.py", line 1162, in compute_fesc
    sum_over_rays_bias_multid(
  File "/ccs/home/jlewis/halo_properties/src/ray_fcts.py", line 372, in sum_over_rays_bias_multid
    sampled[:, whs_IB[0], whs_IB[1]] = field[:,Zs_snap[IB], Ys_snap[IB], Xs_snap[IB]]
IndexError: index 5 is out of bounds for axis 1 with size 5
Traceback (most recent call last):
  File "run_halo_fesc.py", line 65, in <module>
    compute_fesc(
  File "/ccs/home/jlewis/halo_properties/halo_stats/halo_fesc_latest_big_boxes.py", line 1162, in compute_fesc
    sum_over_rays_bias_multid(
  File "/ccs/home/jlewis/halo_properties/src/ray_fcts.py", line 372, in sum_over_rays_bias_multid
    sampled[:, whs_IB[0], whs_IB[1]] = field[:,Zs_snap[IB], Ys_snap[IB], Xs_snap[IB]]
IndexError: index 9 is out of bounds for axis 1 with size 9
Traceback (most recent call last):
  File "run_halo_fesc.py", line 65, in <module>
    compute_fesc(
  File "/ccs/home/jlewis/halo_properties/halo_stats/halo_fesc_latest_big_boxes.py", line 1162, in compute_fesc
    sum_over_rays_bias_multid(
  File "/ccs/home/jlewis/halo_properties/src/ray_fcts.py", line 372, in sum_over_rays_bias_multid
    sampled[:, whs_IB[0], whs_IB[1]] = field[:,Zs_snap[IB], Ys_snap[IB], Xs_snap[IB]]
IndexError: index 7 is out of bounds for axis 1 with size 7
Traceback (most recent call last):
  File "run_halo_fesc.py", line 65, in <module>
    compute_fesc(
  File "/ccs/home/jlewis/halo_properties/halo_stats/halo_fesc_latest_big_boxes.py", line 1162, in compute_fesc
    sum_over_rays_bias_multid(
  File "/ccs/home/jlewis/halo_properties/src/ray_fcts.py", line 372, in sum_over_rays_bias_multid
    sampled[:, whs_IB[0], whs_IB[1]] = field[:,Zs_snap[IB], Ys_snap[IB], Xs_snap[IB]]
IndexError: index 9 is out of bounds for axis 1 with size 9
Traceback (most recent call last):
  File "run_halo_fesc.py", line 65, in <module>
    compute_fesc(
  File "/ccs/home/jlewis/halo_properties/halo_stats/halo_fesc_latest_big_boxes.py", line 1162, in compute_fesc
    sum_over_rays_bias_multid(
  File "/ccs/home/jlewis/halo_properties/src/ray_fcts.py", line 372, in sum_over_rays_bias_multid
    sampled[:, whs_IB[0], whs_IB[1]] = field[:,Zs_snap[IB], Ys_snap[IB], Xs_snap[IB]]
IndexError: index 15 is out of bounds for axis 1 with size 15
Traceback (most recent call last):
  File "run_halo_fesc.py", line 65, in <module>
    compute_fesc(
  File "/ccs/home/jlewis/halo_properties/halo_stats/halo_fesc_latest_big_boxes.py", line 1162, in compute_fesc
    sum_over_rays_bias_multid(
  File "/ccs/home/jlewis/halo_properties/src/ray_fcts.py", line 372, in sum_over_rays_bias_multid
    sampled[:, whs_IB[0], whs_IB[1]] = field[:,Zs_snap[IB], Ys_snap[IB], Xs_snap[IB]]
IndexError: index 7 is out of bounds for axis 1 with size 7
Traceback (most recent call last):
  File "run_halo_fesc.py", line 65, in <module>
    compute_fesc(
  File "/ccs/home/jlewis/halo_properties/halo_stats/halo_fesc_latest_big_boxes.py", line 1162, in compute_fesc
    sum_over_rays_bias_multid(
  File "/ccs/home/jlewis/halo_properties/src/ray_fcts.py", line 372, in sum_over_rays_bias_multid
    sampled[:, whs_IB[0], whs_IB[1]] = field[:,Zs_snap[IB], Ys_snap[IB], Xs_snap[IB]]
IndexError: index 11 is out of bounds for axis 1 with size 11
Traceback (most recent call last):
  File "run_halo_fesc.py", line 65, in <module>
    compute_fesc(
  File "/ccs/home/jlewis/halo_properties/halo_stats/halo_fesc_latest_big_boxes.py", line 1162, in compute_fesc
    sum_over_rays_bias_multid(
  File "/ccs/home/jlewis/halo_properties/src/ray_fcts.py", line 372, in sum_over_rays_bias_multid
    sampled[:, whs_IB[0], whs_IB[1]] = field[:,Zs_snap[IB], Ys_snap[IB], Xs_snap[IB]]
IndexError: index 5 is out of bounds for axis 1 with size 5
Traceback (most recent call last):
  File "run_halo_fesc.py", line 65, in <module>
    compute_fesc(
  File "/ccs/home/jlewis/halo_properties/halo_stats/halo_fesc_latest_big_boxes.py", line 1162, in compute_fesc
    sum_over_rays_bias_multid(
  File "/ccs/home/jlewis/halo_properties/src/ray_fcts.py", line 372, in sum_over_rays_bias_multid
    sampled[:, whs_IB[0], whs_IB[1]] = field[:,Zs_snap[IB], Ys_snap[IB], Xs_snap[IB]]
IndexError: index 7 is out of bounds for axis 1 with size 7
Traceback (most recent call last):
  File "run_halo_fesc.py", line 65, in <module>
    compute_fesc(
  File "/ccs/home/jlewis/halo_properties/halo_stats/halo_fesc_latest_big_boxes.py", line 1162, in compute_fesc
    sum_over_rays_bias_multid(
  File "/ccs/home/jlewis/halo_properties/src/ray_fcts.py", line 372, in sum_over_rays_bias_multid
    sampled[:, whs_IB[0], whs_IB[1]] = field[:,Zs_snap[IB], Ys_snap[IB], Xs_snap[IB]]
IndexError: index 5 is out of bounds for axis 2 with size 5
Traceback (most recent call last):
  File "run_halo_fesc.py", line 65, in <module>
    compute_fesc(
  File "/ccs/home/jlewis/halo_properties/halo_stats/halo_fesc_latest_big_boxes.py", line 1162, in compute_fesc
    sum_over_rays_bias_multid(
  File "/ccs/home/jlewis/halo_properties/src/ray_fcts.py", line 372, in sum_over_rays_bias_multid
    sampled[:, whs_IB[0], whs_IB[1]] = field[:,Zs_snap[IB], Ys_snap[IB], Xs_snap[IB]]
IndexError: index 9 is out of bounds for axis 1 with size 9
Traceback (most recent call last):
  File "run_halo_fesc.py", line 65, in <module>
    compute_fesc(
  File "/ccs/home/jlewis/halo_properties/halo_stats/halo_fesc_latest_big_boxes.py", line 1162, in compute_fesc
    sum_over_rays_bias_multid(
  File "/ccs/home/jlewis/halo_properties/src/ray_fcts.py", line 372, in sum_over_rays_bias_multid
    sampled[:, whs_IB[0], whs_IB[1]] = field[:,Zs_snap[IB], Ys_snap[IB], Xs_snap[IB]]
IndexError: index 7 is out of bounds for axis 1 with size 7
Traceback (most recent call last):
  File "run_halo_fesc.py", line 65, in <module>
    compute_fesc(
  File "/ccs/home/jlewis/halo_properties/halo_stats/halo_fesc_latest_big_boxes.py", line 1162, in compute_fesc
    sum_over_rays_bias_multid(
  File "/ccs/home/jlewis/halo_properties/src/ray_fcts.py", line 372, in sum_over_rays_bias_multid
    sampled[:, whs_IB[0], whs_IB[1]] = field[:,Zs_snap[IB], Ys_snap[IB], Xs_snap[IB]]
IndexError: index 9 is out of bounds for axis 1 with size 9
Traceback (most recent call last):
  File "run_halo_fesc.py", line 65, in <module>
    compute_fesc(
  File "/ccs/home/jlewis/halo_properties/halo_stats/halo_fesc_latest_big_boxes.py", line 1162, in compute_fesc
    sum_over_rays_bias_multid(
  File "/ccs/home/jlewis/halo_properties/src/ray_fcts.py", line 372, in sum_over_rays_bias_multid
    sampled[:, whs_IB[0], whs_IB[1]] = field[:,Zs_snap[IB], Ys_snap[IB], Xs_snap[IB]]
IndexError: index 7 is out of bounds for axis 1 with size 7
Traceback (most recent call last):
  File "run_halo_fesc.py", line 65, in <module>
    compute_fesc(
  File "/ccs/home/jlewis/halo_properties/halo_stats/halo_fesc_latest_big_boxes.py", line 1162, in compute_fesc
    sum_over_rays_bias_multid(
  File "/ccs/home/jlewis/halo_properties/src/ray_fcts.py", line 372, in sum_over_rays_bias_multid
    sampled[:, whs_IB[0], whs_IB[1]] = field[:,Zs_snap[IB], Ys_snap[IB], Xs_snap[IB]]
IndexError: index 13 is out of bounds for axis 1 with size 13
Traceback (most recent call last):
  File "run_halo_fesc.py", line 65, in <module>
    compute_fesc(
  File "/ccs/home/jlewis/halo_properties/halo_stats/halo_fesc_latest_big_boxes.py", line 1162, in compute_fesc
    sum_over_rays_bias_multid(
  File "/ccs/home/jlewis/halo_properties/src/ray_fcts.py", line 372, in sum_over_rays_bias_multid
    sampled[:, whs_IB[0], whs_IB[1]] = field[:,Zs_snap[IB], Ys_snap[IB], Xs_snap[IB]]
IndexError: index 7 is out of bounds for axis 1 with size 7
Traceback (most recent call last):
  File "run_halo_fesc.py", line 65, in <module>
Traceback (most recent call last):
  File "run_halo_fesc.py", line 65, in <module>
    compute_fesc(
  File "/ccs/home/jlewis/halo_properties/halo_stats/halo_fesc_latest_big_boxes.py", line 1162, in compute_fesc
    compute_fesc(
  File "/ccs/home/jlewis/halo_properties/halo_stats/halo_fesc_latest_big_boxes.py", line 1162, in compute_fesc
    sum_over_rays_bias_multid(
  File "/ccs/home/jlewis/halo_properties/src/ray_fcts.py", line 372, in sum_over_rays_bias_multid
    sum_over_rays_bias_multid(
  File "/ccs/home/jlewis/halo_properties/src/ray_fcts.py", line 372, in sum_over_rays_bias_multid
    sampled[:, whs_IB[0], whs_IB[1]] = field[:,Zs_snap[IB], Ys_snap[IB], Xs_snap[IB]]
IndexError: index 9 is out of bounds for axis 1 with size 9
    sampled[:, whs_IB[0], whs_IB[1]] = field[:,Zs_snap[IB], Ys_snap[IB], Xs_snap[IB]]
IndexError: index 7 is out of bounds for axis 1 with size 7
Traceback (most recent call last):
  File "run_halo_fesc.py", line 65, in <module>
    compute_fesc(
  File "/ccs/home/jlewis/halo_properties/halo_stats/halo_fesc_latest_big_boxes.py", line 1162, in compute_fesc
    sum_over_rays_bias_multid(
  File "/ccs/home/jlewis/halo_properties/src/ray_fcts.py", line 372, in sum_over_rays_bias_multid
    sampled[:, whs_IB[0], whs_IB[1]] = field[:,Zs_snap[IB], Ys_snap[IB], Xs_snap[IB]]
IndexError: index 7 is out of bounds for axis 1 with size 7
Traceback (most recent call last):
  File "run_halo_fesc.py", line 65, in <module>
    compute_fesc(
  File "/ccs/home/jlewis/halo_properties/halo_stats/halo_fesc_latest_big_boxes.py", line 1162, in compute_fesc
    sum_over_rays_bias_multid(
  File "/ccs/home/jlewis/halo_properties/src/ray_fcts.py", line 372, in sum_over_rays_bias_multid
    sampled[:, whs_IB[0], whs_IB[1]] = field[:,Zs_snap[IB], Ys_snap[IB], Xs_snap[IB]]
IndexError: index 5 is out of bounds for axis 1 with size 5
Traceback (most recent call last):
  File "run_halo_fesc.py", line 65, in <module>
    compute_fesc(
  File "/ccs/home/jlewis/halo_properties/halo_stats/halo_fesc_latest_big_boxes.py", line 1162, in compute_fesc
    sum_over_rays_bias_multid(
  File "/ccs/home/jlewis/halo_properties/src/ray_fcts.py", line 372, in sum_over_rays_bias_multid
    sampled[:, whs_IB[0], whs_IB[1]] = field[:,Zs_snap[IB], Ys_snap[IB], Xs_snap[IB]]
IndexError: index 7 is out of bounds for axis 2 with size 7
Traceback (most recent call last):
  File "run_halo_fesc.py", line 65, in <module>
    compute_fesc(
  File "/ccs/home/jlewis/halo_properties/halo_stats/halo_fesc_latest_big_boxes.py", line 1162, in compute_fesc
    sum_over_rays_bias_multid(
  File "/ccs/home/jlewis/halo_properties/src/ray_fcts.py", line 372, in sum_over_rays_bias_multid
    sampled[:, whs_IB[0], whs_IB[1]] = field[:,Zs_snap[IB], Ys_snap[IB], Xs_snap[IB]]
IndexError: index 7 is out of bounds for axis 1 with size 7
Traceback (most recent call last):
  File "run_halo_fesc.py", line 65, in <module>
    compute_fesc(
  File "/ccs/home/jlewis/halo_properties/halo_stats/halo_fesc_latest_big_boxes.py", line 1162, in compute_fesc
    sum_over_rays_bias_multid(
  File "/ccs/home/jlewis/halo_properties/src/ray_fcts.py", line 372, in sum_over_rays_bias_multid
    sampled[:, whs_IB[0], whs_IB[1]] = field[:,Zs_snap[IB], Ys_snap[IB], Xs_snap[IB]]
IndexError: index 7 is out of bounds for axis 1 with size 7
--------------------------------------------------------------------------
Primary job  terminated normally, but 1 process returned
a non-zero exit code. Per user-direction, the job has been aborted.
--------------------------------------------------------------------------
--------------------------------------------------------------------------
mpiexec detected that one or more processes exited with non-zero status, thus causing
the job to be terminated. The first process to do so was:

  Process name: [[18126,1],27]
  Exit code:    1
--------------------------------------------------------------------------
[andes115.olcf.ornl.gov:2966808] MCW rank 0 bound to socket 0[core 0[hwt 0]]: [B/././././././././././././././.][./././././././././././././././.]
[andes115.olcf.ornl.gov:2966808] MCW rank 1 bound to socket 0[core 8[hwt 0]]: [././././././././B/././././././.][./././././././././././././././.]
[andes115.olcf.ornl.gov:2966808] MCW rank 2 bound to socket 1[core 16[hwt 0]]: [./././././././././././././././.][B/././././././././././././././.]
[andes115.olcf.ornl.gov:2966808] MCW rank 3 bound to socket 1[core 24[hwt 0]]: [./././././././././././././././.][././././././././B/././././././.]
[andes115.olcf.ornl.gov:2966808] MCW rank 6 bound to socket 1[core 17[hwt 0]]: [./././././././././././././././.][./B/./././././././././././././.]
[andes115.olcf.ornl.gov:2966808] MCW rank 7 bound to socket 1[core 25[hwt 0]]: [./././././././././././././././.][./././././././././B/./././././.]
[andes115.olcf.ornl.gov:2966808] MCW rank 4 bound to socket 0[core 1[hwt 0]]: [./B/./././././././././././././.][./././././././././././././././.]
[andes115.olcf.ornl.gov:2966808] MCW rank 5 bound to socket 0[core 9[hwt 0]]: [./././././././././B/./././././.][./././././././././././././././.]
[andes115.olcf.ornl.gov:2966808] MCW rank 10 bound to socket 1[core 18[hwt 0]]: [./././././././././././././././.][././B/././././././././././././.]
[andes115.olcf.ornl.gov:2966808] MCW rank 11 bound to socket 1[core 26[hwt 0]]: [./././././././././././././././.][././././././././././B/././././.]
[andes115.olcf.ornl.gov:2966808] MCW rank 8 bound to socket 0[core 2[hwt 0]]: [././B/././././././././././././.][./././././././././././././././.]
[andes115.olcf.ornl.gov:2966808] MCW rank 14 bound to socket 1[core 19[hwt 0]]: [./././././././././././././././.][./././B/./././././././././././.]
[andes115.olcf.ornl.gov:2966808] MCW rank 15 bound to socket 1[core 27[hwt 0]]: [./././././././././././././././.][./././././././././././B/./././.]
[andes115.olcf.ornl.gov:2966808] MCW rank 12 bound to socket 0[core 3[hwt 0]]: [./././B/./././././././././././.][./././././././././././././././.]
[andes115.olcf.ornl.gov:2966808] MCW rank 9 bound to socket 0[core 10[hwt 0]]: [././././././././././B/././././.][./././././././././././././././.]
[andes115.olcf.ornl.gov:2966808] MCW rank 13 bound to socket 0[core 11[hwt 0]]: [./././././././././././B/./././.][./././././././././././././././.]
[andes115.olcf.ornl.gov:2966808] MCW rank 19 bound to socket 1[core 28[hwt 0]]: [./././././././././././././././.][././././././././././././B/././.]
[andes115.olcf.ornl.gov:2966808] MCW rank 16 bound to socket 0[core 4[hwt 0]]: [././././B/././././././././././.][./././././././././././././././.]
[andes115.olcf.ornl.gov:2966808] MCW rank 18 bound to socket 1[core 20[hwt 0]]: [./././././././././././././././.][././././B/././././././././././.]
[andes115.olcf.ornl.gov:2966808] MCW rank 20 bound to socket 0[core 5[hwt 0]]: [./././././B/./././././././././.][./././././././././././././././.]
[andes115.olcf.ornl.gov:2966808] MCW rank 23 bound to socket 1[core 29[hwt 0]]: [./././././././././././././././.][./././././././././././././B/./.]
[andes115.olcf.ornl.gov:2966808] MCW rank 17 bound to socket 0[core 12[hwt 0]]: [././././././././././././B/././.][./././././././././././././././.]
[andes115.olcf.ornl.gov:2966808] MCW rank 22 bound to socket 1[core 21[hwt 0]]: [./././././././././././././././.][./././././B/./././././././././.]
[andes115.olcf.ornl.gov:2966808] MCW rank 21 bound to socket 0[core 13[hwt 0]]: [./././././././././././././B/./.][./././././././././././././././.]
[andes115.olcf.ornl.gov:2966808] MCW rank 27 bound to socket 1[core 30[hwt 0]]: [./././././././././././././././.][././././././././././././././B/.]
[andes115.olcf.ornl.gov:2966808] MCW rank 24 bound to socket 0[core 6[hwt 0]]: [././././././B/././././././././.][./././././././././././././././.]
[andes115.olcf.ornl.gov:2966808] MCW rank 26 bound to socket 1[core 22[hwt 0]]: [./././././././././././././././.][././././././B/././././././././.]
[andes115.olcf.ornl.gov:2966808] MCW rank 28 bound to socket 0[core 7[hwt 0]]: [./././././././B/./././././././.][./././././././././././././././.]
[andes115.olcf.ornl.gov:2966808] MCW rank 31 bound to socket 1[core 31[hwt 0]]: [./././././././././././././././.][./././././././././././././././B]
[andes115.olcf.ornl.gov:2966808] MCW rank 25 bound to socket 0[core 14[hwt 0]]: [././././././././././././././B/.][./././././././././././././././.]
[andes115.olcf.ornl.gov:2966808] MCW rank 30 bound to socket 1[core 23[hwt 0]]: [./././././././././././././././.][./././././././B/./././././././.]
[andes115.olcf.ornl.gov:2966808] MCW rank 29 bound to socket 0[core 15[hwt 0]]: [./././././././././././././././B][./././././././././././././././.]
Traceback (most recent call last):
  File "run_halo_fesc.py", line 1, in <module>
Traceback (most recent call last):
  File "run_halo_fesc.py", line 1, in <module>
Traceback (most recent call last):
  File "run_halo_fesc.py", line 1, in <module>
Traceback (most recent call last):
  File "run_halo_fesc.py", line 1, in <module>
Traceback (most recent call last):
  File "run_halo_fesc.py", line 1, in <module>
Traceback (most recent call last):
  File "run_halo_fesc.py", line 1, in <module>
Traceback (most recent call last):
  File "run_halo_fesc.py", line 1, in <module>
Traceback (most recent call last):
  File "run_halo_fesc.py", line 1, in <module>
Traceback (most recent call last):
  File "run_halo_fesc.py", line 1, in <module>
Traceback (most recent call last):
  File "run_halo_fesc.py", line 1, in <module>
Traceback (most recent call last):
  File "run_halo_fesc.py", line 1, in <module>
Traceback (most recent call last):
  File "run_halo_fesc.py", line 1, in <module>
Traceback (most recent call last):
  File "run_halo_fesc.py", line 1, in <module>
Traceback (most recent call last):
  File "run_halo_fesc.py", line 1, in <module>
Traceback (most recent call last):
  File "run_halo_fesc.py", line 1, in <module>
Traceback (most recent call last):
  File "run_halo_fesc.py", line 1, in <module>
Traceback (most recent call last):
  File "run_halo_fesc.py", line 1, in <module>
Traceback (most recent call last):
  File "run_halo_fesc.py", line 1, in <module>
Traceback (most recent call last):
  File "run_halo_fesc.py", line 1, in <module>
    from halo_properties.halo_stats.halo_fesc_latest_big_boxes import compute_fesc
  File "/ccs/home/jlewis/halo_properties/halo_stats/halo_fesc_latest_big_boxes.py", line 22, in <module>
Traceback (most recent call last):
  File "run_halo_fesc.py", line 1, in <module>
Traceback (most recent call last):
  File "run_halo_fesc.py", line 1, in <module>
    from halo_properties.halo_stats.halo_fesc_latest_big_boxes import compute_fesc
  File "/ccs/home/jlewis/halo_properties/halo_stats/halo_fesc_latest_big_boxes.py", line 22, in <module>
    from halo_properties.halo_stats.halo_fesc_latest_big_boxes import compute_fesc
  File "/ccs/home/jlewis/halo_properties/halo_stats/halo_fesc_latest_big_boxes.py", line 22, in <module>
    from halo_properties.halo_stats.halo_fesc_latest_big_boxes import compute_fesc
  File "/ccs/home/jlewis/halo_properties/halo_stats/halo_fesc_latest_big_boxes.py", line 22, in <module>
    from halo_properties.halo_stats.halo_fesc_latest_big_boxes import compute_fesc
  File "/ccs/home/jlewis/halo_properties/halo_stats/halo_fesc_latest_big_boxes.py", line 22, in <module>
    from halo_properties.halo_stats.halo_fesc_latest_big_boxes import compute_fesc
  File "/ccs/home/jlewis/halo_properties/halo_stats/halo_fesc_latest_big_boxes.py", line 22, in <module>
    from halo_properties.halo_stats.halo_fesc_latest_big_boxes import compute_fesc
  File "/ccs/home/jlewis/halo_properties/halo_stats/halo_fesc_latest_big_boxes.py", line 22, in <module>
    from halo_properties.halo_stats.halo_fesc_latest_big_boxes import compute_fesc
  File "/ccs/home/jlewis/halo_properties/halo_stats/halo_fesc_latest_big_boxes.py", line 22, in <module>
    from halo_properties.halo_stats.halo_fesc_latest_big_boxes import compute_fesc
  File "/ccs/home/jlewis/halo_properties/halo_stats/halo_fesc_latest_big_boxes.py", line 22, in <module>
    from halo_properties.halo_stats.halo_fesc_latest_big_boxes import compute_fesc
  File "/ccs/home/jlewis/halo_properties/halo_stats/halo_fesc_latest_big_boxes.py", line 22, in <module>
Traceback (most recent call last):
  File "run_halo_fesc.py", line 1, in <module>
    from halo_properties.halo_stats.halo_fesc_latest_big_boxes import compute_fesc
  File "/ccs/home/jlewis/halo_properties/halo_stats/halo_fesc_latest_big_boxes.py", line 22, in <module>
    from halo_properties.halo_stats.halo_fesc_latest_big_boxes import compute_fesc
  File "/ccs/home/jlewis/halo_properties/halo_stats/halo_fesc_latest_big_boxes.py", line 22, in <module>
    from halo_properties.halo_stats.halo_fesc_latest_big_boxes import compute_fesc
  File "/ccs/home/jlewis/halo_properties/halo_stats/halo_fesc_latest_big_boxes.py", line 22, in <module>
    from halo_properties.halo_stats.halo_fesc_latest_big_boxes import compute_fesc
  File "/ccs/home/jlewis/halo_properties/halo_stats/halo_fesc_latest_big_boxes.py", line 22, in <module>
    from halo_properties.halo_stats.halo_fesc_latest_big_boxes import compute_fesc
  File "/ccs/home/jlewis/halo_properties/halo_stats/halo_fesc_latest_big_boxes.py", line 22, in <module>
Traceback (most recent call last):
  File "run_halo_fesc.py", line 1, in <module>
    from halo_properties.halo_stats.halo_fesc_latest_big_boxes import compute_fesc
  File "/ccs/home/jlewis/halo_properties/halo_stats/halo_fesc_latest_big_boxes.py", line 22, in <module>
    from halo_properties.halo_stats.halo_fesc_latest_big_boxes import compute_fesc
  File "/ccs/home/jlewis/halo_properties/halo_stats/halo_fesc_latest_big_boxes.py", line 22, in <module>
Traceback (most recent call last):
  File "run_halo_fesc.py", line 1, in <module>
Traceback (most recent call last):
  File "run_halo_fesc.py", line 1, in <module>
    from halo_properties.halo_stats.halo_fesc_latest_big_boxes import compute_fesc
  File "/ccs/home/jlewis/halo_properties/halo_stats/halo_fesc_latest_big_boxes.py", line 22, in <module>
Traceback (most recent call last):
  File "run_halo_fesc.py", line 1, in <module>
    from halo_properties.halo_stats.halo_fesc_latest_big_boxes import compute_fesc
  File "/ccs/home/jlewis/halo_properties/halo_stats/halo_fesc_latest_big_boxes.py", line 22, in <module>
    from halo_properties.halo_stats.halo_fesc_latest_big_boxes import compute_fesc
  File "/ccs/home/jlewis/halo_properties/halo_stats/halo_fesc_latest_big_boxes.py", line 22, in <module>
    from ..association.read_assoc_latest import read_assoc, read_specific_stars
ImportError: cannot import name 'read_specific_stars' from 'halo_properties.association.read_assoc_latest' (/ccs/home/jlewis/halo_properties/association/read_assoc_latest.py)
    from halo_properties.halo_stats.halo_fesc_latest_big_boxes import compute_fesc
  File "/ccs/home/jlewis/halo_properties/halo_stats/halo_fesc_latest_big_boxes.py", line 22, in <module>
    from ..association.read_assoc_latest import read_assoc, read_specific_stars
ImportError: cannot import name 'read_specific_stars' from 'halo_properties.association.read_assoc_latest' (/ccs/home/jlewis/halo_properties/association/read_assoc_latest.py)
    from ..association.read_assoc_latest import read_assoc, read_specific_stars
ImportError: cannot import name 'read_specific_stars' from 'halo_properties.association.read_assoc_latest' (/ccs/home/jlewis/halo_properties/association/read_assoc_latest.py)
    from ..association.read_assoc_latest import read_assoc, read_specific_stars
ImportError: cannot import name 'read_specific_stars' from 'halo_properties.association.read_assoc_latest' (/ccs/home/jlewis/halo_properties/association/read_assoc_latest.py)
    from ..association.read_assoc_latest import read_assoc, read_specific_stars
ImportError: cannot import name 'read_specific_stars' from 'halo_properties.association.read_assoc_latest' (/ccs/home/jlewis/halo_properties/association/read_assoc_latest.py)
    from ..association.read_assoc_latest import read_assoc, read_specific_stars
ImportError: cannot import name 'read_specific_stars' from 'halo_properties.association.read_assoc_latest' (/ccs/home/jlewis/halo_properties/association/read_assoc_latest.py)
    from ..association.read_assoc_latest import read_assoc, read_specific_stars
ImportError: cannot import name 'read_specific_stars' from 'halo_properties.association.read_assoc_latest' (/ccs/home/jlewis/halo_properties/association/read_assoc_latest.py)
    from ..association.read_assoc_latest import read_assoc, read_specific_stars
ImportError: cannot import name 'read_specific_stars' from 'halo_properties.association.read_assoc_latest' (/ccs/home/jlewis/halo_properties/association/read_assoc_latest.py)
    from ..association.read_assoc_latest import read_assoc, read_specific_stars
ImportError: cannot import name 'read_specific_stars' from 'halo_properties.association.read_assoc_latest' (/ccs/home/jlewis/halo_properties/association/read_assoc_latest.py)
    from ..association.read_assoc_latest import read_assoc, read_specific_stars
ImportError: cannot import name 'read_specific_stars' from 'halo_properties.association.read_assoc_latest' (/ccs/home/jlewis/halo_properties/association/read_assoc_latest.py)
    from ..association.read_assoc_latest import read_assoc, read_specific_stars
ImportError: cannot import name 'read_specific_stars' from 'halo_properties.association.read_assoc_latest' (/ccs/home/jlewis/halo_properties/association/read_assoc_latest.py)
    from ..association.read_assoc_latest import read_assoc, read_specific_stars
ImportError: cannot import name 'read_specific_stars' from 'halo_properties.association.read_assoc_latest' (/ccs/home/jlewis/halo_properties/association/read_assoc_latest.py)
    from ..association.read_assoc_latest import read_assoc, read_specific_stars
ImportError: cannot import name 'read_specific_stars' from 'halo_properties.association.read_assoc_latest' (/ccs/home/jlewis/halo_properties/association/read_assoc_latest.py)
    from ..association.read_assoc_latest import read_assoc, read_specific_stars
ImportError: cannot import name 'read_specific_stars' from 'halo_properties.association.read_assoc_latest' (/ccs/home/jlewis/halo_properties/association/read_assoc_latest.py)
    from halo_properties.halo_stats.halo_fesc_latest_big_boxes import compute_fesc
  File "/ccs/home/jlewis/halo_properties/halo_stats/halo_fesc_latest_big_boxes.py", line 22, in <module>
    from ..association.read_assoc_latest import read_assoc, read_specific_stars
ImportError: cannot import name 'read_specific_stars' from 'halo_properties.association.read_assoc_latest' (/ccs/home/jlewis/halo_properties/association/read_assoc_latest.py)
    from halo_properties.halo_stats.halo_fesc_latest_big_boxes import compute_fesc
  File "/ccs/home/jlewis/halo_properties/halo_stats/halo_fesc_latest_big_boxes.py", line 22, in <module>
    from ..association.read_assoc_latest import read_assoc, read_specific_stars
ImportError: cannot import name 'read_specific_stars' from 'halo_properties.association.read_assoc_latest' (/ccs/home/jlewis/halo_properties/association/read_assoc_latest.py)
    from ..association.read_assoc_latest import read_assoc, read_specific_stars
ImportError: cannot import name 'read_specific_stars' from 'halo_properties.association.read_assoc_latest' (/ccs/home/jlewis/halo_properties/association/read_assoc_latest.py)
    from ..association.read_assoc_latest import read_assoc, read_specific_stars
ImportError: cannot import name 'read_specific_stars' from 'halo_properties.association.read_assoc_latest' (/ccs/home/jlewis/halo_properties/association/read_assoc_latest.py)
    from ..association.read_assoc_latest import read_assoc, read_specific_stars
ImportError: cannot import name 'read_specific_stars' from 'halo_properties.association.read_assoc_latest' (/ccs/home/jlewis/halo_properties/association/read_assoc_latest.py)
    from ..association.read_assoc_latest import read_assoc, read_specific_stars
ImportError: cannot import name 'read_specific_stars' from 'halo_properties.association.read_assoc_latest' (/ccs/home/jlewis/halo_properties/association/read_assoc_latest.py)
    from halo_properties.halo_stats.halo_fesc_latest_big_boxes import compute_fesc
  File "/ccs/home/jlewis/halo_properties/halo_stats/halo_fesc_latest_big_boxes.py", line 22, in <module>
    from ..association.read_assoc_latest import read_assoc, read_specific_stars
ImportError: cannot import name 'read_specific_stars' from 'halo_properties.association.read_assoc_latest' (/ccs/home/jlewis/halo_properties/association/read_assoc_latest.py)
    from halo_properties.halo_stats.halo_fesc_latest_big_boxes import compute_fesc
  File "/ccs/home/jlewis/halo_properties/halo_stats/halo_fesc_latest_big_boxes.py", line 22, in <module>
    from ..association.read_assoc_latest import read_assoc, read_specific_stars
ImportError: cannot import name 'read_specific_stars' from 'halo_properties.association.read_assoc_latest' (/ccs/home/jlewis/halo_properties/association/read_assoc_latest.py)
    from ..association.read_assoc_latest import read_assoc, read_specific_stars
ImportError: cannot import name 'read_specific_stars' from 'halo_properties.association.read_assoc_latest' (/ccs/home/jlewis/halo_properties/association/read_assoc_latest.py)
    from ..association.read_assoc_latest import read_assoc, read_specific_stars
ImportError: cannot import name 'read_specific_stars' from 'halo_properties.association.read_assoc_latest' (/ccs/home/jlewis/halo_properties/association/read_assoc_latest.py)
    from halo_properties.halo_stats.halo_fesc_latest_big_boxes import compute_fesc
  File "/ccs/home/jlewis/halo_properties/halo_stats/halo_fesc_latest_big_boxes.py", line 22, in <module>
    from ..association.read_assoc_latest import read_assoc, read_specific_stars
ImportError: cannot import name 'read_specific_stars' from 'halo_properties.association.read_assoc_latest' (/ccs/home/jlewis/halo_properties/association/read_assoc_latest.py)
    from ..association.read_assoc_latest import read_assoc, read_specific_stars
ImportError: cannot import name 'read_specific_stars' from 'halo_properties.association.read_assoc_latest' (/ccs/home/jlewis/halo_properties/association/read_assoc_latest.py)
Traceback (most recent call last):
  File "run_halo_fesc.py", line 1, in <module>
    from halo_properties.halo_stats.halo_fesc_latest_big_boxes import compute_fesc
  File "/ccs/home/jlewis/halo_properties/halo_stats/halo_fesc_latest_big_boxes.py", line 22, in <module>
    from ..association.read_assoc_latest import read_assoc, read_specific_stars
ImportError: cannot import name 'read_specific_stars' from 'halo_properties.association.read_assoc_latest' (/ccs/home/jlewis/halo_properties/association/read_assoc_latest.py)
Traceback (most recent call last):
  File "run_halo_fesc.py", line 1, in <module>
    from halo_properties.halo_stats.halo_fesc_latest_big_boxes import compute_fesc
  File "/ccs/home/jlewis/halo_properties/halo_stats/halo_fesc_latest_big_boxes.py", line 22, in <module>
    from ..association.read_assoc_latest import read_assoc, read_specific_stars
ImportError: cannot import name 'read_specific_stars' from 'halo_properties.association.read_assoc_latest' (/ccs/home/jlewis/halo_properties/association/read_assoc_latest.py)
Traceback (most recent call last):
  File "run_halo_fesc.py", line 1, in <module>
    from halo_properties.halo_stats.halo_fesc_latest_big_boxes import compute_fesc
  File "/ccs/home/jlewis/halo_properties/halo_stats/halo_fesc_latest_big_boxes.py", line 22, in <module>
    from ..association.read_assoc_latest import read_assoc, read_specific_stars
ImportError: cannot import name 'read_specific_stars' from 'halo_properties.association.read_assoc_latest' (/ccs/home/jlewis/halo_properties/association/read_assoc_latest.py)
Traceback (most recent call last):
  File "run_halo_fesc.py", line 1, in <module>
Traceback (most recent call last):
  File "run_halo_fesc.py", line 1, in <module>
    from halo_properties.halo_stats.halo_fesc_latest_big_boxes import compute_fesc
  File "/ccs/home/jlewis/halo_properties/halo_stats/halo_fesc_latest_big_boxes.py", line 22, in <module>
    from halo_properties.halo_stats.halo_fesc_latest_big_boxes import compute_fesc
  File "/ccs/home/jlewis/halo_properties/halo_stats/halo_fesc_latest_big_boxes.py", line 22, in <module>
    from ..association.read_assoc_latest import read_assoc, read_specific_stars
ImportError: cannot import name 'read_specific_stars' from 'halo_properties.association.read_assoc_latest' (/ccs/home/jlewis/halo_properties/association/read_assoc_latest.py)
    from ..association.read_assoc_latest import read_assoc, read_specific_stars
ImportError: cannot import name 'read_specific_stars' from 'halo_properties.association.read_assoc_latest' (/ccs/home/jlewis/halo_properties/association/read_assoc_latest.py)
Traceback (most recent call last):
  File "run_halo_fesc.py", line 1, in <module>
    from halo_properties.halo_stats.halo_fesc_latest_big_boxes import compute_fesc
  File "/ccs/home/jlewis/halo_properties/halo_stats/halo_fesc_latest_big_boxes.py", line 22, in <module>
    from ..association.read_assoc_latest import read_assoc, read_specific_stars
ImportError: cannot import name 'read_specific_stars' from 'halo_properties.association.read_assoc_latest' (/ccs/home/jlewis/halo_properties/association/read_assoc_latest.py)
--------------------------------------------------------------------------
Primary job  terminated normally, but 1 process returned
a non-zero exit code. Per user-direction, the job has been aborted.
--------------------------------------------------------------------------
--------------------------------------------------------------------------
mpiexec detected that one or more processes exited with non-zero status, thus causing
the job to be terminated. The first process to do so was:

  Process name: [[16484,1],13]
  Exit code:    1
--------------------------------------------------------------------------
