Running on 32 tasks
Skipping existing files
Redshift is 9.0
DM part mass in msun : 5.089030e+04
Getting halos and associated stars
I found 6 sets of dust absorpttion coefficients
RANK 14: Skipping subcube #1792 since it already exists
Allocated data arrays
14.5 7.5 7
(15, 15, 15) (29, 29, 29)
(15, 15, 15) (29, 29, 29)
3.5 2.5 1
(5, 5, 5) (7, 7, 7)
(5, 5, 5) (7, 7, 7)
7.5 4.5 3
(9, 9, 9) (15, 15, 15)
(9, 9, 9) (15, 15, 15)
12.5 6.5 6
(13, 13, 13) (25, 25, 25)
(13, 13, 13) (25, 25, 25)
7.5 4.5 3
(9, 9, 9) (15, 15, 15)
(9, 9, 9) (15, 15, 15)
6.5 3.5 3
(7, 7, 7) (13, 13, 13)
(7, 7, 7) (13, 13, 13)
11.5 6.5 5
(13, 13, 13) (23, 23, 23)
(13, 13, 13) (23, 23, 23)
5.5 3.5 2
(7, 7, 7) (11, 11, 11)
(7, 7, 7) (11, 11, 11)
5.5 3.5 2
(7, 7, 7) (11, 11, 11)
(7, 7, 7) (11, 11, 11)
6.5 3.5 3
(7, 7, 7) (13, 13, 13)
(7, 7, 7) (13, 13, 13)
7.5 4.5 3
(9, 9, 9) (15, 15, 15)
(9, 9, 9) (15, 15, 15)
5.5 3.5 2
(7, 7, 7) (11, 11, 11)
(7, 7, 7) (11, 11, 11)
5.5 3.5 2
(7, 7, 7) (11, 11, 11)
(7, 7, 7) (11, 11, 11)
2.5 1.5 1
(3, 3, 3) (5, 5, 5)
(3, 3, 3) (5, 5, 5)
5.5 3.5 2
(7, 7, 7) (11, 11, 11)
(7, 7, 7) (11, 11, 11)
13.5 7.5 6
(15, 15, 15) (27, 27, 27)
(15, 15, 15) (27, 27, 27)
9.5 5.5 4
(11, 11, 11) (19, 19, 19)
(11, 11, 11) (19, 19, 19)
7.5 4.5 3
(9, 9, 9) (15, 15, 15)
(9, 9, 9) (15, 15, 15)
7.5 4.5 3
(9, 9, 9) (15, 15, 15)
(9, 9, 9) (15, 15, 15)
7.5 4.5 3
(9, 9, 9) (15, 15, 15)
(9, 9, 9) (15, 15, 15)
2.5 1.5 1
(3, 3, 3) (5, 5, 5)
(3, 3, 3) (5, 5, 5)
4.5 2.5 2
(5, 5, 5) (9, 9, 9)
(5, 5, 5) (9, 9, 9)
6.5 3.5 3
(7, 7, 7) (13, 13, 13)
(7, 7, 7) (13, 13, 13)
6.5 3.5 3
(7, 7, 7) (13, 13, 13)
(7, 7, 7) (13, 13, 13)
Loaded files
8.5 4.5 4
(9, 9, 9) (17, 17, 17)
(9, 9, 9) (17, 17, 17)
5.5 3.5 2
(7, 7, 7) (11, 11, 11)
(7, 7, 7) (11, 11, 11)
4.5 2.5 2
(5, 5, 5) (9, 9, 9)
(5, 5, 5) (9, 9, 9)
7.5 4.5 3
(9, 9, 9) (15, 15, 15)
(9, 9, 9) (15, 15, 15)
6.5 3.5 3
(7, 7, 7) (13, 13, 13)
(7, 7, 7) (13, 13, 13)
9.5 5.5 4
(11, 11, 11) (19, 19, 19)
(11, 11, 11) (19, 19, 19)
4.5 2.5 2
(5, 5, 5) (9, 9, 9)
(5, 5, 5) (9, 9, 9)
5.5 3.5 2
(7, 7, 7) (11, 11, 11)
(7, 7, 7) (11, 11, 11)
Running on 32 tasks
Skipping existing files
Redshift is 9.0
DM part mass in msun : 5.089030e+04
Getting halos and associated stars
I found 6 sets of dust absorpttion coefficients
RANK 10: Skipping subcube #1280 since it already exists
RANK 14: Skipping subcube #1792 since it already exists
Allocated data arrays
3.5 2.5 1
(5, 5, 5) (7, 7, 7)
(5, 5, 5) (7, 7, 7)
3.5 2.5 1
(5, 5, 5) (7, 7, 7)
(5, 5, 5) (7, 7, 7)
4.5 2.5 2
(5, 5, 5) (9, 9, 9)
(5, 5, 5) (9, 9, 9)
Loaded files
4.5 2.5 2
(5, 5, 5) (9, 9, 9)
(5, 5, 5) (9, 9, 9)
4.5 2.5 2
(5, 5, 5) (9, 9, 9)
(5, 5, 5) (9, 9, 9)
3.5 2.5 1
(5, 5, 5) (7, 7, 7)
(5, 5, 5) (7, 7, 7)
3.5 2.5 1
(5, 5, 5) (7, 7, 7)
(5, 5, 5) (7, 7, 7)
3.5 2.5 1
(5, 5, 5) (7, 7, 7)
(5, 5, 5) (7, 7, 7)
2.5 1.5 1
(3, 3, 3) (5, 5, 5)
(3, 3, 3) (5, 5, 5)
3.5 2.5 1
(5, 5, 5) (7, 7, 7)
(5, 5, 5) (7, 7, 7)
4.5 2.5 2
(5, 5, 5) (9, 9, 9)
(5, 5, 5) (9, 9, 9)
3.5 2.5 1
(5, 5, 5) (7, 7, 7)
(5, 5, 5) (7, 7, 7)
9.5 5.5 4
(11, 11, 11) (19, 19, 19)
(11, 11, 11) (19, 19, 19)
2.5 1.5 1
(3, 3, 3) (5, 5, 5)
(3, 3, 3) (5, 5, 5)
4.5 2.5 2
(5, 5, 5) (9, 9, 9)
(5, 5, 5) (9, 9, 9)
4.5 2.5 2
(5, 5, 5) (9, 9, 9)
(5, 5, 5) (9, 9, 9)
8.5 4.5 4
(9, 9, 9) (17, 17, 17)
(9, 9, 9) (17, 17, 17)
5.5 3.5 2
(7, 7, 7) (11, 11, 11)
(7, 7, 7) (11, 11, 11)
4.5 2.5 2
(5, 5, 5) (9, 9, 9)
(5, 5, 5) (9, 9, 9)
3.5 2.5 1
(5, 5, 5) (7, 7, 7)
(5, 5, 5) (7, 7, 7)
3.5 2.5 1
(5, 5, 5) (7, 7, 7)
(5, 5, 5) (7, 7, 7)
3.5 2.5 1
(5, 5, 5) (7, 7, 7)
(5, 5, 5) (7, 7, 7)
3.5 2.5 1
(5, 5, 5) (7, 7, 7)
(5, 5, 5) (7, 7, 7)
3.5 2.5 1
(5, 5, 5) (7, 7, 7)
(5, 5, 5) (7, 7, 7)
5.5 3.5 2
(7, 7, 7) (11, 11, 11)
(7, 7, 7) (11, 11, 11)
6.5 3.5 3
(7, 7, 7) (13, 13, 13)
(7, 7, 7) (13, 13, 13)
4.5 2.5 2
(5, 5, 5) (9, 9, 9)
(5, 5, 5) (9, 9, 9)
4.5 2.5 2
(5, 5, 5) (9, 9, 9)
(5, 5, 5) (9, 9, 9)
2.5 1.5 1
(3, 3, 3) (5, 5, 5)
(3, 3, 3) (5, 5, 5)
4.5 2.5 2
(5, 5, 5) (9, 9, 9)
(5, 5, 5) (9, 9, 9)
2.5 1.5 1
(3, 3, 3) (5, 5, 5)
(3, 3, 3) (5, 5, 5)
3.5 2.5 1
(5, 5, 5) (7, 7, 7)
(5, 5, 5) (7, 7, 7)
job done
