Running on 32 tasks
Skipping existing files
Redshift is 15.0
DM part mass in msun : 5.089030e+04
Getting halos and associated stars
Writing /gpfs/alpine/proj-shared/ast031/jlewis/CoDaIII_analysis/results_stellar_peak_halos_14_ll_0p200/halo_stats_512
Writing /gpfs/alpine/proj-shared/ast031/jlewis/CoDaIII_analysis/results_stellar_peak_halos_14_ll_0p200/halo_stats_1280
Allocated data arrays
Writing /gpfs/alpine/proj-shared/ast031/jlewis/CoDaIII_analysis/results_stellar_peak_halos_14_ll_0p200/halo_stats_3456
Writing /gpfs/alpine/proj-shared/ast031/jlewis/CoDaIII_analysis/results_stellar_peak_halos_14_ll_0p200/halo_stats_3712
(434,) (6,)
Writing /gpfs/alpine/proj-shared/ast031/jlewis/CoDaIII_analysis/results_stellar_peak_halos_14_ll_0p200/halo_stats_3584
Writing /gpfs/alpine/proj-shared/ast031/jlewis/CoDaIII_analysis/results_stellar_peak_halos_14_ll_0p200/halo_stats_3840
Writing /gpfs/alpine/proj-shared/ast031/jlewis/CoDaIII_analysis/results_stellar_peak_halos_14_ll_0p200/halo_stats_2048
(169,) (6,)
Writing /gpfs/alpine/proj-shared/ast031/jlewis/CoDaIII_analysis/results_stellar_peak_halos_14_ll_0p200/halo_stats_2304
(592,) (6,)
(1513,) (6,)
Writing /gpfs/alpine/proj-shared/ast031/jlewis/CoDaIII_analysis/results_stellar_peak_halos_14_ll_0p200/halo_stats_1792
Writing /gpfs/alpine/proj-shared/ast031/jlewis/CoDaIII_analysis/results_stellar_peak_halos_14_ll_0p200/halo_stats_2176
Writing /gpfs/alpine/proj-shared/ast031/jlewis/CoDaIII_analysis/results_stellar_peak_halos_14_ll_0p200/halo_stats_2432
Writing /gpfs/alpine/proj-shared/ast031/jlewis/CoDaIII_analysis/results_stellar_peak_halos_14_ll_0p200/halo_stats_3072
Writing /gpfs/alpine/proj-shared/ast031/jlewis/CoDaIII_analysis/results_stellar_peak_halos_14_ll_0p200/halo_stats_256
Writing /gpfs/alpine/proj-shared/ast031/jlewis/CoDaIII_analysis/results_stellar_peak_halos_14_ll_0p200/halo_stats_2688
(599,) (6,)
Writing /gpfs/alpine/proj-shared/ast031/jlewis/CoDaIII_analysis/results_stellar_peak_halos_14_ll_0p200/halo_stats_768
(1148,) (6,)
Writing /gpfs/alpine/proj-shared/ast031/jlewis/CoDaIII_analysis/results_stellar_peak_halos_14_ll_0p200/halo_stats_0
Writing /gpfs/alpine/proj-shared/ast031/jlewis/CoDaIII_analysis/results_stellar_peak_halos_14_ll_0p200/halo_stats_2944
Writing /gpfs/alpine/proj-shared/ast031/jlewis/CoDaIII_analysis/results_stellar_peak_halos_14_ll_0p200/halo_stats_3328
Writing /gpfs/alpine/proj-shared/ast031/jlewis/CoDaIII_analysis/results_stellar_peak_halos_14_ll_0p200/halo_stats_2816
Writing /gpfs/alpine/proj-shared/ast031/jlewis/CoDaIII_analysis/results_stellar_peak_halos_14_ll_0p200/halo_stats_1024
(2144,) (6,)
Writing /gpfs/alpine/proj-shared/ast031/jlewis/CoDaIII_analysis/results_stellar_peak_halos_14_ll_0p200/halo_stats_1152
(770,) (6,)
(1204,) (6,)
(1294,) (6,)
Writing /gpfs/alpine/proj-shared/ast031/jlewis/CoDaIII_analysis/results_stellar_peak_halos_14_ll_0p200/halo_stats_1536
(2562,) (6,)
Writing /gpfs/alpine/proj-shared/ast031/jlewis/CoDaIII_analysis/results_stellar_peak_halos_14_ll_0p200/halo_stats_1920
Writing /gpfs/alpine/proj-shared/ast031/jlewis/CoDaIII_analysis/results_stellar_peak_halos_14_ll_0p200/halo_stats_2560
(2135,) (6,)
(617,) (6,)
Writing /gpfs/alpine/proj-shared/ast031/jlewis/CoDaIII_analysis/results_stellar_peak_halos_14_ll_0p200/halo_stats_128
(2179,) (6,)
(1848,) (6,)
Writing /gpfs/alpine/proj-shared/ast031/jlewis/CoDaIII_analysis/results_stellar_peak_halos_14_ll_0p200/halo_stats_640
(1387,) (6,)
Writing /gpfs/alpine/proj-shared/ast031/jlewis/CoDaIII_analysis/results_stellar_peak_halos_14_ll_0p200/halo_stats_384
Writing /gpfs/alpine/proj-shared/ast031/jlewis/CoDaIII_analysis/results_stellar_peak_halos_14_ll_0p200/halo_stats_896
(1234,) (6,)
Writing /gpfs/alpine/proj-shared/ast031/jlewis/CoDaIII_analysis/results_stellar_peak_halos_14_ll_0p200/halo_stats_3968
Writing /gpfs/alpine/proj-shared/ast031/jlewis/CoDaIII_analysis/results_stellar_peak_halos_14_ll_0p200/halo_stats_3200
Writing /gpfs/alpine/proj-shared/ast031/jlewis/CoDaIII_analysis/results_stellar_peak_halos_14_ll_0p200/halo_stats_1408
(1592,) (6,)
(3690,) (6,)
(4569,) (6,)
(895,) (6,)
(907,) (6,)
(485,) (6,)
(2422,) (6,)
(4299,) (6,)
(4347,) (6,)
(3790,) (6,)
(3122,) (6,)
(1992,) (6,)
(4826,) (6,)
Writing /gpfs/alpine/proj-shared/ast031/jlewis/CoDaIII_analysis/results_stellar_peak_halos_14_ll_0p200/halo_stats_1664
(2075,) (6,)
(6231,) (6,)
Running on 32 tasks
Skipping existing files
Redshift is 15.0
DM part mass in msun : 5.089030e+04
Getting halos and associated stars
Writing /gpfs/alpine/proj-shared/ast031/jlewis/CoDaIII_analysis/results_stellar_peak_halos_14_ll_0p100/halo_stats_2304
Writing /gpfs/alpine/proj-shared/ast031/jlewis/CoDaIII_analysis/results_stellar_peak_halos_14_ll_0p100/halo_stats_1920
Writing /gpfs/alpine/proj-shared/ast031/jlewis/CoDaIII_analysis/results_stellar_peak_halos_14_ll_0p100/halo_stats_3072
(755,) (6,)
(306,) (6,)
(217,) (6,)
Writing /gpfs/alpine/proj-shared/ast031/jlewis/CoDaIII_analysis/results_stellar_peak_halos_14_ll_0p100/halo_stats_3968
Writing /gpfs/alpine/proj-shared/ast031/jlewis/CoDaIII_analysis/results_stellar_peak_halos_14_ll_0p100/halo_stats_3584
(1003,) (6,)
Writing /gpfs/alpine/proj-shared/ast031/jlewis/CoDaIII_analysis/results_stellar_peak_halos_14_ll_0p100/halo_stats_2816
(67,) (6,)
Writing /gpfs/alpine/proj-shared/ast031/jlewis/CoDaIII_analysis/results_stellar_peak_halos_14_ll_0p100/halo_stats_3840
Writing /gpfs/alpine/proj-shared/ast031/jlewis/CoDaIII_analysis/results_stellar_peak_halos_14_ll_0p100/halo_stats_2048
Writing /gpfs/alpine/proj-shared/ast031/jlewis/CoDaIII_analysis/results_stellar_peak_halos_14_ll_0p100/halo_stats_256
Writing /gpfs/alpine/proj-shared/ast031/jlewis/CoDaIII_analysis/results_stellar_peak_halos_14_ll_0p100/halo_stats_512
Writing /gpfs/alpine/proj-shared/ast031/jlewis/CoDaIII_analysis/results_stellar_peak_halos_14_ll_0p100/halo_stats_1280
Writing /gpfs/alpine/proj-shared/ast031/jlewis/CoDaIII_analysis/results_stellar_peak_halos_14_ll_0p100/halo_stats_1536
Allocated data arrays
Writing /gpfs/alpine/proj-shared/ast031/jlewis/CoDaIII_analysis/results_stellar_peak_halos_14_ll_0p100/halo_stats_2432
Writing /gpfs/alpine/proj-shared/ast031/jlewis/CoDaIII_analysis/results_stellar_peak_halos_14_ll_0p100/halo_stats_2944
Writing /gpfs/alpine/proj-shared/ast031/jlewis/CoDaIII_analysis/results_stellar_peak_halos_14_ll_0p100/halo_stats_3328
Writing /gpfs/alpine/proj-shared/ast031/jlewis/CoDaIII_analysis/results_stellar_peak_halos_14_ll_0p100/halo_stats_3456
Writing /gpfs/alpine/proj-shared/ast031/jlewis/CoDaIII_analysis/results_stellar_peak_halos_14_ll_0p100/halo_stats_768
Writing /gpfs/alpine/proj-shared/ast031/jlewis/CoDaIII_analysis/results_stellar_peak_halos_14_ll_0p100/halo_stats_2176
Writing /gpfs/alpine/proj-shared/ast031/jlewis/CoDaIII_analysis/results_stellar_peak_halos_14_ll_0p100/halo_stats_0
Writing /gpfs/alpine/proj-shared/ast031/jlewis/CoDaIII_analysis/results_stellar_peak_halos_14_ll_0p100/halo_stats_2688
Writing /gpfs/alpine/proj-shared/ast031/jlewis/CoDaIII_analysis/results_stellar_peak_halos_14_ll_0p100/halo_stats_3712
(223,) (6,)
Writing /gpfs/alpine/proj-shared/ast031/jlewis/CoDaIII_analysis/results_stellar_peak_halos_14_ll_0p100/halo_stats_384
Writing /gpfs/alpine/proj-shared/ast031/jlewis/CoDaIII_analysis/results_stellar_peak_halos_14_ll_0p100/halo_stats_1152
Writing /gpfs/alpine/proj-shared/ast031/jlewis/CoDaIII_analysis/results_stellar_peak_halos_14_ll_0p100/halo_stats_1792
(102,) (6,)
Writing /gpfs/alpine/proj-shared/ast031/jlewis/CoDaIII_analysis/results_stellar_peak_halos_14_ll_0p100/halo_stats_128
(185,) (6,)
(468,) (6,)
(17,) (6,)
Writing /gpfs/alpine/proj-shared/ast031/jlewis/CoDaIII_analysis/results_stellar_peak_halos_14_ll_0p100/halo_stats_1024
Writing /gpfs/alpine/proj-shared/ast031/jlewis/CoDaIII_analysis/results_stellar_peak_halos_14_ll_0p100/halo_stats_896
Writing /gpfs/alpine/proj-shared/ast031/jlewis/CoDaIII_analysis/results_stellar_peak_halos_14_ll_0p100/halo_stats_640
(380,) (6,)
Writing /gpfs/alpine/proj-shared/ast031/jlewis/CoDaIII_analysis/results_stellar_peak_halos_14_ll_0p100/halo_stats_2560
(70,) (6,)
(128,) (6,)
(349,) (6,)
(68,) (6,)
(150,) (6,)
(145,) (6,)
(335,) (6,)
(44,) (6,)
(593,) (6,)
Writing /gpfs/alpine/proj-shared/ast031/jlewis/CoDaIII_analysis/results_stellar_peak_halos_14_ll_0p100/halo_stats_1408
Writing /gpfs/alpine/proj-shared/ast031/jlewis/CoDaIII_analysis/results_stellar_peak_halos_14_ll_0p100/halo_stats_3200
(130,) (6,)
(201,) (6,)
(375,) (6,)
(362,) (6,)
(92,) (6,)
(398,) (6,)
(297,) (6,)
(589,) (6,)
Writing /gpfs/alpine/proj-shared/ast031/jlewis/CoDaIII_analysis/results_stellar_peak_halos_14_ll_0p100/halo_stats_1664
(749,) (6,)
(749,) (6,)
(152,) (6,)
(1215,) (6,)
Running on 32 tasks
Skipping existing files
Redshift is 15.0
DM part mass in msun : 5.089030e+04
Getting halos and associated stars
Writing /gpfs/alpine/proj-shared/ast031/jlewis/CoDaIII_analysis/results_stellar_peak_halos_14_ll_0p150/halo_stats_512
Writing /gpfs/alpine/proj-shared/ast031/jlewis/CoDaIII_analysis/results_stellar_peak_halos_14_ll_0p150/halo_stats_128
Writing /gpfs/alpine/proj-shared/ast031/jlewis/CoDaIII_analysis/results_stellar_peak_halos_14_ll_0p150/halo_stats_1280
Writing /gpfs/alpine/proj-shared/ast031/jlewis/CoDaIII_analysis/results_stellar_peak_halos_14_ll_0p150/halo_stats_384
Writing /gpfs/alpine/proj-shared/ast031/jlewis/CoDaIII_analysis/results_stellar_peak_halos_14_ll_0p150/halo_stats_3456
Allocated data arrays
Writing /gpfs/alpine/proj-shared/ast031/jlewis/CoDaIII_analysis/results_stellar_peak_halos_14_ll_0p150/halo_stats_256
Writing /gpfs/alpine/proj-shared/ast031/jlewis/CoDaIII_analysis/results_stellar_peak_halos_14_ll_0p150/halo_stats_1792
Writing /gpfs/alpine/proj-shared/ast031/jlewis/CoDaIII_analysis/results_stellar_peak_halos_14_ll_0p150/halo_stats_2176
Writing /gpfs/alpine/proj-shared/ast031/jlewis/CoDaIII_analysis/results_stellar_peak_halos_14_ll_0p150/halo_stats_0
Writing /gpfs/alpine/proj-shared/ast031/jlewis/CoDaIII_analysis/results_stellar_peak_halos_14_ll_0p150/halo_stats_640
Writing /gpfs/alpine/proj-shared/ast031/jlewis/CoDaIII_analysis/results_stellar_peak_halos_14_ll_0p150/halo_stats_1536
(269,) (6,)
Writing /gpfs/alpine/proj-shared/ast031/jlewis/CoDaIII_analysis/results_stellar_peak_halos_14_ll_0p150/halo_stats_2432
(1252,) (6,)
(1001,) (6,)
Writing /gpfs/alpine/proj-shared/ast031/jlewis/CoDaIII_analysis/results_stellar_peak_halos_14_ll_0p150/halo_stats_2688
(70,) (6,)
Writing /gpfs/alpine/proj-shared/ast031/jlewis/CoDaIII_analysis/results_stellar_peak_halos_14_ll_0p150/halo_stats_3584
Writing /gpfs/alpine/proj-shared/ast031/jlewis/CoDaIII_analysis/results_stellar_peak_halos_14_ll_0p150/halo_stats_768
Writing /gpfs/alpine/proj-shared/ast031/jlewis/CoDaIII_analysis/results_stellar_peak_halos_14_ll_0p150/halo_stats_1152
(1118,) (6,)
Writing /gpfs/alpine/proj-shared/ast031/jlewis/CoDaIII_analysis/results_stellar_peak_halos_14_ll_0p150/halo_stats_2048
(601,) (6,)
Writing /gpfs/alpine/proj-shared/ast031/jlewis/CoDaIII_analysis/results_stellar_peak_halos_14_ll_0p150/halo_stats_2944
(441,) (6,)
Writing /gpfs/alpine/proj-shared/ast031/jlewis/CoDaIII_analysis/results_stellar_peak_halos_14_ll_0p150/halo_stats_3712
(1281,) (6,)
Writing /gpfs/alpine/proj-shared/ast031/jlewis/CoDaIII_analysis/results_stellar_peak_halos_14_ll_0p150/halo_stats_3840
(559,) (6,)
Writing /gpfs/alpine/proj-shared/ast031/jlewis/CoDaIII_analysis/results_stellar_peak_halos_14_ll_0p150/halo_stats_896
(1628,) (6,)
(464,) (6,)
Writing /gpfs/alpine/proj-shared/ast031/jlewis/CoDaIII_analysis/results_stellar_peak_halos_14_ll_0p150/halo_stats_3072
(274,) (6,)
(240,) (6,)
Writing /gpfs/alpine/proj-shared/ast031/jlewis/CoDaIII_analysis/results_stellar_peak_halos_14_ll_0p150/halo_stats_1920
Writing /gpfs/alpine/proj-shared/ast031/jlewis/CoDaIII_analysis/results_stellar_peak_halos_14_ll_0p150/halo_stats_2304
Writing /gpfs/alpine/proj-shared/ast031/jlewis/CoDaIII_analysis/results_stellar_peak_halos_14_ll_0p150/halo_stats_3328
(1060,) (6,)
(591,) (6,)
Writing /gpfs/alpine/proj-shared/ast031/jlewis/CoDaIII_analysis/results_stellar_peak_halos_14_ll_0p150/halo_stats_1024
(2473,) (6,)
Writing /gpfs/alpine/proj-shared/ast031/jlewis/CoDaIII_analysis/results_stellar_peak_halos_14_ll_0p150/halo_stats_2816
Writing /gpfs/alpine/proj-shared/ast031/jlewis/CoDaIII_analysis/results_stellar_peak_halos_14_ll_0p150/halo_stats_3200
Writing /gpfs/alpine/proj-shared/ast031/jlewis/CoDaIII_analysis/results_stellar_peak_halos_14_ll_0p150/halo_stats_3968
(190,) (6,)
(1147,) (6,)
(325,) (6,)
(1121,) (6,)
(377,) (6,)
(788,) (6,)
Writing /gpfs/alpine/proj-shared/ast031/jlewis/CoDaIII_analysis/results_stellar_peak_halos_14_ll_0p150/halo_stats_2560
(1205,) (6,)
(1906,) (6,)
(827,) (6,)
(655,) (6,)
(709,) (6,)
Writing /gpfs/alpine/proj-shared/ast031/jlewis/CoDaIII_analysis/results_stellar_peak_halos_14_ll_0p150/halo_stats_1408
Writing /gpfs/alpine/proj-shared/ast031/jlewis/CoDaIII_analysis/results_stellar_peak_halos_14_ll_0p150/halo_stats_1664
(2108,) (6,)
(2535,) (6,)
(2895,) (6,)
(3612,) (6,)
(2464,) (6,)
Running on 32 tasks
Skipping existing files
Redshift is 15.0
DM part mass in msun : 5.089030e+04
Getting halos and associated stars
Allocated data arrays
Writing /gpfs/alpine/proj-shared/ast031/jlewis/CoDaIII_analysis/results_stellar_peak_halos_14_ll_0p200_2xr200/halo_stats_0
Writing /gpfs/alpine/proj-shared/ast031/jlewis/CoDaIII_analysis/results_stellar_peak_halos_14_ll_0p200_2xr200/halo_stats_2944
Writing /gpfs/alpine/proj-shared/ast031/jlewis/CoDaIII_analysis/results_stellar_peak_halos_14_ll_0p200_2xr200/halo_stats_512
Writing /gpfs/alpine/proj-shared/ast031/jlewis/CoDaIII_analysis/results_stellar_peak_halos_14_ll_0p200_2xr200/halo_stats_1536
Writing /gpfs/alpine/proj-shared/ast031/jlewis/CoDaIII_analysis/results_stellar_peak_halos_14_ll_0p200_2xr200/halo_stats_2176
Writing /gpfs/alpine/proj-shared/ast031/jlewis/CoDaIII_analysis/results_stellar_peak_halos_14_ll_0p200_2xr200/halo_stats_3456
Writing /gpfs/alpine/proj-shared/ast031/jlewis/CoDaIII_analysis/results_stellar_peak_halos_14_ll_0p200_2xr200/halo_stats_3584
(1848,) (6,)
Writing /gpfs/alpine/proj-shared/ast031/jlewis/CoDaIII_analysis/results_stellar_peak_halos_14_ll_0p200_2xr200/halo_stats_3840
Writing /gpfs/alpine/proj-shared/ast031/jlewis/CoDaIII_analysis/results_stellar_peak_halos_14_ll_0p200_2xr200/halo_stats_2048
Writing /gpfs/alpine/proj-shared/ast031/jlewis/CoDaIII_analysis/results_stellar_peak_halos_14_ll_0p200_2xr200/halo_stats_640
Writing /gpfs/alpine/proj-shared/ast031/jlewis/CoDaIII_analysis/results_stellar_peak_halos_14_ll_0p200_2xr200/halo_stats_3712
Writing /gpfs/alpine/proj-shared/ast031/jlewis/CoDaIII_analysis/results_stellar_peak_halos_14_ll_0p200_2xr200/halo_stats_2688
(169,) (6,)
Writing /gpfs/alpine/proj-shared/ast031/jlewis/CoDaIII_analysis/results_stellar_peak_halos_14_ll_0p200_2xr200/halo_stats_1792
(599,) (6,)
Writing /gpfs/alpine/proj-shared/ast031/jlewis/CoDaIII_analysis/results_stellar_peak_halos_14_ll_0p200_2xr200/halo_stats_128
Writing /gpfs/alpine/proj-shared/ast031/jlewis/CoDaIII_analysis/results_stellar_peak_halos_14_ll_0p200_2xr200/halo_stats_3072
Writing /gpfs/alpine/proj-shared/ast031/jlewis/CoDaIII_analysis/results_stellar_peak_halos_14_ll_0p200_2xr200/halo_stats_3328
Writing /gpfs/alpine/proj-shared/ast031/jlewis/CoDaIII_analysis/results_stellar_peak_halos_14_ll_0p200_2xr200/halo_stats_1024
(2135,) (6,)
Writing /gpfs/alpine/proj-shared/ast031/jlewis/CoDaIII_analysis/results_stellar_peak_halos_14_ll_0p200_2xr200/halo_stats_1280
(485,) (6,)
Writing /gpfs/alpine/proj-shared/ast031/jlewis/CoDaIII_analysis/results_stellar_peak_halos_14_ll_0p200_2xr200/halo_stats_768
(618,) (6,)
(1294,) (6,)
(1148,) (6,)
(2422,) (6,)
(907,) (6,)
(592,) (6,)
(1992,) (6,)
Writing /gpfs/alpine/proj-shared/ast031/jlewis/CoDaIII_analysis/results_stellar_peak_halos_14_ll_0p200_2xr200/halo_stats_256
Writing /gpfs/alpine/proj-shared/ast031/jlewis/CoDaIII_analysis/results_stellar_peak_halos_14_ll_0p200_2xr200/halo_stats_2304
Writing /gpfs/alpine/proj-shared/ast031/jlewis/CoDaIII_analysis/results_stellar_peak_halos_14_ll_0p200_2xr200/halo_stats_1152
Writing /gpfs/alpine/proj-shared/ast031/jlewis/CoDaIII_analysis/results_stellar_peak_halos_14_ll_0p200_2xr200/halo_stats_896
Writing /gpfs/alpine/proj-shared/ast031/jlewis/CoDaIII_analysis/results_stellar_peak_halos_14_ll_0p200_2xr200/halo_stats_384
(2562,) (6,)
(1592,) (6,)
(2075,) (6,)
(1204,) (6,)
Writing /gpfs/alpine/proj-shared/ast031/jlewis/CoDaIII_analysis/results_stellar_peak_halos_14_ll_0p200_2xr200/halo_stats_2432
Writing /gpfs/alpine/proj-shared/ast031/jlewis/CoDaIII_analysis/results_stellar_peak_halos_14_ll_0p200_2xr200/halo_stats_2560
(434,) (6,)
Writing /gpfs/alpine/proj-shared/ast031/jlewis/CoDaIII_analysis/results_stellar_peak_halos_14_ll_0p200_2xr200/halo_stats_2816
(1234,) (6,)
(895,) (6,)
(1513,) (6,)
Writing /gpfs/alpine/proj-shared/ast031/jlewis/CoDaIII_analysis/results_stellar_peak_halos_14_ll_0p200_2xr200/halo_stats_1920
Writing /gpfs/alpine/proj-shared/ast031/jlewis/CoDaIII_analysis/results_stellar_peak_halos_14_ll_0p200_2xr200/halo_stats_3968
(2144,) (6,)
(4826,) (6,)
Writing /gpfs/alpine/proj-shared/ast031/jlewis/CoDaIII_analysis/results_stellar_peak_halos_14_ll_0p200_2xr200/halo_stats_3200
(1387,) (6,)
(2179,) (6,)
(3790,) (6,)
Writing /gpfs/alpine/proj-shared/ast031/jlewis/CoDaIII_analysis/results_stellar_peak_halos_14_ll_0p200_2xr200/halo_stats_1664
(3122,) (6,)
(770,) (6,)
(4569,) (6,)
(6230,) (6,)
(4299,) (6,)
(3690,) (6,)
Writing /gpfs/alpine/proj-shared/ast031/jlewis/CoDaIII_analysis/results_stellar_peak_halos_14_ll_0p200_2xr200/halo_stats_1408
(4347,) (6,)
Running on 32 tasks
Skipping existing files
Redshift is 15.0
DM part mass in msun : 5.089030e+04
Getting halos and associated stars
Writing /gpfs/alpine/proj-shared/ast031/jlewis/CoDaIII_analysis/results_stellar_peak_halos_14_ll_0p100_2xr200/halo_stats_1920
Writing /gpfs/alpine/proj-shared/ast031/jlewis/CoDaIII_analysis/results_stellar_peak_halos_14_ll_0p100_2xr200/halo_stats_2816
Writing /gpfs/alpine/proj-shared/ast031/jlewis/CoDaIII_analysis/results_stellar_peak_halos_14_ll_0p100_2xr200/halo_stats_1536
(70,) (6,)
Writing /gpfs/alpine/proj-shared/ast031/jlewis/CoDaIII_analysis/results_stellar_peak_halos_14_ll_0p100_2xr200/halo_stats_2304
Writing /gpfs/alpine/proj-shared/ast031/jlewis/CoDaIII_analysis/results_stellar_peak_halos_14_ll_0p100_2xr200/halo_stats_1792
Writing /gpfs/alpine/proj-shared/ast031/jlewis/CoDaIII_analysis/results_stellar_peak_halos_14_ll_0p100_2xr200/halo_stats_1280
Writing /gpfs/alpine/proj-shared/ast031/jlewis/CoDaIII_analysis/results_stellar_peak_halos_14_ll_0p100_2xr200/halo_stats_512
Allocated data arrays
Writing /gpfs/alpine/proj-shared/ast031/jlewis/CoDaIII_analysis/results_stellar_peak_halos_14_ll_0p100_2xr200/halo_stats_2176
Writing /gpfs/alpine/proj-shared/ast031/jlewis/CoDaIII_analysis/results_stellar_peak_halos_14_ll_0p100_2xr200/halo_stats_2432
Writing /gpfs/alpine/proj-shared/ast031/jlewis/CoDaIII_analysis/results_stellar_peak_halos_14_ll_0p100_2xr200/halo_stats_256
Writing /gpfs/alpine/proj-shared/ast031/jlewis/CoDaIII_analysis/results_stellar_peak_halos_14_ll_0p100_2xr200/halo_stats_3840
Writing /gpfs/alpine/proj-shared/ast031/jlewis/CoDaIII_analysis/results_stellar_peak_halos_14_ll_0p100_2xr200/halo_stats_3456
Writing /gpfs/alpine/proj-shared/ast031/jlewis/CoDaIII_analysis/results_stellar_peak_halos_14_ll_0p100_2xr200/halo_stats_3584
Writing /gpfs/alpine/proj-shared/ast031/jlewis/CoDaIII_analysis/results_stellar_peak_halos_14_ll_0p100_2xr200/halo_stats_768
Writing /gpfs/alpine/proj-shared/ast031/jlewis/CoDaIII_analysis/results_stellar_peak_halos_14_ll_0p100_2xr200/halo_stats_2944
Writing /gpfs/alpine/proj-shared/ast031/jlewis/CoDaIII_analysis/results_stellar_peak_halos_14_ll_0p100_2xr200/halo_stats_2048
Writing /gpfs/alpine/proj-shared/ast031/jlewis/CoDaIII_analysis/results_stellar_peak_halos_14_ll_0p100_2xr200/halo_stats_0
Writing /gpfs/alpine/proj-shared/ast031/jlewis/CoDaIII_analysis/results_stellar_peak_halos_14_ll_0p100_2xr200/halo_stats_1152
Writing /gpfs/alpine/proj-shared/ast031/jlewis/CoDaIII_analysis/results_stellar_peak_halos_14_ll_0p100_2xr200/halo_stats_2688
(589,) (6,)
(92,) (6,)
Writing /gpfs/alpine/proj-shared/ast031/jlewis/CoDaIII_analysis/results_stellar_peak_halos_14_ll_0p100_2xr200/halo_stats_3072
(223,) (6,)
Writing /gpfs/alpine/proj-shared/ast031/jlewis/CoDaIII_analysis/results_stellar_peak_halos_14_ll_0p100_2xr200/halo_stats_3712
Writing /gpfs/alpine/proj-shared/ast031/jlewis/CoDaIII_analysis/results_stellar_peak_halos_14_ll_0p100_2xr200/halo_stats_896
(306,) (6,)
(380,) (6,)
(67,) (6,)
Writing /gpfs/alpine/proj-shared/ast031/jlewis/CoDaIII_analysis/results_stellar_peak_halos_14_ll_0p100_2xr200/halo_stats_128
Writing /gpfs/alpine/proj-shared/ast031/jlewis/CoDaIII_analysis/results_stellar_peak_halos_14_ll_0p100_2xr200/halo_stats_384
(44,) (6,)
(17,) (6,)
(152,) (6,)
(185,) (6,)
Writing /gpfs/alpine/proj-shared/ast031/jlewis/CoDaIII_analysis/results_stellar_peak_halos_14_ll_0p100_2xr200/halo_stats_3328
Writing /gpfs/alpine/proj-shared/ast031/jlewis/CoDaIII_analysis/results_stellar_peak_halos_14_ll_0p100_2xr200/halo_stats_640
Writing /gpfs/alpine/proj-shared/ast031/jlewis/CoDaIII_analysis/results_stellar_peak_halos_14_ll_0p100_2xr200/halo_stats_1024
(102,) (6,)
(128,) (6,)
(201,) (6,)
(68,) (6,)
(335,) (6,)
(468,) (6,)
(349,) (6,)
(297,) (6,)
(362,) (6,)
(145,) (6,)
(375,) (6,)
(150,) (6,)
Writing /gpfs/alpine/proj-shared/ast031/jlewis/CoDaIII_analysis/results_stellar_peak_halos_14_ll_0p100_2xr200/halo_stats_2560
(755,) (6,)
Writing /gpfs/alpine/proj-shared/ast031/jlewis/CoDaIII_analysis/results_stellar_peak_halos_14_ll_0p100_2xr200/halo_stats_1408
Writing /gpfs/alpine/proj-shared/ast031/jlewis/CoDaIII_analysis/results_stellar_peak_halos_14_ll_0p100_2xr200/halo_stats_3200
(398,) (6,)
(217,) (6,)
(749,) (6,)
Writing /gpfs/alpine/proj-shared/ast031/jlewis/CoDaIII_analysis/results_stellar_peak_halos_14_ll_0p100_2xr200/halo_stats_3968
Writing /gpfs/alpine/proj-shared/ast031/jlewis/CoDaIII_analysis/results_stellar_peak_halos_14_ll_0p100_2xr200/halo_stats_1664
(593,) (6,)
(1003,) (6,)
(130,) (6,)
(749,) (6,)
(1215,) (6,)
Running on 32 tasks
Skipping existing files
Redshift is 15.0
DM part mass in msun : 5.089030e+04
Getting halos and associated stars
Writing /gpfs/alpine/proj-shared/ast031/jlewis/CoDaIII_analysis/results_stellar_peak_halos_14_ll_0p150_2xr200/halo_stats_2048
Writing /gpfs/alpine/proj-shared/ast031/jlewis/CoDaIII_analysis/results_stellar_peak_halos_14_ll_0p150_2xr200/halo_stats_3584
Writing /gpfs/alpine/proj-shared/ast031/jlewis/CoDaIII_analysis/results_stellar_peak_halos_14_ll_0p150_2xr200/halo_stats_3072
Writing /gpfs/alpine/proj-shared/ast031/jlewis/CoDaIII_analysis/results_stellar_peak_halos_14_ll_0p150_2xr200/halo_stats_512
Allocated data arrays
Writing /gpfs/alpine/proj-shared/ast031/jlewis/CoDaIII_analysis/results_stellar_peak_halos_14_ll_0p150_2xr200/halo_stats_2688
Writing /gpfs/alpine/proj-shared/ast031/jlewis/CoDaIII_analysis/results_stellar_peak_halos_14_ll_0p150_2xr200/halo_stats_1536
Writing /gpfs/alpine/proj-shared/ast031/jlewis/CoDaIII_analysis/results_stellar_peak_halos_14_ll_0p150_2xr200/halo_stats_0
Writing /gpfs/alpine/proj-shared/ast031/jlewis/CoDaIII_analysis/results_stellar_peak_halos_14_ll_0p150_2xr200/halo_stats_1280
Writing /gpfs/alpine/proj-shared/ast031/jlewis/CoDaIII_analysis/results_stellar_peak_halos_14_ll_0p150_2xr200/halo_stats_2176
Writing /gpfs/alpine/proj-shared/ast031/jlewis/CoDaIII_analysis/results_stellar_peak_halos_14_ll_0p150_2xr200/halo_stats_3456
(788,) (6,)
(70,) (6,)
(827,) (6,)
Writing /gpfs/alpine/proj-shared/ast031/jlewis/CoDaIII_analysis/results_stellar_peak_halos_14_ll_0p150_2xr200/halo_stats_768
Writing /gpfs/alpine/proj-shared/ast031/jlewis/CoDaIII_analysis/results_stellar_peak_halos_14_ll_0p150_2xr200/halo_stats_1152
(1001,) (6,)
Writing /gpfs/alpine/proj-shared/ast031/jlewis/CoDaIII_analysis/results_stellar_peak_halos_14_ll_0p150_2xr200/halo_stats_1792
Writing /gpfs/alpine/proj-shared/ast031/jlewis/CoDaIII_analysis/results_stellar_peak_halos_14_ll_0p150_2xr200/halo_stats_2304
Writing /gpfs/alpine/proj-shared/ast031/jlewis/CoDaIII_analysis/results_stellar_peak_halos_14_ll_0p150_2xr200/halo_stats_2432
Writing /gpfs/alpine/proj-shared/ast031/jlewis/CoDaIII_analysis/results_stellar_peak_halos_14_ll_0p150_2xr200/halo_stats_2944
(274,) (6,)
Writing /gpfs/alpine/proj-shared/ast031/jlewis/CoDaIII_analysis/results_stellar_peak_halos_14_ll_0p150_2xr200/halo_stats_3712
(1281,) (6,)
Writing /gpfs/alpine/proj-shared/ast031/jlewis/CoDaIII_analysis/results_stellar_peak_halos_14_ll_0p150_2xr200/halo_stats_3840
Writing /gpfs/alpine/proj-shared/ast031/jlewis/CoDaIII_analysis/results_stellar_peak_halos_14_ll_0p150_2xr200/halo_stats_256
Writing /gpfs/alpine/proj-shared/ast031/jlewis/CoDaIII_analysis/results_stellar_peak_halos_14_ll_0p150_2xr200/halo_stats_128
(1060,) (6,)
(464,) (6,)
Writing /gpfs/alpine/proj-shared/ast031/jlewis/CoDaIII_analysis/results_stellar_peak_halos_14_ll_0p150_2xr200/halo_stats_384
Writing /gpfs/alpine/proj-shared/ast031/jlewis/CoDaIII_analysis/results_stellar_peak_halos_14_ll_0p150_2xr200/halo_stats_640
Writing /gpfs/alpine/proj-shared/ast031/jlewis/CoDaIII_analysis/results_stellar_peak_halos_14_ll_0p150_2xr200/halo_stats_896
Writing /gpfs/alpine/proj-shared/ast031/jlewis/CoDaIII_analysis/results_stellar_peak_halos_14_ll_0p150_2xr200/halo_stats_1024
(325,) (6,)
Writing /gpfs/alpine/proj-shared/ast031/jlewis/CoDaIII_analysis/results_stellar_peak_halos_14_ll_0p150_2xr200/halo_stats_3328
(269,) (6,)
(655,) (6,)
(591,) (6,)
(240,) (6,)
(1121,) (6,)
Writing /gpfs/alpine/proj-shared/ast031/jlewis/CoDaIII_analysis/results_stellar_peak_halos_14_ll_0p150_2xr200/halo_stats_2816
(601,) (6,)
(1147,) (6,)
Writing /gpfs/alpine/proj-shared/ast031/jlewis/CoDaIII_analysis/results_stellar_peak_halos_14_ll_0p150_2xr200/halo_stats_1920
(1906,) (6,)
(1628,) (6,)
(441,) (6,)
(1252,) (6,)
(1205,) (6,)
(559,) (6,)
Writing /gpfs/alpine/proj-shared/ast031/jlewis/CoDaIII_analysis/results_stellar_peak_halos_14_ll_0p150_2xr200/halo_stats_2560
(377,) (6,)
(190,) (6,)
(2473,) (6,)
(709,) (6,)
(2108,) (6,)
Writing /gpfs/alpine/proj-shared/ast031/jlewis/CoDaIII_analysis/results_stellar_peak_halos_14_ll_0p150_2xr200/halo_stats_3200
Writing /gpfs/alpine/proj-shared/ast031/jlewis/CoDaIII_analysis/results_stellar_peak_halos_14_ll_0p150_2xr200/halo_stats_1408
Writing /gpfs/alpine/proj-shared/ast031/jlewis/CoDaIII_analysis/results_stellar_peak_halos_14_ll_0p150_2xr200/halo_stats_3968
Writing /gpfs/alpine/proj-shared/ast031/jlewis/CoDaIII_analysis/results_stellar_peak_halos_14_ll_0p150_2xr200/halo_stats_1664
(2895,) (6,)
(3612,) (6,)
(1118,) (6,)
(2464,) (6,)
(2535,) (6,)
job done
