/ccs/home/jlewis/.bash_profile: line 1: .bashrc: No such file or directory
[andes25.olcf.ornl.gov:472501] MCW rank 0 bound to socket 0[core 0[hwt 0]]: [B/././././././././././././././.][./././././././././././././././.]
[andes25.olcf.ornl.gov:472501] MCW rank 1 bound to socket 0[core 8[hwt 0]]: [././././././././B/././././././.][./././././././././././././././.]
[andes25.olcf.ornl.gov:472501] MCW rank 2 bound to socket 1[core 16[hwt 0]]: [./././././././././././././././.][B/././././././././././././././.]
[andes25.olcf.ornl.gov:472501] MCW rank 3 bound to socket 1[core 24[hwt 0]]: [./././././././././././././././.][././././././././B/././././././.]
[andes25.olcf.ornl.gov:472501] MCW rank 6 bound to socket 1[core 17[hwt 0]]: [./././././././././././././././.][./B/./././././././././././././.]
[andes25.olcf.ornl.gov:472501] MCW rank 4 bound to socket 0[core 1[hwt 0]]: [./B/./././././././././././././.][./././././././././././././././.]
[andes25.olcf.ornl.gov:472501] MCW rank 5 bound to socket 0[core 9[hwt 0]]: [./././././././././B/./././././.][./././././././././././././././.]
[andes25.olcf.ornl.gov:472501] MCW rank 7 bound to socket 1[core 25[hwt 0]]: [./././././././././././././././.][./././././././././B/./././././.]
[andes25.olcf.ornl.gov:472501] MCW rank 8 bound to socket 0[core 2[hwt 0]]: [././B/././././././././././././.][./././././././././././././././.]
[andes25.olcf.ornl.gov:472501] MCW rank 9 bound to socket 0[core 10[hwt 0]]: [././././././././././B/././././.][./././././././././././././././.]
[andes25.olcf.ornl.gov:472501] MCW rank 10 bound to socket 1[core 18[hwt 0]]: [./././././././././././././././.][././B/././././././././././././.]
[andes25.olcf.ornl.gov:472501] MCW rank 11 bound to socket 1[core 26[hwt 0]]: [./././././././././././././././.][././././././././././B/././././.]
[andes25.olcf.ornl.gov:472501] MCW rank 12 bound to socket 0[core 3[hwt 0]]: [./././B/./././././././././././.][./././././././././././././././.]
[andes25.olcf.ornl.gov:472501] MCW rank 13 bound to socket 0[core 11[hwt 0]]: [./././././././././././B/./././.][./././././././././././././././.]
[andes25.olcf.ornl.gov:472501] MCW rank 14 bound to socket 1[core 19[hwt 0]]: [./././././././././././././././.][./././B/./././././././././././.]
[andes25.olcf.ornl.gov:472501] MCW rank 15 bound to socket 1[core 27[hwt 0]]: [./././././././././././././././.][./././././././././././B/./././.]
[andes25.olcf.ornl.gov:472501] MCW rank 16 bound to socket 0[core 4[hwt 0]]: [././././B/././././././././././.][./././././././././././././././.]
[andes25.olcf.ornl.gov:472501] MCW rank 18 bound to socket 1[core 20[hwt 0]]: [./././././././././././././././.][././././B/././././././././././.]
[andes25.olcf.ornl.gov:472501] MCW rank 17 bound to socket 0[core 12[hwt 0]]: [././././././././././././B/././.][./././././././././././././././.]
[andes25.olcf.ornl.gov:472501] MCW rank 19 bound to socket 1[core 28[hwt 0]]: [./././././././././././././././.][././././././././././././B/././.]
[andes25.olcf.ornl.gov:472501] MCW rank 20 bound to socket 0[core 5[hwt 0]]: [./././././B/./././././././././.][./././././././././././././././.]
[andes25.olcf.ornl.gov:472501] MCW rank 22 bound to socket 1[core 21[hwt 0]]: [./././././././././././././././.][./././././B/./././././././././.]
[andes25.olcf.ornl.gov:472501] MCW rank 21 bound to socket 0[core 13[hwt 0]]: [./././././././././././././B/./.][./././././././././././././././.]
[andes25.olcf.ornl.gov:472501] MCW rank 24 bound to socket 0[core 6[hwt 0]]: [././././././B/././././././././.][./././././././././././././././.]
[andes25.olcf.ornl.gov:472501] MCW rank 26 bound to socket 1[core 22[hwt 0]]: [./././././././././././././././.][././././././B/././././././././.]
[andes25.olcf.ornl.gov:472501] MCW rank 23 bound to socket 1[core 29[hwt 0]]: [./././././././././././././././.][./././././././././././././B/./.]
[andes25.olcf.ornl.gov:472501] MCW rank 25 bound to socket 0[core 14[hwt 0]]: [././././././././././././././B/.][./././././././././././././././.]
[andes25.olcf.ornl.gov:472501] MCW rank 27 bound to socket 1[core 30[hwt 0]]: [./././././././././././././././.][././././././././././././././B/.]
[andes25.olcf.ornl.gov:472501] MCW rank 28 bound to socket 0[core 7[hwt 0]]: [./././././././B/./././././././.][./././././././././././././././.]
[andes25.olcf.ornl.gov:472501] MCW rank 30 bound to socket 1[core 23[hwt 0]]: [./././././././././././././././.][./././././././B/./././././././.]
[andes25.olcf.ornl.gov:472501] MCW rank 29 bound to socket 0[core 15[hwt 0]]: [./././././././././././././././B][./././././././././././././././.]
[andes25.olcf.ornl.gov:472501] MCW rank 31 bound to socket 1[core 31[hwt 0]]: [./././././././././././././././.][./././././././././././././././B]
Traceback (most recent call last):
  File "run_halo_fesc.py", line 65, in <module>
    compute_fesc(
  File "/ccs/home/jlewis/halo_properties/halo_stats/halo_fesc_latest_big_boxes.py", line 945, in compute_fesc
    sm_taus[iset] = ((sm_xHI_fesc * sm_rho_fesc) * (rho_fact * tau_fact)) + (
ValueError: could not broadcast input array from shape (5,5,0) into shape (3,3,3)
Traceback (most recent call last):
  File "run_halo_fesc.py", line 65, in <module>
    compute_fesc(
  File "/ccs/home/jlewis/halo_properties/halo_stats/halo_fesc_latest_big_boxes.py", line 945, in compute_fesc
    sm_taus[iset] = ((sm_xHI_fesc * sm_rho_fesc) * (rho_fact * tau_fact)) + (
ValueError: could not broadcast input array from shape (9,9,0) into shape (5,5,5)
Traceback (most recent call last):
  File "run_halo_fesc.py", line 65, in <module>
    compute_fesc(
  File "/ccs/home/jlewis/halo_properties/halo_stats/halo_fesc_latest_big_boxes.py", line 945, in compute_fesc
    sm_taus[iset] = ((sm_xHI_fesc * sm_rho_fesc) * (rho_fact * tau_fact)) + (
ValueError: could not broadcast input array from shape (7,7,7) into shape (5,5,5)
Traceback (most recent call last):
  File "run_halo_fesc.py", line 65, in <module>
    compute_fesc(
  File "/ccs/home/jlewis/halo_properties/halo_stats/halo_fesc_latest_big_boxes.py", line 945, in compute_fesc
    sm_taus[iset] = ((sm_xHI_fesc * sm_rho_fesc) * (rho_fact * tau_fact)) + (
ValueError: could not broadcast input array from shape (5,5,0) into shape (3,3,3)
Traceback (most recent call last):
  File "run_halo_fesc.py", line 65, in <module>
    compute_fesc(
  File "/ccs/home/jlewis/halo_properties/halo_stats/halo_fesc_latest_big_boxes.py", line 945, in compute_fesc
    sm_taus[iset] = ((sm_xHI_fesc * sm_rho_fesc) * (rho_fact * tau_fact)) + (
ValueError: could not broadcast input array from shape (7,7,7) into shape (5,5,5)
Traceback (most recent call last):
  File "run_halo_fesc.py", line 65, in <module>
    compute_fesc(
  File "/ccs/home/jlewis/halo_properties/halo_stats/halo_fesc_latest_big_boxes.py", line 945, in compute_fesc
    sm_taus[iset] = ((sm_xHI_fesc * sm_rho_fesc) * (rho_fact * tau_fact)) + (
ValueError: could not broadcast input array from shape (5,5,5) into shape (3,3,3)
Traceback (most recent call last):
  File "run_halo_fesc.py", line 65, in <module>
    compute_fesc(
  File "/ccs/home/jlewis/halo_properties/halo_stats/halo_fesc_latest_big_boxes.py", line 945, in compute_fesc
    sm_taus[iset] = ((sm_xHI_fesc * sm_rho_fesc) * (rho_fact * tau_fact)) + (
ValueError: could not broadcast input array from shape (7,7,0) into shape (5,5,5)
Traceback (most recent call last):
  File "run_halo_fesc.py", line 65, in <module>
    compute_fesc(
  File "/ccs/home/jlewis/halo_properties/halo_stats/halo_fesc_latest_big_boxes.py", line 945, in compute_fesc
    sm_taus[iset] = ((sm_xHI_fesc * sm_rho_fesc) * (rho_fact * tau_fact)) + (
ValueError: could not broadcast input array from shape (7,7,7) into shape (5,5,5)
Traceback (most recent call last):
  File "run_halo_fesc.py", line 65, in <module>
    compute_fesc(
  File "/ccs/home/jlewis/halo_properties/halo_stats/halo_fesc_latest_big_boxes.py", line 945, in compute_fesc
    sm_taus[iset] = ((sm_xHI_fesc * sm_rho_fesc) * (rho_fact * tau_fact)) + (
ValueError: could not broadcast input array from shape (5,5,5) into shape (3,3,3)
Traceback (most recent call last):
  File "run_halo_fesc.py", line 65, in <module>
    compute_fesc(
  File "/ccs/home/jlewis/halo_properties/halo_stats/halo_fesc_latest_big_boxes.py", line 945, in compute_fesc
    sm_taus[iset] = ((sm_xHI_fesc * sm_rho_fesc) * (rho_fact * tau_fact)) + (
ValueError: could not broadcast input array from shape (5,5,0) into shape (3,3,3)
Traceback (most recent call last):
  File "run_halo_fesc.py", line 65, in <module>
    compute_fesc(
  File "/ccs/home/jlewis/halo_properties/halo_stats/halo_fesc_latest_big_boxes.py", line 945, in compute_fesc
    sm_taus[iset] = ((sm_xHI_fesc * sm_rho_fesc) * (rho_fact * tau_fact)) + (
ValueError: could not broadcast input array from shape (5,5,5) into shape (3,3,3)
Traceback (most recent call last):
  File "run_halo_fesc.py", line 65, in <module>
    compute_fesc(
  File "/ccs/home/jlewis/halo_properties/halo_stats/halo_fesc_latest_big_boxes.py", line 945, in compute_fesc
    sm_taus[iset] = ((sm_xHI_fesc * sm_rho_fesc) * (rho_fact * tau_fact)) + (
ValueError: could not broadcast input array from shape (9,9,9) into shape (5,5,5)
Traceback (most recent call last):
  File "run_halo_fesc.py", line 65, in <module>
    compute_fesc(
  File "/ccs/home/jlewis/halo_properties/halo_stats/halo_fesc_latest_big_boxes.py", line 945, in compute_fesc
    sm_taus[iset] = ((sm_xHI_fesc * sm_rho_fesc) * (rho_fact * tau_fact)) + (
ValueError: could not broadcast input array from shape (7,7,7) into shape (5,5,5)
Traceback (most recent call last):
  File "run_halo_fesc.py", line 65, in <module>
    compute_fesc(
  File "/ccs/home/jlewis/halo_properties/halo_stats/halo_fesc_latest_big_boxes.py", line 945, in compute_fesc
    sm_taus[iset] = ((sm_xHI_fesc * sm_rho_fesc) * (rho_fact * tau_fact)) + (
ValueError: could not broadcast input array from shape (9,9,9) into shape (5,5,5)
Traceback (most recent call last):
  File "run_halo_fesc.py", line 65, in <module>
    compute_fesc(
  File "/ccs/home/jlewis/halo_properties/halo_stats/halo_fesc_latest_big_boxes.py", line 945, in compute_fesc
    sm_taus[iset] = ((sm_xHI_fesc * sm_rho_fesc) * (rho_fact * tau_fact)) + (
ValueError: could not broadcast input array from shape (5,5,5) into shape (3,3,3)
Traceback (most recent call last):
  File "run_halo_fesc.py", line 65, in <module>
    compute_fesc(
  File "/ccs/home/jlewis/halo_properties/halo_stats/halo_fesc_latest_big_boxes.py", line 945, in compute_fesc
    sm_taus[iset] = ((sm_xHI_fesc * sm_rho_fesc) * (rho_fact * tau_fact)) + (
ValueError: could not broadcast input array from shape (5,5,0) into shape (3,3,3)
Traceback (most recent call last):
  File "run_halo_fesc.py", line 65, in <module>
    compute_fesc(
  File "/ccs/home/jlewis/halo_properties/halo_stats/halo_fesc_latest_big_boxes.py", line 945, in compute_fesc
    sm_taus[iset] = ((sm_xHI_fesc * sm_rho_fesc) * (rho_fact * tau_fact)) + (
ValueError: could not broadcast input array from shape (5,0,5) into shape (3,3,3)
Traceback (most recent call last):
  File "run_halo_fesc.py", line 65, in <module>
    compute_fesc(
  File "/ccs/home/jlewis/halo_properties/halo_stats/halo_fesc_latest_big_boxes.py", line 945, in compute_fesc
    sm_taus[iset] = ((sm_xHI_fesc * sm_rho_fesc) * (rho_fact * tau_fact)) + (
ValueError: could not broadcast input array from shape (7,0,7) into shape (5,5,5)
Traceback (most recent call last):
  File "run_halo_fesc.py", line 65, in <module>
    compute_fesc(
  File "/ccs/home/jlewis/halo_properties/halo_stats/halo_fesc_latest_big_boxes.py", line 945, in compute_fesc
    sm_taus[iset] = ((sm_xHI_fesc * sm_rho_fesc) * (rho_fact * tau_fact)) + (
ValueError: could not broadcast input array from shape (13,0,13) into shape (7,7,7)
Traceback (most recent call last):
  File "run_halo_fesc.py", line 65, in <module>
    compute_fesc(
  File "/ccs/home/jlewis/halo_properties/halo_stats/halo_fesc_latest_big_boxes.py", line 945, in compute_fesc
    sm_taus[iset] = ((sm_xHI_fesc * sm_rho_fesc) * (rho_fact * tau_fact)) + (
ValueError: could not broadcast input array from shape (7,0,7) into shape (5,5,5)
Traceback (most recent call last):
  File "run_halo_fesc.py", line 65, in <module>
    compute_fesc(
  File "/ccs/home/jlewis/halo_properties/halo_stats/halo_fesc_latest_big_boxes.py", line 945, in compute_fesc
    sm_taus[iset] = ((sm_xHI_fesc * sm_rho_fesc) * (rho_fact * tau_fact)) + (
ValueError: could not broadcast input array from shape (0,9,9) into shape (5,5,5)
Traceback (most recent call last):
  File "run_halo_fesc.py", line 65, in <module>
    compute_fesc(
  File "/ccs/home/jlewis/halo_properties/halo_stats/halo_fesc_latest_big_boxes.py", line 945, in compute_fesc
    sm_taus[iset] = ((sm_xHI_fesc * sm_rho_fesc) * (rho_fact * tau_fact)) + (
ValueError: could not broadcast input array from shape (7,7,7) into shape (5,5,5)
Traceback (most recent call last):
  File "run_halo_fesc.py", line 65, in <module>
    compute_fesc(
  File "/ccs/home/jlewis/halo_properties/halo_stats/halo_fesc_latest_big_boxes.py", line 945, in compute_fesc
    sm_taus[iset] = ((sm_xHI_fesc * sm_rho_fesc) * (rho_fact * tau_fact)) + (
ValueError: could not broadcast input array from shape (5,5,5) into shape (3,3,3)
Traceback (most recent call last):
  File "run_halo_fesc.py", line 65, in <module>
    compute_fesc(
  File "/ccs/home/jlewis/halo_properties/halo_stats/halo_fesc_latest_big_boxes.py", line 945, in compute_fesc
    sm_taus[iset] = ((sm_xHI_fesc * sm_rho_fesc) * (rho_fact * tau_fact)) + (
ValueError: could not broadcast input array from shape (7,0,7) into shape (5,5,5)
Traceback (most recent call last):
  File "run_halo_fesc.py", line 65, in <module>
    compute_fesc(
  File "/ccs/home/jlewis/halo_properties/halo_stats/halo_fesc_latest_big_boxes.py", line 945, in compute_fesc
    sm_taus[iset] = ((sm_xHI_fesc * sm_rho_fesc) * (rho_fact * tau_fact)) + (
ValueError: could not broadcast input array from shape (5,5,5) into shape (3,3,3)
Traceback (most recent call last):
  File "run_halo_fesc.py", line 65, in <module>
    compute_fesc(
  File "/ccs/home/jlewis/halo_properties/halo_stats/halo_fesc_latest_big_boxes.py", line 945, in compute_fesc
    sm_taus[iset] = ((sm_xHI_fesc * sm_rho_fesc) * (rho_fact * tau_fact)) + (
ValueError: could not broadcast input array from shape (5,5,5) into shape (3,3,3)
Traceback (most recent call last):
  File "run_halo_fesc.py", line 65, in <module>
    compute_fesc(
  File "/ccs/home/jlewis/halo_properties/halo_stats/halo_fesc_latest_big_boxes.py", line 945, in compute_fesc
    sm_taus[iset] = ((sm_xHI_fesc * sm_rho_fesc) * (rho_fact * tau_fact)) + (
ValueError: could not broadcast input array from shape (11,11,11) into shape (7,7,7)
Traceback (most recent call last):
  File "run_halo_fesc.py", line 65, in <module>
    compute_fesc(
  File "/ccs/home/jlewis/halo_properties/halo_stats/halo_fesc_latest_big_boxes.py", line 945, in compute_fesc
    sm_taus[iset] = ((sm_xHI_fesc * sm_rho_fesc) * (rho_fact * tau_fact)) + (
ValueError: could not broadcast input array from shape (0,5,5) into shape (3,3,3)
Traceback (most recent call last):
  File "run_halo_fesc.py", line 65, in <module>
    compute_fesc(
  File "/ccs/home/jlewis/halo_properties/halo_stats/halo_fesc_latest_big_boxes.py", line 945, in compute_fesc
    sm_taus[iset] = ((sm_xHI_fesc * sm_rho_fesc) * (rho_fact * tau_fact)) + (
ValueError: could not broadcast input array from shape (7,7,7) into shape (5,5,5)
Traceback (most recent call last):
  File "run_halo_fesc.py", line 65, in <module>
    compute_fesc(
  File "/ccs/home/jlewis/halo_properties/halo_stats/halo_fesc_latest_big_boxes.py", line 945, in compute_fesc
    sm_taus[iset] = ((sm_xHI_fesc * sm_rho_fesc) * (rho_fact * tau_fact)) + (
ValueError: could not broadcast input array from shape (5,5,5) into shape (3,3,3)
Traceback (most recent call last):
  File "run_halo_fesc.py", line 65, in <module>
    compute_fesc(
  File "/ccs/home/jlewis/halo_properties/halo_stats/halo_fesc_latest_big_boxes.py", line 945, in compute_fesc
    sm_taus[iset] = ((sm_xHI_fesc * sm_rho_fesc) * (rho_fact * tau_fact)) + (
ValueError: could not broadcast input array from shape (7,7,7) into shape (5,5,5)
Traceback (most recent call last):
  File "run_halo_fesc.py", line 65, in <module>
    compute_fesc(
  File "/ccs/home/jlewis/halo_properties/halo_stats/halo_fesc_latest_big_boxes.py", line 945, in compute_fesc
    sm_taus[iset] = ((sm_xHI_fesc * sm_rho_fesc) * (rho_fact * tau_fact)) + (
ValueError: could not broadcast input array from shape (5,5,0) into shape (3,3,3)
--------------------------------------------------------------------------
Primary job  terminated normally, but 1 process returned
a non-zero exit code. Per user-direction, the job has been aborted.
--------------------------------------------------------------------------
--------------------------------------------------------------------------
mpiexec detected that one or more processes exited with non-zero status, thus causing
the job to be terminated. The first process to do so was:

  Process name: [[39822,1],15]
  Exit code:    1
--------------------------------------------------------------------------
[andes25.olcf.ornl.gov:472826] MCW rank 0 bound to socket 0[core 0[hwt 0]]: [B/././././././././././././././.][./././././././././././././././.]
[andes25.olcf.ornl.gov:472826] MCW rank 1 bound to socket 0[core 8[hwt 0]]: [././././././././B/././././././.][./././././././././././././././.]
[andes25.olcf.ornl.gov:472826] MCW rank 2 bound to socket 1[core 16[hwt 0]]: [./././././././././././././././.][B/././././././././././././././.]
[andes25.olcf.ornl.gov:472826] MCW rank 3 bound to socket 1[core 24[hwt 0]]: [./././././././././././././././.][././././././././B/././././././.]
[andes25.olcf.ornl.gov:472826] MCW rank 6 bound to socket 1[core 17[hwt 0]]: [./././././././././././././././.][./B/./././././././././././././.]
[andes25.olcf.ornl.gov:472826] MCW rank 4 bound to socket 0[core 1[hwt 0]]: [./B/./././././././././././././.][./././././././././././././././.]
[andes25.olcf.ornl.gov:472826] MCW rank 7 bound to socket 1[core 25[hwt 0]]: [./././././././././././././././.][./././././././././B/./././././.]
[andes25.olcf.ornl.gov:472826] MCW rank 5 bound to socket 0[core 9[hwt 0]]: [./././././././././B/./././././.][./././././././././././././././.]
[andes25.olcf.ornl.gov:472826] MCW rank 10 bound to socket 1[core 18[hwt 0]]: [./././././././././././././././.][././B/././././././././././././.]
[andes25.olcf.ornl.gov:472826] MCW rank 8 bound to socket 0[core 2[hwt 0]]: [././B/././././././././././././.][./././././././././././././././.]
[andes25.olcf.ornl.gov:472826] MCW rank 14 bound to socket 1[core 19[hwt 0]]: [./././././././././././././././.][./././B/./././././././././././.]
[andes25.olcf.ornl.gov:472826] MCW rank 11 bound to socket 1[core 26[hwt 0]]: [./././././././././././././././.][././././././././././B/././././.]
[andes25.olcf.ornl.gov:472826] MCW rank 9 bound to socket 0[core 10[hwt 0]]: [././././././././././B/././././.][./././././././././././././././.]
[andes25.olcf.ornl.gov:472826] MCW rank 12 bound to socket 0[core 3[hwt 0]]: [./././B/./././././././././././.][./././././././././././././././.]
[andes25.olcf.ornl.gov:472826] MCW rank 18 bound to socket 1[core 20[hwt 0]]: [./././././././././././././././.][././././B/././././././././././.]
[andes25.olcf.ornl.gov:472826] MCW rank 15 bound to socket 1[core 27[hwt 0]]: [./././././././././././././././.][./././././././././././B/./././.]
[andes25.olcf.ornl.gov:472826] MCW rank 13 bound to socket 0[core 11[hwt 0]]: [./././././././././././B/./././.][./././././././././././././././.]
[andes25.olcf.ornl.gov:472826] MCW rank 16 bound to socket 0[core 4[hwt 0]]: [././././B/././././././././././.][./././././././././././././././.]
[andes25.olcf.ornl.gov:472826] MCW rank 22 bound to socket 1[core 21[hwt 0]]: [./././././././././././././././.][./././././B/./././././././././.]
[andes25.olcf.ornl.gov:472826] MCW rank 19 bound to socket 1[core 28[hwt 0]]: [./././././././././././././././.][././././././././././././B/././.]
[andes25.olcf.ornl.gov:472826] MCW rank 17 bound to socket 0[core 12[hwt 0]]: [././././././././././././B/././.][./././././././././././././././.]
[andes25.olcf.ornl.gov:472826] MCW rank 20 bound to socket 0[core 5[hwt 0]]: [./././././B/./././././././././.][./././././././././././././././.]
[andes25.olcf.ornl.gov:472826] MCW rank 26 bound to socket 1[core 22[hwt 0]]: [./././././././././././././././.][././././././B/././././././././.]
[andes25.olcf.ornl.gov:472826] MCW rank 21 bound to socket 0[core 13[hwt 0]]: [./././././././././././././B/./.][./././././././././././././././.]
[andes25.olcf.ornl.gov:472826] MCW rank 30 bound to socket 1[core 23[hwt 0]]: [./././././././././././././././.][./././././././B/./././././././.]
[andes25.olcf.ornl.gov:472826] MCW rank 23 bound to socket 1[core 29[hwt 0]]: [./././././././././././././././.][./././././././././././././B/./.]
[andes25.olcf.ornl.gov:472826] MCW rank 25 bound to socket 0[core 14[hwt 0]]: [././././././././././././././B/.][./././././././././././././././.]
[andes25.olcf.ornl.gov:472826] MCW rank 24 bound to socket 0[core 6[hwt 0]]: [././././././B/././././././././.][./././././././././././././././.]
[andes25.olcf.ornl.gov:472826] MCW rank 27 bound to socket 1[core 30[hwt 0]]: [./././././././././././././././.][././././././././././././././B/.]
[andes25.olcf.ornl.gov:472826] MCW rank 28 bound to socket 0[core 7[hwt 0]]: [./././././././B/./././././././.][./././././././././././././././.]
[andes25.olcf.ornl.gov:472826] MCW rank 29 bound to socket 0[core 15[hwt 0]]: [./././././././././././././././B][./././././././././././././././.]
[andes25.olcf.ornl.gov:472826] MCW rank 31 bound to socket 1[core 31[hwt 0]]: [./././././././././././././././.][./././././././././././././././B]
/ccs/home/jlewis/halo_properties/src/ray_fcts.py:389: RuntimeWarning: invalid value encountered in true_divide
  scal = (
/ccs/home/jlewis/halo_properties/src/ray_fcts.py:389: RuntimeWarning: invalid value encountered in true_divide
  scal = (
/ccs/home/jlewis/halo_properties/src/ray_fcts.py:389: RuntimeWarning: invalid value encountered in true_divide
  scal = (
/ccs/home/jlewis/halo_properties/src/ray_fcts.py:389: RuntimeWarning: invalid value encountered in true_divide
  scal = (
/ccs/home/jlewis/halo_properties/src/ray_fcts.py:389: RuntimeWarning: invalid value encountered in true_divide
  scal = (
Traceback (most recent call last):
  File "run_halo_fesc.py", line 65, in <module>
/ccs/home/jlewis/halo_properties/src/ray_fcts.py:389: RuntimeWarning: invalid value encountered in true_divide
  scal = (
    compute_fesc(
  File "/ccs/home/jlewis/halo_properties/halo_stats/halo_fesc_latest_big_boxes.py", line 1169, in compute_fesc
    sum_over_rays_bias_multid(
  File "/ccs/home/jlewis/halo_properties/src/ray_fcts.py", line 372, in sum_over_rays_bias_multid
    sampled[:, whs_IB[0], whs_IB[1]] = field[:,Zs_snap[IB], Ys_snap[IB], Xs_snap[IB]]
IndexError: index 1 is out of bounds for axis 3 with size 0
/ccs/home/jlewis/halo_properties/src/ray_fcts.py:389: RuntimeWarning: invalid value encountered in true_divide
  scal = (
Traceback (most recent call last):
  File "run_halo_fesc.py", line 65, in <module>
    compute_fesc(
  File "/ccs/home/jlewis/halo_properties/halo_stats/halo_fesc_latest_big_boxes.py", line 1169, in compute_fesc
    sum_over_rays_bias_multid(
  File "/ccs/home/jlewis/halo_properties/src/ray_fcts.py", line 372, in sum_over_rays_bias_multid
    sampled[:, whs_IB[0], whs_IB[1]] = field[:,Zs_snap[IB], Ys_snap[IB], Xs_snap[IB]]
IndexError: index 2 is out of bounds for axis 3 with size 0
/ccs/home/jlewis/halo_properties/src/ray_fcts.py:389: RuntimeWarning: invalid value encountered in true_divide
  scal = (
/ccs/home/jlewis/halo_properties/src/ray_fcts.py:389: RuntimeWarning: invalid value encountered in true_divide
  scal = (
/ccs/home/jlewis/halo_properties/src/ray_fcts.py:389: RuntimeWarning: invalid value encountered in true_divide
  scal = (
Traceback (most recent call last):
  File "run_halo_fesc.py", line 65, in <module>
    compute_fesc(
  File "/ccs/home/jlewis/halo_properties/halo_stats/halo_fesc_latest_big_boxes.py", line 1169, in compute_fesc
    sum_over_rays_bias_multid(
  File "/ccs/home/jlewis/halo_properties/src/ray_fcts.py", line 372, in sum_over_rays_bias_multid
    sampled[:, whs_IB[0], whs_IB[1]] = field[:,Zs_snap[IB], Ys_snap[IB], Xs_snap[IB]]
IndexError: index 3 is out of bounds for axis 2 with size 0
/ccs/home/jlewis/halo_properties/src/ray_fcts.py:389: RuntimeWarning: invalid value encountered in true_divide
  scal = (
/ccs/home/jlewis/halo_properties/src/ray_fcts.py:389: RuntimeWarning: invalid value encountered in true_divide
  scal = (
/ccs/home/jlewis/halo_properties/src/ray_fcts.py:389: RuntimeWarning: invalid value encountered in true_divide
  scal = (
/ccs/home/jlewis/halo_properties/src/ray_fcts.py:389: RuntimeWarning: invalid value encountered in true_divide
  scal = (
Traceback (most recent call last):
  File "run_halo_fesc.py", line 65, in <module>
    compute_fesc(
  File "/ccs/home/jlewis/halo_properties/halo_stats/halo_fesc_latest_big_boxes.py", line 1169, in compute_fesc
    sum_over_rays_bias_multid(
  File "/ccs/home/jlewis/halo_properties/src/ray_fcts.py", line 372, in sum_over_rays_bias_multid
    sampled[:, whs_IB[0], whs_IB[1]] = field[:,Zs_snap[IB], Ys_snap[IB], Xs_snap[IB]]
IndexError: index 2 is out of bounds for axis 3 with size 0
/ccs/home/jlewis/halo_properties/src/ray_fcts.py:389: RuntimeWarning: invalid value encountered in true_divide
  scal = (
Traceback (most recent call last):
  File "run_halo_fesc.py", line 65, in <module>
    compute_fesc(
  File "/ccs/home/jlewis/halo_properties/halo_stats/halo_fesc_latest_big_boxes.py", line 1169, in compute_fesc
    sum_over_rays_bias_multid(
  File "/ccs/home/jlewis/halo_properties/src/ray_fcts.py", line 372, in sum_over_rays_bias_multid
    sampled[:, whs_IB[0], whs_IB[1]] = field[:,Zs_snap[IB], Ys_snap[IB], Xs_snap[IB]]
IndexError: index 2 is out of bounds for axis 3 with size 0
/ccs/home/jlewis/halo_properties/src/ray_fcts.py:389: RuntimeWarning: invalid value encountered in true_divide
  scal = (
Traceback (most recent call last):
  File "run_halo_fesc.py", line 65, in <module>
    compute_fesc(
  File "/ccs/home/jlewis/halo_properties/halo_stats/halo_fesc_latest_big_boxes.py", line 1169, in compute_fesc
    sum_over_rays_bias_multid(
  File "/ccs/home/jlewis/halo_properties/src/ray_fcts.py", line 372, in sum_over_rays_bias_multid
    sampled[:, whs_IB[0], whs_IB[1]] = field[:,Zs_snap[IB], Ys_snap[IB], Xs_snap[IB]]
IndexError: index 2 is out of bounds for axis 2 with size 0
Traceback (most recent call last):
  File "run_halo_fesc.py", line 65, in <module>
    compute_fesc(
  File "/ccs/home/jlewis/halo_properties/halo_stats/halo_fesc_latest_big_boxes.py", line 1169, in compute_fesc
    sum_over_rays_bias_multid(
  File "/ccs/home/jlewis/halo_properties/src/ray_fcts.py", line 372, in sum_over_rays_bias_multid
    sampled[:, whs_IB[0], whs_IB[1]] = field[:,Zs_snap[IB], Ys_snap[IB], Xs_snap[IB]]
IndexError: index 2 is out of bounds for axis 2 with size 0
Traceback (most recent call last):
  File "run_halo_fesc.py", line 65, in <module>
    compute_fesc(
  File "/ccs/home/jlewis/halo_properties/halo_stats/halo_fesc_latest_big_boxes.py", line 1169, in compute_fesc
    sum_over_rays_bias_multid(
  File "/ccs/home/jlewis/halo_properties/src/ray_fcts.py", line 372, in sum_over_rays_bias_multid
    sampled[:, whs_IB[0], whs_IB[1]] = field[:,Zs_snap[IB], Ys_snap[IB], Xs_snap[IB]]
IndexError: index 2 is out of bounds for axis 3 with size 0
Traceback (most recent call last):
  File "run_halo_fesc.py", line 65, in <module>
/ccs/home/jlewis/halo_properties/src/ray_fcts.py:389: RuntimeWarning: invalid value encountered in true_divide
  scal = (
    compute_fesc(
  File "/ccs/home/jlewis/halo_properties/halo_stats/halo_fesc_latest_big_boxes.py", line 1169, in compute_fesc
    sum_over_rays_bias_multid(
  File "/ccs/home/jlewis/halo_properties/src/ray_fcts.py", line 372, in sum_over_rays_bias_multid
    sampled[:, whs_IB[0], whs_IB[1]] = field[:,Zs_snap[IB], Ys_snap[IB], Xs_snap[IB]]
IndexError: index 2 is out of bounds for axis 1 with size 0
Traceback (most recent call last):
  File "run_halo_fesc.py", line 65, in <module>
    compute_fesc(
  File "/ccs/home/jlewis/halo_properties/halo_stats/halo_fesc_latest_big_boxes.py", line 1169, in compute_fesc
    sum_over_rays_bias_multid(
  File "/ccs/home/jlewis/halo_properties/src/ray_fcts.py", line 372, in sum_over_rays_bias_multid
    sampled[:, whs_IB[0], whs_IB[1]] = field[:,Zs_snap[IB], Ys_snap[IB], Xs_snap[IB]]
IndexError: index 3 is out of bounds for axis 3 with size 0
Traceback (most recent call last):
  File "run_halo_fesc.py", line 65, in <module>
    compute_fesc(
  File "/ccs/home/jlewis/halo_properties/halo_stats/halo_fesc_latest_big_boxes.py", line 1169, in compute_fesc
    sum_over_rays_bias_multid(
  File "/ccs/home/jlewis/halo_properties/src/ray_fcts.py", line 372, in sum_over_rays_bias_multid
    sampled[:, whs_IB[0], whs_IB[1]] = field[:,Zs_snap[IB], Ys_snap[IB], Xs_snap[IB]]
IndexError: index 2 is out of bounds for axis 2 with size 0
Traceback (most recent call last):
  File "run_halo_fesc.py", line 65, in <module>
    compute_fesc(
  File "/ccs/home/jlewis/halo_properties/halo_stats/halo_fesc_latest_big_boxes.py", line 1169, in compute_fesc
    sum_over_rays_bias_multid(
  File "/ccs/home/jlewis/halo_properties/src/ray_fcts.py", line 372, in sum_over_rays_bias_multid
    sampled[:, whs_IB[0], whs_IB[1]] = field[:,Zs_snap[IB], Ys_snap[IB], Xs_snap[IB]]
IndexError: index 1 is out of bounds for axis 1 with size 0
/ccs/home/jlewis/halo_properties/src/ray_fcts.py:389: RuntimeWarning: invalid value encountered in true_divide
  scal = (
Traceback (most recent call last):
  File "run_halo_fesc.py", line 65, in <module>
    compute_fesc(
  File "/ccs/home/jlewis/halo_properties/halo_stats/halo_fesc_latest_big_boxes.py", line 1169, in compute_fesc
    sum_over_rays_bias_multid(
  File "/ccs/home/jlewis/halo_properties/src/ray_fcts.py", line 372, in sum_over_rays_bias_multid
    sampled[:, whs_IB[0], whs_IB[1]] = field[:,Zs_snap[IB], Ys_snap[IB], Xs_snap[IB]]
IndexError: index 3 is out of bounds for axis 3 with size 0
Traceback (most recent call last):
  File "run_halo_fesc.py", line 65, in <module>
    compute_fesc(
  File "/ccs/home/jlewis/halo_properties/halo_stats/halo_fesc_latest_big_boxes.py", line 1169, in compute_fesc
    sum_over_rays_bias_multid(
  File "/ccs/home/jlewis/halo_properties/src/ray_fcts.py", line 372, in sum_over_rays_bias_multid
    sampled[:, whs_IB[0], whs_IB[1]] = field[:,Zs_snap[IB], Ys_snap[IB], Xs_snap[IB]]
IndexError: index 4 is out of bounds for axis 2 with size 0
Traceback (most recent call last):
  File "run_halo_fesc.py", line 65, in <module>
    compute_fesc(
  File "/ccs/home/jlewis/halo_properties/halo_stats/halo_fesc_latest_big_boxes.py", line 1169, in compute_fesc
    sum_over_rays_bias_multid(
  File "/ccs/home/jlewis/halo_properties/src/ray_fcts.py", line 372, in sum_over_rays_bias_multid
    sampled[:, whs_IB[0], whs_IB[1]] = field[:,Zs_snap[IB], Ys_snap[IB], Xs_snap[IB]]
IndexError: index 1 is out of bounds for axis 1 with size 0
Traceback (most recent call last):
  File "run_halo_fesc.py", line 65, in <module>
    compute_fesc(
  File "/ccs/home/jlewis/halo_properties/halo_stats/halo_fesc_latest_big_boxes.py", line 1169, in compute_fesc
    sum_over_rays_bias_multid(
  File "/ccs/home/jlewis/halo_properties/src/ray_fcts.py", line 372, in sum_over_rays_bias_multid
    sampled[:, whs_IB[0], whs_IB[1]] = field[:,Zs_snap[IB], Ys_snap[IB], Xs_snap[IB]]
IndexError: index 1 is out of bounds for axis 2 with size 0
Traceback (most recent call last):
  File "run_halo_fesc.py", line 65, in <module>
    compute_fesc(
  File "/ccs/home/jlewis/halo_properties/halo_stats/halo_fesc_latest_big_boxes.py", line 1169, in compute_fesc
    sum_over_rays_bias_multid(
  File "/ccs/home/jlewis/halo_properties/src/ray_fcts.py", line 372, in sum_over_rays_bias_multid
    sampled[:, whs_IB[0], whs_IB[1]] = field[:,Zs_snap[IB], Ys_snap[IB], Xs_snap[IB]]
IndexError: index 1 is out of bounds for axis 1 with size 0
Traceback (most recent call last):
  File "run_halo_fesc.py", line 65, in <module>
    compute_fesc(
  File "/ccs/home/jlewis/halo_properties/halo_stats/halo_fesc_latest_big_boxes.py", line 1169, in compute_fesc
    sum_over_rays_bias_multid(
  File "/ccs/home/jlewis/halo_properties/src/ray_fcts.py", line 372, in sum_over_rays_bias_multid
    sampled[:, whs_IB[0], whs_IB[1]] = field[:,Zs_snap[IB], Ys_snap[IB], Xs_snap[IB]]
IndexError: index 1 is out of bounds for axis 2 with size 0
Traceback (most recent call last):
  File "run_halo_fesc.py", line 65, in <module>
    compute_fesc(
  File "/ccs/home/jlewis/halo_properties/halo_stats/halo_fesc_latest_big_boxes.py", line 1169, in compute_fesc
    sum_over_rays_bias_multid(
  File "/ccs/home/jlewis/halo_properties/src/ray_fcts.py", line 372, in sum_over_rays_bias_multid
    sampled[:, whs_IB[0], whs_IB[1]] = field[:,Zs_snap[IB], Ys_snap[IB], Xs_snap[IB]]
IndexError: index 1 is out of bounds for axis 3 with size 0
Traceback (most recent call last):
  File "run_halo_fesc.py", line 65, in <module>
    compute_fesc(
  File "/ccs/home/jlewis/halo_properties/halo_stats/halo_fesc_latest_big_boxes.py", line 1169, in compute_fesc
    sum_over_rays_bias_multid(
  File "/ccs/home/jlewis/halo_properties/src/ray_fcts.py", line 372, in sum_over_rays_bias_multid
    sampled[:, whs_IB[0], whs_IB[1]] = field[:,Zs_snap[IB], Ys_snap[IB], Xs_snap[IB]]
IndexError: index 2 is out of bounds for axis 3 with size 0
/ccs/home/jlewis/halo_properties/src/ray_fcts.py:389: RuntimeWarning: invalid value encountered in true_divide
  scal = (
/ccs/home/jlewis/halo_properties/src/ray_fcts.py:389: RuntimeWarning: invalid value encountered in true_divide
  scal = (
Traceback (most recent call last):
  File "run_halo_fesc.py", line 65, in <module>
    compute_fesc(
  File "/ccs/home/jlewis/halo_properties/halo_stats/halo_fesc_latest_big_boxes.py", line 1169, in compute_fesc
    sum_over_rays_bias_multid(
  File "/ccs/home/jlewis/halo_properties/src/ray_fcts.py", line 372, in sum_over_rays_bias_multid
    sampled[:, whs_IB[0], whs_IB[1]] = field[:,Zs_snap[IB], Ys_snap[IB], Xs_snap[IB]]
IndexError: index 2 is out of bounds for axis 1 with size 0
Traceback (most recent call last):
  File "run_halo_fesc.py", line 65, in <module>
    compute_fesc(
  File "/ccs/home/jlewis/halo_properties/halo_stats/halo_fesc_latest_big_boxes.py", line 1169, in compute_fesc
    sum_over_rays_bias_multid(
  File "/ccs/home/jlewis/halo_properties/src/ray_fcts.py", line 372, in sum_over_rays_bias_multid
    sampled[:, whs_IB[0], whs_IB[1]] = field[:,Zs_snap[IB], Ys_snap[IB], Xs_snap[IB]]
IndexError: index 1 is out of bounds for axis 3 with size 0
Traceback (most recent call last):
  File "run_halo_fesc.py", line 65, in <module>
    compute_fesc(
  File "/ccs/home/jlewis/halo_properties/halo_stats/halo_fesc_latest_big_boxes.py", line 1169, in compute_fesc
    sum_over_rays_bias_multid(
  File "/ccs/home/jlewis/halo_properties/src/ray_fcts.py", line 372, in sum_over_rays_bias_multid
    sampled[:, whs_IB[0], whs_IB[1]] = field[:,Zs_snap[IB], Ys_snap[IB], Xs_snap[IB]]
IndexError: index 1 is out of bounds for axis 2 with size 0
Traceback (most recent call last):
  File "run_halo_fesc.py", line 65, in <module>
    compute_fesc(
  File "/ccs/home/jlewis/halo_properties/halo_stats/halo_fesc_latest_big_boxes.py", line 1169, in compute_fesc
    sum_over_rays_bias_multid(
  File "/ccs/home/jlewis/halo_properties/src/ray_fcts.py", line 372, in sum_over_rays_bias_multid
    sampled[:, whs_IB[0], whs_IB[1]] = field[:,Zs_snap[IB], Ys_snap[IB], Xs_snap[IB]]
IndexError: index 2 is out of bounds for axis 1 with size 0
Traceback (most recent call last):
  File "run_halo_fesc.py", line 65, in <module>
    compute_fesc(
  File "/ccs/home/jlewis/halo_properties/halo_stats/halo_fesc_latest_big_boxes.py", line 1169, in compute_fesc
    sum_over_rays_bias_multid(
  File "/ccs/home/jlewis/halo_properties/src/ray_fcts.py", line 372, in sum_over_rays_bias_multid
    sampled[:, whs_IB[0], whs_IB[1]] = field[:,Zs_snap[IB], Ys_snap[IB], Xs_snap[IB]]
IndexError: index 3 is out of bounds for axis 1 with size 0
/ccs/home/jlewis/halo_properties/src/ray_fcts.py:389: RuntimeWarning: invalid value encountered in true_divide
  scal = (
/ccs/home/jlewis/halo_properties/src/ray_fcts.py:389: RuntimeWarning: invalid value encountered in true_divide
  scal = (
Traceback (most recent call last):
  File "run_halo_fesc.py", line 65, in <module>
    compute_fesc(
  File "/ccs/home/jlewis/halo_properties/halo_stats/halo_fesc_latest_big_boxes.py", line 1169, in compute_fesc
    sum_over_rays_bias_multid(
  File "/ccs/home/jlewis/halo_properties/src/ray_fcts.py", line 372, in sum_over_rays_bias_multid
    sampled[:, whs_IB[0], whs_IB[1]] = field[:,Zs_snap[IB], Ys_snap[IB], Xs_snap[IB]]
IndexError: index 2 is out of bounds for axis 2 with size 0
Traceback (most recent call last):
  File "run_halo_fesc.py", line 65, in <module>
    compute_fesc(
  File "/ccs/home/jlewis/halo_properties/halo_stats/halo_fesc_latest_big_boxes.py", line 1169, in compute_fesc
    sum_over_rays_bias_multid(
  File "/ccs/home/jlewis/halo_properties/src/ray_fcts.py", line 372, in sum_over_rays_bias_multid
    sampled[:, whs_IB[0], whs_IB[1]] = field[:,Zs_snap[IB], Ys_snap[IB], Xs_snap[IB]]
IndexError: index 2 is out of bounds for axis 1 with size 0
Traceback (most recent call last):
  File "run_halo_fesc.py", line 65, in <module>
    compute_fesc(
  File "/ccs/home/jlewis/halo_properties/halo_stats/halo_fesc_latest_big_boxes.py", line 1169, in compute_fesc
    sum_over_rays_bias_multid(
  File "/ccs/home/jlewis/halo_properties/src/ray_fcts.py", line 372, in sum_over_rays_bias_multid
    sampled[:, whs_IB[0], whs_IB[1]] = field[:,Zs_snap[IB], Ys_snap[IB], Xs_snap[IB]]
IndexError: index 2 is out of bounds for axis 2 with size 0
Traceback (most recent call last):
  File "run_halo_fesc.py", line 65, in <module>
    compute_fesc(
  File "/ccs/home/jlewis/halo_properties/halo_stats/halo_fesc_latest_big_boxes.py", line 1169, in compute_fesc
    sum_over_rays_bias_multid(
  File "/ccs/home/jlewis/halo_properties/src/ray_fcts.py", line 372, in sum_over_rays_bias_multid
    sampled[:, whs_IB[0], whs_IB[1]] = field[:,Zs_snap[IB], Ys_snap[IB], Xs_snap[IB]]
IndexError: index 1 is out of bounds for axis 2 with size 0
Traceback (most recent call last):
  File "run_halo_fesc.py", line 65, in <module>
    compute_fesc(
  File "/ccs/home/jlewis/halo_properties/halo_stats/halo_fesc_latest_big_boxes.py", line 1169, in compute_fesc
    sum_over_rays_bias_multid(
  File "/ccs/home/jlewis/halo_properties/src/ray_fcts.py", line 372, in sum_over_rays_bias_multid
    sampled[:, whs_IB[0], whs_IB[1]] = field[:,Zs_snap[IB], Ys_snap[IB], Xs_snap[IB]]
IndexError: index 2 is out of bounds for axis 3 with size 0
Traceback (most recent call last):
  File "run_halo_fesc.py", line 65, in <module>
    compute_fesc(
  File "/ccs/home/jlewis/halo_properties/halo_stats/halo_fesc_latest_big_boxes.py", line 1169, in compute_fesc
    sum_over_rays_bias_multid(
  File "/ccs/home/jlewis/halo_properties/src/ray_fcts.py", line 372, in sum_over_rays_bias_multid
    sampled[:, whs_IB[0], whs_IB[1]] = field[:,Zs_snap[IB], Ys_snap[IB], Xs_snap[IB]]
IndexError: index 1 is out of bounds for axis 1 with size 0
Traceback (most recent call last):
  File "run_halo_fesc.py", line 65, in <module>
    compute_fesc(
  File "/ccs/home/jlewis/halo_properties/halo_stats/halo_fesc_latest_big_boxes.py", line 1169, in compute_fesc
    sum_over_rays_bias_multid(
  File "/ccs/home/jlewis/halo_properties/src/ray_fcts.py", line 372, in sum_over_rays_bias_multid
    sampled[:, whs_IB[0], whs_IB[1]] = field[:,Zs_snap[IB], Ys_snap[IB], Xs_snap[IB]]
IndexError: index 2 is out of bounds for axis 3 with size 0
--------------------------------------------------------------------------
Primary job  terminated normally, but 1 process returned
a non-zero exit code. Per user-direction, the job has been aborted.
--------------------------------------------------------------------------
--------------------------------------------------------------------------
mpiexec detected that one or more processes exited with non-zero status, thus causing
the job to be terminated. The first process to do so was:

  Process name: [[39105,1],25]
  Exit code:    1
--------------------------------------------------------------------------
