Running on 32 tasks
Skipping existing files
Redshift is 9.0
DM part mass in msun : 5.089030e+04
Getting halos and associated stars
I found 6 sets of dust absorpttion coefficients
RANK 14: Skipping subcube #1792 since it already exists
Allocated data arrays
5.5 3.5 1
(9, 9, 9) (11, 11, 11)
(7, 7, 7) (11, 11, 11)
14.5 7.5 3
(23, 23, 23) (29, 29, 29)
(15, 15, 15) (29, 29, 29)
7.5 4.5 1
(13, 13, 13) (15, 15, 15)
(9, 9, 9) (15, 15, 15)
7.5 4.5 1
(13, 13, 13) (15, 15, 15)
(9, 9, 9) (15, 15, 15)
5.5 3.5 1
(9, 9, 9) (11, 11, 11)
(7, 7, 7) (11, 11, 11)
9.5 5.5 2
(15, 15, 15) (19, 19, 19)
(11, 11, 11) (19, 19, 19)
6.5 3.5 1
(11, 11, 11) (13, 13, 13)
(7, 7, 7) (13, 13, 13)
5.5 3.5 1
(9, 9, 9) (11, 11, 11)
(7, 7, 7) (11, 11, 11)
5.5 3.5 1
(9, 9, 9) (11, 11, 11)
(7, 7, 7) (11, 11, 11)
7.5 4.5 1
(13, 13, 13) (15, 15, 15)
(9, 9, 9) (15, 15, 15)
4.5 2.5 1
(7, 7, 7) (9, 9, 9)
(5, 5, 5) (9, 9, 9)
13.5 7.5 3
(21, 21, 21) (27, 27, 27)
(15, 15, 15) (27, 27, 27)
2.5 1.5 0
(0, 0, 0) (5, 5, 5)
(3, 3, 3) (5, 5, 5)
12.5 6.5 3
(19, 19, 19) (25, 25, 25)
(13, 13, 13) (25, 25, 25)
5.5 3.5 1
(9, 9, 9) (11, 11, 11)
(7, 7, 7) (11, 11, 11)
3.5 2.5 0
(0, 0, 0) (7, 7, 7)
(5, 5, 5) (7, 7, 7)
7.5 4.5 1
(13, 13, 13) (15, 15, 15)
(9, 9, 9) (15, 15, 15)
7.5 4.5 1
(13, 13, 13) (15, 15, 15)
(9, 9, 9) (15, 15, 15)
9.5 5.5 2
(15, 15, 15) (19, 19, 19)
(11, 11, 11) (19, 19, 19)
6.5 3.5 1
(11, 11, 11) (13, 13, 13)
(7, 7, 7) (13, 13, 13)
6.5 3.5 1
(11, 11, 11) (13, 13, 13)
(7, 7, 7) (13, 13, 13)
5.5 3.5 1
(9, 9, 9) (11, 11, 11)
(7, 7, 7) (11, 11, 11)
7.5 4.5 1
(13, 13, 13) (15, 15, 15)
(9, 9, 9) (15, 15, 15)
7.5 4.5 1
(13, 13, 13) (15, 15, 15)
(9, 9, 9) (15, 15, 15)
5.5 3.5 1
(9, 9, 9) (11, 11, 11)
(7, 7, 7) (11, 11, 11)
2.5 1.5 0
(0, 0, 0) (5, 5, 5)
(3, 3, 3) (5, 5, 5)
6.5 3.5 1
(11, 11, 11) (13, 13, 13)
(7, 7, 7) (13, 13, 13)
Loaded files
8.5 4.5 2
(13, 13, 13) (17, 17, 17)
(9, 9, 9) (17, 17, 17)
6.5 3.5 1
(11, 11, 11) (13, 13, 13)
(7, 7, 7) (13, 13, 13)
4.5 2.5 1
(7, 7, 7) (9, 9, 9)
(5, 5, 5) (9, 9, 9)
11.5 6.5 2
(19, 19, 19) (23, 23, 23)
(13, 13, 13) (23, 23, 23)
4.5 2.5 1
(7, 7, 7) (9, 9, 9)
(5, 5, 5) (9, 9, 9)
Running on 32 tasks
Skipping existing files
Redshift is 9.0
DM part mass in msun : 5.089030e+04
Getting halos and associated stars
I found 6 sets of dust absorpttion coefficients
RANK 10: Skipping subcube #1280 since it already exists
RANK 14: Skipping subcube #1792 since it already exists
Allocated data arrays
2.5 1.5 0
(0, 0, 0) (5, 5, 5)
(3, 3, 3) (5, 5, 5)
3.5 2.5 0
(0, 0, 0) (7, 7, 7)
(5, 5, 5) (7, 7, 7)
4.5 2.5 1
(7, 7, 7) (9, 9, 9)
(5, 5, 5) (9, 9, 9)
4.5 2.5 1
(7, 7, 7) (9, 9, 9)
(5, 5, 5) (9, 9, 9)
3.5 2.5 0
(0, 0, 0) (7, 7, 7)
(5, 5, 5) (7, 7, 7)
3.5 2.5 0
(0, 0, 0) (7, 7, 7)
(5, 5, 5) (7, 7, 7)
2.5 1.5 0
(0, 0, 0) (5, 5, 5)
(3, 3, 3) (5, 5, 5)
Loaded files
3.5 2.5 0
(0, 0, 0) (7, 7, 7)
(5, 5, 5) (7, 7, 7)
4.5 2.5 1
(7, 7, 7) (9, 9, 9)
(5, 5, 5) (9, 9, 9)
4.5 2.5 1
(7, 7, 7) (9, 9, 9)
(5, 5, 5) (9, 9, 9)
3.5 2.5 0
(0, 0, 0) (7, 7, 7)
(5, 5, 5) (7, 7, 7)
3.5 2.5 0
(0, 0, 0) (7, 7, 7)
(5, 5, 5) (7, 7, 7)
9.5 5.5 2
(15, 15, 15) (19, 19, 19)
(11, 11, 11) (19, 19, 19)
3.5 2.5 0
(0, 0, 0) (7, 7, 7)
(5, 5, 5) (7, 7, 7)
4.5 2.5 1
(7, 7, 7) (9, 9, 9)
(5, 5, 5) (9, 9, 9)
8.5 4.5 2
(13, 13, 13) (17, 17, 17)
(9, 9, 9) (17, 17, 17)
5.5 3.5 1
(9, 9, 9) (11, 11, 11)
(7, 7, 7) (11, 11, 11)
3.5 2.5 0
(0, 0, 0) (7, 7, 7)
(5, 5, 5) (7, 7, 7)
3.5 2.5 0
(0, 0, 0) (7, 7, 7)
(5, 5, 5) (7, 7, 7)
3.5 2.5 0
(0, 0, 0) (7, 7, 7)
(5, 5, 5) (7, 7, 7)
4.5 2.5 1
(7, 7, 7) (9, 9, 9)
(5, 5, 5) (9, 9, 9)
4.5 2.5 1
(7, 7, 7) (9, 9, 9)
(5, 5, 5) (9, 9, 9)
3.5 2.5 0
(0, 0, 0) (7, 7, 7)
(5, 5, 5) (7, 7, 7)
2.5 1.5 0
(0, 0, 0) (5, 5, 5)
(3, 3, 3) (5, 5, 5)
2.5 1.5 0
(0, 0, 0) (5, 5, 5)
(3, 3, 3) (5, 5, 5)
4.5 2.5 1
(7, 7, 7) (9, 9, 9)
(5, 5, 5) (9, 9, 9)
4.5 2.5 1
(7, 7, 7) (9, 9, 9)
(5, 5, 5) (9, 9, 9)
5.5 3.5 1
(9, 9, 9) (11, 11, 11)
(7, 7, 7) (11, 11, 11)
4.5 2.5 1
(7, 7, 7) (9, 9, 9)
(5, 5, 5) (9, 9, 9)
6.5 3.5 1
(11, 11, 11) (13, 13, 13)
(7, 7, 7) (13, 13, 13)
3.5 2.5 0
(0, 0, 0) (7, 7, 7)
(5, 5, 5) (7, 7, 7)
3.5 2.5 0
(0, 0, 0) (7, 7, 7)
(5, 5, 5) (7, 7, 7)
job done
