/ccs/home/jlewis/.bash_profile: line 1: .bashrc: No such file or directory
[andes25.olcf.ornl.gov:478691] MCW rank 0 bound to socket 0[core 0[hwt 0]]: [B/././././././././././././././.][./././././././././././././././.]
[andes25.olcf.ornl.gov:478691] MCW rank 1 bound to socket 0[core 8[hwt 0]]: [././././././././B/././././././.][./././././././././././././././.]
[andes25.olcf.ornl.gov:478691] MCW rank 2 bound to socket 1[core 16[hwt 0]]: [./././././././././././././././.][B/././././././././././././././.]
[andes25.olcf.ornl.gov:478691] MCW rank 3 bound to socket 1[core 24[hwt 0]]: [./././././././././././././././.][././././././././B/././././././.]
[andes25.olcf.ornl.gov:478691] MCW rank 6 bound to socket 1[core 17[hwt 0]]: [./././././././././././././././.][./B/./././././././././././././.]
[andes25.olcf.ornl.gov:478691] MCW rank 7 bound to socket 1[core 25[hwt 0]]: [./././././././././././././././.][./././././././././B/./././././.]
[andes25.olcf.ornl.gov:478691] MCW rank 5 bound to socket 0[core 9[hwt 0]]: [./././././././././B/./././././.][./././././././././././././././.]
[andes25.olcf.ornl.gov:478691] MCW rank 4 bound to socket 0[core 1[hwt 0]]: [./B/./././././././././././././.][./././././././././././././././.]
[andes25.olcf.ornl.gov:478691] MCW rank 10 bound to socket 1[core 18[hwt 0]]: [./././././././././././././././.][././B/././././././././././././.]
[andes25.olcf.ornl.gov:478691] MCW rank 9 bound to socket 0[core 10[hwt 0]]: [././././././././././B/././././.][./././././././././././././././.]
[andes25.olcf.ornl.gov:478691] MCW rank 11 bound to socket 1[core 26[hwt 0]]: [./././././././././././././././.][././././././././././B/././././.]
[andes25.olcf.ornl.gov:478691] MCW rank 8 bound to socket 0[core 2[hwt 0]]: [././B/././././././././././././.][./././././././././././././././.]
[andes25.olcf.ornl.gov:478691] MCW rank 13 bound to socket 0[core 11[hwt 0]]: [./././././././././././B/./././.][./././././././././././././././.]
[andes25.olcf.ornl.gov:478691] MCW rank 14 bound to socket 1[core 19[hwt 0]]: [./././././././././././././././.][./././B/./././././././././././.]
[andes25.olcf.ornl.gov:478691] MCW rank 15 bound to socket 1[core 27[hwt 0]]: [./././././././././././././././.][./././././././././././B/./././.]
[andes25.olcf.ornl.gov:478691] MCW rank 12 bound to socket 0[core 3[hwt 0]]: [./././B/./././././././././././.][./././././././././././././././.]
[andes25.olcf.ornl.gov:478691] MCW rank 18 bound to socket 1[core 20[hwt 0]]: [./././././././././././././././.][././././B/././././././././././.]
[andes25.olcf.ornl.gov:478691] MCW rank 19 bound to socket 1[core 28[hwt 0]]: [./././././././././././././././.][././././././././././././B/././.]
[andes25.olcf.ornl.gov:478691] MCW rank 16 bound to socket 0[core 4[hwt 0]]: [././././B/././././././././././.][./././././././././././././././.]
[andes25.olcf.ornl.gov:478691] MCW rank 17 bound to socket 0[core 12[hwt 0]]: [././././././././././././B/././.][./././././././././././././././.]
[andes25.olcf.ornl.gov:478691] MCW rank 22 bound to socket 1[core 21[hwt 0]]: [./././././././././././././././.][./././././B/./././././././././.]
[andes25.olcf.ornl.gov:478691] MCW rank 23 bound to socket 1[core 29[hwt 0]]: [./././././././././././././././.][./././././././././././././B/./.]
[andes25.olcf.ornl.gov:478691] MCW rank 20 bound to socket 0[core 5[hwt 0]]: [./././././B/./././././././././.][./././././././././././././././.]
[andes25.olcf.ornl.gov:478691] MCW rank 26 bound to socket 1[core 22[hwt 0]]: [./././././././././././././././.][././././././B/././././././././.]
[andes25.olcf.ornl.gov:478691] MCW rank 27 bound to socket 1[core 30[hwt 0]]: [./././././././././././././././.][././././././././././././././B/.]
[andes25.olcf.ornl.gov:478691] MCW rank 21 bound to socket 0[core 13[hwt 0]]: [./././././././././././././B/./.][./././././././././././././././.]
[andes25.olcf.ornl.gov:478691] MCW rank 31 bound to socket 1[core 31[hwt 0]]: [./././././././././././././././.][./././././././././././././././B]
[andes25.olcf.ornl.gov:478691] MCW rank 24 bound to socket 0[core 6[hwt 0]]: [././././././B/././././././././.][./././././././././././././././.]
[andes25.olcf.ornl.gov:478691] MCW rank 30 bound to socket 1[core 23[hwt 0]]: [./././././././././././././././.][./././././././B/./././././././.]
[andes25.olcf.ornl.gov:478691] MCW rank 25 bound to socket 0[core 14[hwt 0]]: [././././././././././././././B/.][./././././././././././././././.]
[andes25.olcf.ornl.gov:478691] MCW rank 28 bound to socket 0[core 7[hwt 0]]: [./././././././B/./././././././.][./././././././././././././././.]
[andes25.olcf.ornl.gov:478691] MCW rank 29 bound to socket 0[core 15[hwt 0]]: [./././././././././././././././B][./././././././././././././././.]
Traceback (most recent call last):
  File "run_halo_fesc.py", line 65, in <module>
    compute_fesc(
  File "/ccs/home/jlewis/halo_properties/halo_stats/halo_fesc_latest_big_boxes.py", line 1139, in compute_fesc
    sm_temp * sm_emissivity_box
ValueError: operands could not be broadcast together with shapes (9,9,9) (13,13,13) 
Traceback (most recent call last):
  File "run_halo_fesc.py", line 65, in <module>
    compute_fesc(
  File "/ccs/home/jlewis/halo_properties/halo_stats/halo_fesc_latest_big_boxes.py", line 1094, in compute_fesc
    emissivity_box[
IndexError: index 28 is out of bounds for axis 2 with size 0
Traceback (most recent call last):
  File "run_halo_fesc.py", line 65, in <module>
    compute_fesc(
  File "/ccs/home/jlewis/halo_properties/halo_stats/halo_fesc_latest_big_boxes.py", line 1139, in compute_fesc
    sm_temp * sm_emissivity_box
ValueError: operands could not be broadcast together with shapes (15,15,15) (21,21,21) 
Traceback (most recent call last):
  File "run_halo_fesc.py", line 65, in <module>
    compute_fesc(
  File "/ccs/home/jlewis/halo_properties/halo_stats/halo_fesc_latest_big_boxes.py", line 1094, in compute_fesc
    emissivity_box[
IndexError: index 24 is out of bounds for axis 2 with size 0
Traceback (most recent call last):
  File "run_halo_fesc.py", line 65, in <module>
    compute_fesc(
  File "/ccs/home/jlewis/halo_properties/halo_stats/halo_fesc_latest_big_boxes.py", line 1094, in compute_fesc
    emissivity_box[
IndexError: index 10 is out of bounds for axis 0 with size 0
Traceback (most recent call last):
  File "run_halo_fesc.py", line 65, in <module>
    compute_fesc(
  File "/ccs/home/jlewis/halo_properties/halo_stats/halo_fesc_latest_big_boxes.py", line 1094, in compute_fesc
    emissivity_box[
IndexError: index 6 is out of bounds for axis 1 with size 0
Traceback (most recent call last):
  File "run_halo_fesc.py", line 65, in <module>
    compute_fesc(
  File "/ccs/home/jlewis/halo_properties/halo_stats/halo_fesc_latest_big_boxes.py", line 1139, in compute_fesc
    sm_temp * sm_emissivity_box
ValueError: operands could not be broadcast together with shapes (7,7,7) (9,9,9) 
Traceback (most recent call last):
  File "run_halo_fesc.py", line 65, in <module>
    compute_fesc(
  File "/ccs/home/jlewis/halo_properties/halo_stats/halo_fesc_latest_big_boxes.py", line 1094, in compute_fesc
    emissivity_box[
IndexError: index 12 is out of bounds for axis 1 with size 0
Traceback (most recent call last):
  File "run_halo_fesc.py", line 65, in <module>
    compute_fesc(
  File "/ccs/home/jlewis/halo_properties/halo_stats/halo_fesc_latest_big_boxes.py", line 1094, in compute_fesc
    emissivity_box[
IndexError: index 14 is out of bounds for axis 1 with size 0
Traceback (most recent call last):
  File "run_halo_fesc.py", line 65, in <module>
    compute_fesc(
  File "/ccs/home/jlewis/halo_properties/halo_stats/halo_fesc_latest_big_boxes.py", line 1139, in compute_fesc
    sm_temp * sm_emissivity_box
ValueError: operands could not be broadcast together with shapes (9,9,9) (13,13,13) 
Traceback (most recent call last):
  File "run_halo_fesc.py", line 65, in <module>
    compute_fesc(
  File "/ccs/home/jlewis/halo_properties/halo_stats/halo_fesc_latest_big_boxes.py", line 1094, in compute_fesc
    emissivity_box[
IndexError: index 18 is out of bounds for axis 2 with size 0
Traceback (most recent call last):
  File "run_halo_fesc.py", line 65, in <module>
    compute_fesc(
  File "/ccs/home/jlewis/halo_properties/halo_stats/halo_fesc_latest_big_boxes.py", line 1139, in compute_fesc
    sm_temp * sm_emissivity_box
ValueError: operands could not be broadcast together with shapes (5,5,5) (7,7,7) 
Traceback (most recent call last):
  File "run_halo_fesc.py", line 65, in <module>
    compute_fesc(
  File "/ccs/home/jlewis/halo_properties/halo_stats/halo_fesc_latest_big_boxes.py", line 1139, in compute_fesc
    sm_temp * sm_emissivity_box
ValueError: operands could not be broadcast together with shapes (3,3,3) (0,0,0) 
Traceback (most recent call last):
  File "run_halo_fesc.py", line 65, in <module>
    compute_fesc(
  File "/ccs/home/jlewis/halo_properties/halo_stats/halo_fesc_latest_big_boxes.py", line 1094, in compute_fesc
    emissivity_box[
IndexError: index 10 is out of bounds for axis 1 with size 0
Traceback (most recent call last):
  File "run_halo_fesc.py", line 65, in <module>
    compute_fesc(
  File "/ccs/home/jlewis/halo_properties/halo_stats/halo_fesc_latest_big_boxes.py", line 1094, in compute_fesc
    emissivity_box[
IndexError: index 10 is out of bounds for axis 2 with size 0
Traceback (most recent call last):
  File "run_halo_fesc.py", line 65, in <module>
    compute_fesc(
  File "/ccs/home/jlewis/halo_properties/halo_stats/halo_fesc_latest_big_boxes.py", line 1094, in compute_fesc
    emissivity_box[
IndexError: index 10 is out of bounds for axis 1 with size 0
Traceback (most recent call last):
  File "run_halo_fesc.py", line 65, in <module>
    compute_fesc(
  File "/ccs/home/jlewis/halo_properties/halo_stats/halo_fesc_latest_big_boxes.py", line 1139, in compute_fesc
    sm_temp * sm_emissivity_box
ValueError: operands could not be broadcast together with shapes (9,9,9) (13,13,13) 
Traceback (most recent call last):
  File "run_halo_fesc.py", line 65, in <module>
    compute_fesc(
  File "/ccs/home/jlewis/halo_properties/halo_stats/halo_fesc_latest_big_boxes.py", line 1139, in compute_fesc
    sm_temp * sm_emissivity_box
ValueError: operands could not be broadcast together with shapes (7,7,7) (9,9,9) 
Traceback (most recent call last):
  File "run_halo_fesc.py", line 65, in <module>
    compute_fesc(
  File "/ccs/home/jlewis/halo_properties/halo_stats/halo_fesc_latest_big_boxes.py", line 1139, in compute_fesc
    sm_temp * sm_emissivity_box
ValueError: operands could not be broadcast together with shapes (9,9,9) (13,13,13) 
Traceback (most recent call last):
  File "run_halo_fesc.py", line 65, in <module>
    compute_fesc(
  File "/ccs/home/jlewis/halo_properties/halo_stats/halo_fesc_latest_big_boxes.py", line 1139, in compute_fesc
    sm_temp * sm_emissivity_box
ValueError: operands could not be broadcast together with shapes (11,11,11) (15,15,15) 
Traceback (most recent call last):
  File "run_halo_fesc.py", line 65, in <module>
    compute_fesc(
  File "/ccs/home/jlewis/halo_properties/halo_stats/halo_fesc_latest_big_boxes.py", line 1139, in compute_fesc
    sm_temp * sm_emissivity_box
ValueError: operands could not be broadcast together with shapes (7,7,7) (11,11,11) 
Traceback (most recent call last):
  File "run_halo_fesc.py", line 65, in <module>
    compute_fesc(
  File "/ccs/home/jlewis/halo_properties/halo_stats/halo_fesc_latest_big_boxes.py", line 1094, in compute_fesc
    emissivity_box[
IndexError: index 14 is out of bounds for axis 1 with size 0
Traceback (most recent call last):
  File "run_halo_fesc.py", line 65, in <module>
    compute_fesc(
  File "/ccs/home/jlewis/halo_properties/halo_stats/halo_fesc_latest_big_boxes.py", line 1139, in compute_fesc
    sm_temp * sm_emissivity_box
ValueError: operands could not be broadcast together with shapes (9,9,9) (13,13,13) 
Traceback (most recent call last):
  File "run_halo_fesc.py", line 65, in <module>
    compute_fesc(
  File "/ccs/home/jlewis/halo_properties/halo_stats/halo_fesc_latest_big_boxes.py", line 1139, in compute_fesc
    sm_temp * sm_emissivity_box
ValueError: operands could not be broadcast together with shapes (7,7,7) (9,9,9) 
Traceback (most recent call last):
  File "run_halo_fesc.py", line 65, in <module>
    compute_fesc(
  File "/ccs/home/jlewis/halo_properties/halo_stats/halo_fesc_latest_big_boxes.py", line 1094, in compute_fesc
    emissivity_box[
IndexError: index 12 is out of bounds for axis 2 with size 0
Traceback (most recent call last):
  File "run_halo_fesc.py", line 65, in <module>
    compute_fesc(
  File "/ccs/home/jlewis/halo_properties/halo_stats/halo_fesc_latest_big_boxes.py", line 1139, in compute_fesc
    sm_temp * sm_emissivity_box
ValueError: operands could not be broadcast together with shapes (9,9,9) (13,13,13) 
Traceback (most recent call last):
  File "run_halo_fesc.py", line 65, in <module>
    compute_fesc(
  File "/ccs/home/jlewis/halo_properties/halo_stats/halo_fesc_latest_big_boxes.py", line 1094, in compute_fesc
Traceback (most recent call last):
  File "run_halo_fesc.py", line 65, in <module>
    emissivity_box[
IndexError: index 4 is out of bounds for axis 1 with size 0
    compute_fesc(
  File "/ccs/home/jlewis/halo_properties/halo_stats/halo_fesc_latest_big_boxes.py", line 1094, in compute_fesc
    emissivity_box[
IndexError: index 12 is out of bounds for axis 1 with size 0
Traceback (most recent call last):
  File "run_halo_fesc.py", line 65, in <module>
    compute_fesc(
  File "/ccs/home/jlewis/halo_properties/halo_stats/halo_fesc_latest_big_boxes.py", line 1139, in compute_fesc
    sm_temp * sm_emissivity_box
ValueError: operands could not be broadcast together with shapes (5,5,5) (7,7,7) 
Traceback (most recent call last):
  File "run_halo_fesc.py", line 65, in <module>
    compute_fesc(
  File "/ccs/home/jlewis/halo_properties/halo_stats/halo_fesc_latest_big_boxes.py", line 1139, in compute_fesc
    sm_temp * sm_emissivity_box
ValueError: operands could not be broadcast together with shapes (13,13,13) (19,19,19) 
Traceback (most recent call last):
  File "run_halo_fesc.py", line 65, in <module>
    compute_fesc(
  File "/ccs/home/jlewis/halo_properties/halo_stats/halo_fesc_latest_big_boxes.py", line 1139, in compute_fesc
    sm_temp * sm_emissivity_box
ValueError: operands could not be broadcast together with shapes (5,5,5) (7,7,7) 
Traceback (most recent call last):
  File "run_halo_fesc.py", line 65, in <module>
    compute_fesc(
  File "/ccs/home/jlewis/halo_properties/halo_stats/halo_fesc_latest_big_boxes.py", line 1139, in compute_fesc
    sm_temp * sm_emissivity_box
ValueError: operands could not be broadcast together with shapes (7,7,7) (11,11,11) 
--------------------------------------------------------------------------
Primary job  terminated normally, but 1 process returned
a non-zero exit code. Per user-direction, the job has been aborted.
--------------------------------------------------------------------------
--------------------------------------------------------------------------
mpiexec detected that one or more processes exited with non-zero status, thus causing
the job to be terminated. The first process to do so was:

  Process name: [[58328,1],23]
  Exit code:    1
--------------------------------------------------------------------------
[andes25.olcf.ornl.gov:479140] MCW rank 0 bound to socket 0[core 0[hwt 0]]: [B/././././././././././././././.][./././././././././././././././.]
[andes25.olcf.ornl.gov:479140] MCW rank 1 bound to socket 0[core 8[hwt 0]]: [././././././././B/././././././.][./././././././././././././././.]
[andes25.olcf.ornl.gov:479140] MCW rank 2 bound to socket 1[core 16[hwt 0]]: [./././././././././././././././.][B/././././././././././././././.]
[andes25.olcf.ornl.gov:479140] MCW rank 3 bound to socket 1[core 24[hwt 0]]: [./././././././././././././././.][././././././././B/././././././.]
[andes25.olcf.ornl.gov:479140] MCW rank 6 bound to socket 1[core 17[hwt 0]]: [./././././././././././././././.][./B/./././././././././././././.]
[andes25.olcf.ornl.gov:479140] MCW rank 4 bound to socket 0[core 1[hwt 0]]: [./B/./././././././././././././.][./././././././././././././././.]
[andes25.olcf.ornl.gov:479140] MCW rank 5 bound to socket 0[core 9[hwt 0]]: [./././././././././B/./././././.][./././././././././././././././.]
[andes25.olcf.ornl.gov:479140] MCW rank 7 bound to socket 1[core 25[hwt 0]]: [./././././././././././././././.][./././././././././B/./././././.]
[andes25.olcf.ornl.gov:479140] MCW rank 9 bound to socket 0[core 10[hwt 0]]: [././././././././././B/././././.][./././././././././././././././.]
[andes25.olcf.ornl.gov:479140] MCW rank 11 bound to socket 1[core 26[hwt 0]]: [./././././././././././././././.][././././././././././B/././././.]
[andes25.olcf.ornl.gov:479140] MCW rank 8 bound to socket 0[core 2[hwt 0]]: [././B/././././././././././././.][./././././././././././././././.]
[andes25.olcf.ornl.gov:479140] MCW rank 10 bound to socket 1[core 18[hwt 0]]: [./././././././././././././././.][././B/././././././././././././.]
[andes25.olcf.ornl.gov:479140] MCW rank 14 bound to socket 1[core 19[hwt 0]]: [./././././././././././././././.][./././B/./././././././././././.]
[andes25.olcf.ornl.gov:479140] MCW rank 15 bound to socket 1[core 27[hwt 0]]: [./././././././././././././././.][./././././././././././B/./././.]
[andes25.olcf.ornl.gov:479140] MCW rank 12 bound to socket 0[core 3[hwt 0]]: [./././B/./././././././././././.][./././././././././././././././.]
[andes25.olcf.ornl.gov:479140] MCW rank 13 bound to socket 0[core 11[hwt 0]]: [./././././././././././B/./././.][./././././././././././././././.]
[andes25.olcf.ornl.gov:479140] MCW rank 19 bound to socket 1[core 28[hwt 0]]: [./././././././././././././././.][././././././././././././B/././.]
[andes25.olcf.ornl.gov:479140] MCW rank 18 bound to socket 1[core 20[hwt 0]]: [./././././././././././././././.][././././B/././././././././././.]
[andes25.olcf.ornl.gov:479140] MCW rank 23 bound to socket 1[core 29[hwt 0]]: [./././././././././././././././.][./././././././././././././B/./.]
[andes25.olcf.ornl.gov:479140] MCW rank 22 bound to socket 1[core 21[hwt 0]]: [./././././././././././././././.][./././././B/./././././././././.]
[andes25.olcf.ornl.gov:479140] MCW rank 16 bound to socket 0[core 4[hwt 0]]: [././././B/././././././././././.][./././././././././././././././.]
[andes25.olcf.ornl.gov:479140] MCW rank 17 bound to socket 0[core 12[hwt 0]]: [././././././././././././B/././.][./././././././././././././././.]
[andes25.olcf.ornl.gov:479140] MCW rank 21 bound to socket 0[core 13[hwt 0]]: [./././././././././././././B/./.][./././././././././././././././.]
[andes25.olcf.ornl.gov:479140] MCW rank 27 bound to socket 1[core 30[hwt 0]]: [./././././././././././././././.][././././././././././././././B/.]
[andes25.olcf.ornl.gov:479140] MCW rank 31 bound to socket 1[core 31[hwt 0]]: [./././././././././././././././.][./././././././././././././././B]
[andes25.olcf.ornl.gov:479140] MCW rank 20 bound to socket 0[core 5[hwt 0]]: [./././././B/./././././././././.][./././././././././././././././.]
[andes25.olcf.ornl.gov:479140] MCW rank 26 bound to socket 1[core 22[hwt 0]]: [./././././././././././././././.][././././././B/././././././././.]
[andes25.olcf.ornl.gov:479140] MCW rank 30 bound to socket 1[core 23[hwt 0]]: [./././././././././././././././.][./././././././B/./././././././.]
[andes25.olcf.ornl.gov:479140] MCW rank 25 bound to socket 0[core 14[hwt 0]]: [././././././././././././././B/.][./././././././././././././././.]
[andes25.olcf.ornl.gov:479140] MCW rank 24 bound to socket 0[core 6[hwt 0]]: [././././././B/././././././././.][./././././././././././././././.]
[andes25.olcf.ornl.gov:479140] MCW rank 29 bound to socket 0[core 15[hwt 0]]: [./././././././././././././././B][./././././././././././././././.]
[andes25.olcf.ornl.gov:479140] MCW rank 28 bound to socket 0[core 7[hwt 0]]: [./././././././B/./././././././.][./././././././././././././././.]
Traceback (most recent call last):
  File "run_halo_fesc.py", line 65, in <module>
    compute_fesc(
  File "/ccs/home/jlewis/halo_properties/halo_stats/halo_fesc_latest_big_boxes.py", line 1139, in compute_fesc
    sm_temp * sm_emissivity_box
ValueError: operands could not be broadcast together with shapes (5,5,5) (0,0,0) 
Traceback (most recent call last):
  File "run_halo_fesc.py", line 65, in <module>
    compute_fesc(
  File "/ccs/home/jlewis/halo_properties/halo_stats/halo_fesc_latest_big_boxes.py", line 1139, in compute_fesc
    sm_temp * sm_emissivity_box
ValueError: operands could not be broadcast together with shapes (5,5,5) (0,0,0) 
Traceback (most recent call last):
  File "run_halo_fesc.py", line 65, in <module>
    compute_fesc(
  File "/ccs/home/jlewis/halo_properties/halo_stats/halo_fesc_latest_big_boxes.py", line 1139, in compute_fesc
    sm_temp * sm_emissivity_box
ValueError: operands could not be broadcast together with shapes (5,5,5) (7,7,7) 
Traceback (most recent call last):
  File "run_halo_fesc.py", line 65, in <module>
    compute_fesc(
  File "/ccs/home/jlewis/halo_properties/halo_stats/halo_fesc_latest_big_boxes.py", line 1139, in compute_fesc
    sm_temp * sm_emissivity_box
ValueError: operands could not be broadcast together with shapes (5,5,5) (0,0,0) 
Traceback (most recent call last):
  File "run_halo_fesc.py", line 65, in <module>
    compute_fesc(
  File "/ccs/home/jlewis/halo_properties/halo_stats/halo_fesc_latest_big_boxes.py", line 1139, in compute_fesc
    sm_temp * sm_emissivity_box
ValueError: operands could not be broadcast together with shapes (5,5,5) (7,7,7) 
Traceback (most recent call last):
  File "run_halo_fesc.py", line 65, in <module>
    compute_fesc(
  File "/ccs/home/jlewis/halo_properties/halo_stats/halo_fesc_latest_big_boxes.py", line 1139, in compute_fesc
    sm_temp * sm_emissivity_box
ValueError: operands could not be broadcast together with shapes (5,5,5) (7,7,7) 
Traceback (most recent call last):
  File "run_halo_fesc.py", line 65, in <module>
    compute_fesc(
  File "/ccs/home/jlewis/halo_properties/halo_stats/halo_fesc_latest_big_boxes.py", line 1139, in compute_fesc
    sm_temp * sm_emissivity_box
ValueError: operands could not be broadcast together with shapes (5,5,5) (7,7,7) 
Traceback (most recent call last):
  File "run_halo_fesc.py", line 65, in <module>
    compute_fesc(
  File "/ccs/home/jlewis/halo_properties/halo_stats/halo_fesc_latest_big_boxes.py", line 1139, in compute_fesc
    sm_temp * sm_emissivity_box
ValueError: operands could not be broadcast together with shapes (3,3,3) (0,0,0) 
Traceback (most recent call last):
  File "run_halo_fesc.py", line 65, in <module>
    compute_fesc(
  File "/ccs/home/jlewis/halo_properties/halo_stats/halo_fesc_latest_big_boxes.py", line 1139, in compute_fesc
    sm_temp * sm_emissivity_box
ValueError: operands could not be broadcast together with shapes (3,3,3) (0,0,0) 
Traceback (most recent call last):
  File "run_halo_fesc.py", line 65, in <module>
    compute_fesc(
  File "/ccs/home/jlewis/halo_properties/halo_stats/halo_fesc_latest_big_boxes.py", line 1094, in compute_fesc
    emissivity_box[
IndexError: index 8 is out of bounds for axis 2 with size 0
Traceback (most recent call last):
  File "run_halo_fesc.py", line 65, in <module>
    compute_fesc(
  File "/ccs/home/jlewis/halo_properties/halo_stats/halo_fesc_latest_big_boxes.py", line 1139, in compute_fesc
    sm_temp * sm_emissivity_box
ValueError: operands could not be broadcast together with shapes (11,11,11) (15,15,15) 
Traceback (most recent call last):
  File "run_halo_fesc.py", line 65, in <module>
    compute_fesc(
  File "/ccs/home/jlewis/halo_properties/halo_stats/halo_fesc_latest_big_boxes.py", line 1139, in compute_fesc
    sm_temp * sm_emissivity_box
ValueError: operands could not be broadcast together with shapes (5,5,5) (0,0,0) 
Traceback (most recent call last):
  File "run_halo_fesc.py", line 65, in <module>
Traceback (most recent call last):
  File "run_halo_fesc.py", line 65, in <module>
    compute_fesc(
  File "/ccs/home/jlewis/halo_properties/halo_stats/halo_fesc_latest_big_boxes.py", line 1139, in compute_fesc
    compute_fesc(
  File "/ccs/home/jlewis/halo_properties/halo_stats/halo_fesc_latest_big_boxes.py", line 1094, in compute_fesc
    sm_temp * sm_emissivity_box
ValueError: operands could not be broadcast together with shapes (5,5,5) (0,0,0) 
    emissivity_box[
IndexError: index 6 is out of bounds for axis 1 with size 0
Traceback (most recent call last):
  File "run_halo_fesc.py", line 65, in <module>
    compute_fesc(
  File "/ccs/home/jlewis/halo_properties/halo_stats/halo_fesc_latest_big_boxes.py", line 1094, in compute_fesc
    emissivity_box[
IndexError: index 6 is out of bounds for axis 2 with size 0
Traceback (most recent call last):
  File "run_halo_fesc.py", line 65, in <module>
    compute_fesc(
  File "/ccs/home/jlewis/halo_properties/halo_stats/halo_fesc_latest_big_boxes.py", line 1139, in compute_fesc
    sm_temp * sm_emissivity_box
ValueError: operands could not be broadcast together with shapes (5,5,5) (0,0,0) 
Traceback (most recent call last):
  File "run_halo_fesc.py", line 65, in <module>
    compute_fesc(
  File "/ccs/home/jlewis/halo_properties/halo_stats/halo_fesc_latest_big_boxes.py", line 1139, in compute_fesc
    sm_temp * sm_emissivity_box
ValueError: operands could not be broadcast together with shapes (5,5,5) (0,0,0) 
Traceback (most recent call last):
  File "run_halo_fesc.py", line 65, in <module>
    compute_fesc(
  File "/ccs/home/jlewis/halo_properties/halo_stats/halo_fesc_latest_big_boxes.py", line 1139, in compute_fesc
    sm_temp * sm_emissivity_box
ValueError: operands could not be broadcast together with shapes (5,5,5) (7,7,7) 
Traceback (most recent call last):
  File "run_halo_fesc.py", line 65, in <module>
    compute_fesc(
  File "/ccs/home/jlewis/halo_properties/halo_stats/halo_fesc_latest_big_boxes.py", line 1094, in compute_fesc
    emissivity_box[
IndexError: index 6 is out of bounds for axis 2 with size 0
Traceback (most recent call last):
  File "run_halo_fesc.py", line 65, in <module>
    compute_fesc(
  File "/ccs/home/jlewis/halo_properties/halo_stats/halo_fesc_latest_big_boxes.py", line 1094, in compute_fesc
    emissivity_box[
IndexError: index 10 is out of bounds for axis 2 with size 0
Traceback (most recent call last):
  File "run_halo_fesc.py", line 65, in <module>
    compute_fesc(
  File "/ccs/home/jlewis/halo_properties/halo_stats/halo_fesc_latest_big_boxes.py", line 1139, in compute_fesc
    sm_temp * sm_emissivity_box
ValueError: operands could not be broadcast together with shapes (5,5,5) (7,7,7) 
Traceback (most recent call last):
  File "run_halo_fesc.py", line 65, in <module>
    compute_fesc(
  File "/ccs/home/jlewis/halo_properties/halo_stats/halo_fesc_latest_big_boxes.py", line 1094, in compute_fesc
    emissivity_box[
IndexError: index 16 is out of bounds for axis 1 with size 0
Traceback (most recent call last):
  File "run_halo_fesc.py", line 65, in <module>
    compute_fesc(
  File "/ccs/home/jlewis/halo_properties/halo_stats/halo_fesc_latest_big_boxes.py", line 1139, in compute_fesc
    sm_temp * sm_emissivity_box
ValueError: operands could not be broadcast together with shapes (5,5,5) (0,0,0) 
Traceback (most recent call last):
  File "run_halo_fesc.py", line 65, in <module>
    compute_fesc(
  File "/ccs/home/jlewis/halo_properties/halo_stats/halo_fesc_latest_big_boxes.py", line 1139, in compute_fesc
    sm_temp * sm_emissivity_box
ValueError: operands could not be broadcast together with shapes (5,5,5) (7,7,7) 
Traceback (most recent call last):
  File "run_halo_fesc.py", line 65, in <module>
    compute_fesc(
  File "/ccs/home/jlewis/halo_properties/halo_stats/halo_fesc_latest_big_boxes.py", line 1094, in compute_fesc
    emissivity_box[
IndexError: index 12 is out of bounds for axis 1 with size 0
Traceback (most recent call last):
  File "run_halo_fesc.py", line 65, in <module>
    compute_fesc(
  File "/ccs/home/jlewis/halo_properties/halo_stats/halo_fesc_latest_big_boxes.py", line 1094, in compute_fesc
    emissivity_box[
IndexError: index 4 is out of bounds for axis 2 with size 0
Traceback (most recent call last):
  File "run_halo_fesc.py", line 65, in <module>
    compute_fesc(
  File "/ccs/home/jlewis/halo_properties/halo_stats/halo_fesc_latest_big_boxes.py", line 1094, in compute_fesc
    emissivity_box[
IndexError: index 10 is out of bounds for axis 2 with size 0
Traceback (most recent call last):
  File "run_halo_fesc.py", line 65, in <module>
    compute_fesc(
  File "/ccs/home/jlewis/halo_properties/halo_stats/halo_fesc_latest_big_boxes.py", line 1139, in compute_fesc
    
ValueError: operands could not be broadcast together with shapes (3,3,3) (0,0,0) 
Traceback (most recent call last):
  File "run_halo_fesc.py", line 65, in <module>
    compute_fesc(
  File "/ccs/home/jlewis/halo_properties/halo_stats/halo_fesc_latest_big_boxes.py", line 1094, in compute_fesc
    emissivity_box[
IndexError: index 6 is out of bounds for axis 0 with size 0
Traceback (most recent call last):
  File "run_halo_fesc.py", line 65, in <module>
    compute_fesc(
  File "/ccs/home/jlewis/halo_properties/halo_stats/halo_fesc_latest_big_boxes.py", line 1139, in compute_fesc
    
ValueError: operands could not be broadcast together with shapes (5,5,5) (7,7,7) 
Traceback (most recent call last):
  File "run_halo_fesc.py", line 65, in <module>
    compute_fesc(
  File "/ccs/home/jlewis/halo_properties/halo_stats/halo_fesc_latest_big_boxes.py", line 1139, in compute_fesc
    
ValueError: operands could not be broadcast together with shapes (5,5,5) (7,7,7) 
Traceback (most recent call last):
  File "run_halo_fesc.py", line 65, in <module>
    compute_fesc(
  File "/ccs/home/jlewis/halo_properties/halo_stats/halo_fesc_latest_big_boxes.py", line 1139, in compute_fesc
    
ValueError: operands could not be broadcast together with shapes (5,5,5) (0,0,0) 
--------------------------------------------------------------------------
Primary job  terminated normally, but 1 process returned
a non-zero exit code. Per user-direction, the job has been aborted.
--------------------------------------------------------------------------
--------------------------------------------------------------------------
mpiexec detected that one or more processes exited with non-zero status, thus causing
the job to be terminated. The first process to do so was:

  Process name: [[57759,1],2]
  Exit code:    1
--------------------------------------------------------------------------
