Running on 32 tasks
Skipping existing files
Redshift is 9.0
DM part mass in msun : 5.089030e+04
Getting halos and associated stars
['kext_albedo_WD_MW_3.1_60_D03.all', 'kext_albedo_WD_MW_4.0A_40_D03.all', 'kext_albedo_WD_MW_5.5A_30_D03.all', 'kext_albedo_WD_LMCavg_20', 'kext_albedo_WD_LMC2_10', 'kext_albedo_WD_SMCbar_0']
/ccs/home/jlewis/halo_properties/dust/../dust_files
['kext_albedo_WD_MW_3.1_60_D03.all', 'kext_albedo_WD_MW_4.0A_40_D03.all', 'kext_albedo_WD_MW_5.5A_30_D03.all', 'kext_albedo_WD_LMCavg_20', 'kext_albedo_WD_LMC2_10', 'kext_albedo_WD_SMCbar_0']
/ccs/home/jlewis/halo_properties/dust/../dust_files
['kext_albedo_WD_MW_3.1_60_D03.all', 'kext_albedo_WD_MW_4.0A_40_D03.all', 'kext_albedo_WD_MW_5.5A_30_D03.all', 'kext_albedo_WD_LMCavg_20', 'kext_albedo_WD_LMC2_10', 'kext_albedo_WD_SMCbar_0']
/ccs/home/jlewis/halo_properties/dust/../dust_files
['kext_albedo_WD_MW_3.1_60_D03.all', 'kext_albedo_WD_MW_4.0A_40_D03.all', 'kext_albedo_WD_MW_5.5A_30_D03.all', 'kext_albedo_WD_LMCavg_20', 'kext_albedo_WD_LMC2_10', 'kext_albedo_WD_SMCbar_0']
/ccs/home/jlewis/halo_properties/dust/../dust_files
['kext_albedo_WD_MW_3.1_60_D03.all', 'kext_albedo_WD_MW_4.0A_40_D03.all', 'kext_albedo_WD_MW_5.5A_30_D03.all', 'kext_albedo_WD_LMCavg_20', 'kext_albedo_WD_LMC2_10', 'kext_albedo_WD_SMCbar_0']
/ccs/home/jlewis/halo_properties/dust/../dust_files
['kext_albedo_WD_MW_3.1_60_D03.all', 'kext_albedo_WD_MW_4.0A_40_D03.all', 'kext_albedo_WD_MW_5.5A_30_D03.all', 'kext_albedo_WD_LMCavg_20', 'kext_albedo_WD_LMC2_10', 'kext_albedo_WD_SMCbar_0']
/ccs/home/jlewis/halo_properties/dust/../dust_files
['kext_albedo_WD_MW_3.1_60_D03.all', 'kext_albedo_WD_MW_4.0A_40_D03.all', 'kext_albedo_WD_MW_5.5A_30_D03.all', 'kext_albedo_WD_LMCavg_20', 'kext_albedo_WD_LMC2_10', 'kext_albedo_WD_SMCbar_0']
/ccs/home/jlewis/halo_properties/dust/../dust_files
['kext_albedo_WD_MW_3.1_60_D03.all', 'kext_albedo_WD_MW_4.0A_40_D03.all', 'kext_albedo_WD_MW_5.5A_30_D03.all', 'kext_albedo_WD_LMCavg_20', 'kext_albedo_WD_LMC2_10', 'kext_albedo_WD_SMCbar_0']
/ccs/home/jlewis/halo_properties/dust/../dust_files
['kext_albedo_WD_MW_3.1_60_D03.all', 'kext_albedo_WD_MW_4.0A_40_D03.all', 'kext_albedo_WD_MW_5.5A_30_D03.all', 'kext_albedo_WD_LMCavg_20', 'kext_albedo_WD_LMC2_10', 'kext_albedo_WD_SMCbar_0']
/ccs/home/jlewis/halo_properties/dust/../dust_files
['kext_albedo_WD_MW_3.1_60_D03.all', 'kext_albedo_WD_MW_4.0A_40_D03.all', 'kext_albedo_WD_MW_5.5A_30_D03.all', 'kext_albedo_WD_LMCavg_20', 'kext_albedo_WD_LMC2_10', 'kext_albedo_WD_SMCbar_0']
/ccs/home/jlewis/halo_properties/dust/../dust_files
['kext_albedo_WD_MW_3.1_60_D03.all', 'kext_albedo_WD_MW_4.0A_40_D03.all', 'kext_albedo_WD_MW_5.5A_30_D03.all', 'kext_albedo_WD_LMCavg_20', 'kext_albedo_WD_LMC2_10', 'kext_albedo_WD_SMCbar_0']
/ccs/home/jlewis/halo_properties/dust/../dust_files
['kext_albedo_WD_MW_3.1_60_D03.all', 'kext_albedo_WD_MW_4.0A_40_D03.all', 'kext_albedo_WD_MW_5.5A_30_D03.all', 'kext_albedo_WD_LMCavg_20', 'kext_albedo_WD_LMC2_10', 'kext_albedo_WD_SMCbar_0']
/ccs/home/jlewis/halo_properties/dust/../dust_files
['kext_albedo_WD_MW_3.1_60_D03.all', 'kext_albedo_WD_MW_4.0A_40_D03.all', 'kext_albedo_WD_MW_5.5A_30_D03.all', 'kext_albedo_WD_LMCavg_20', 'kext_albedo_WD_LMC2_10', 'kext_albedo_WD_SMCbar_0']
/ccs/home/jlewis/halo_properties/dust/../dust_files
['kext_albedo_WD_MW_3.1_60_D03.all', 'kext_albedo_WD_MW_4.0A_40_D03.all', 'kext_albedo_WD_MW_5.5A_30_D03.all', 'kext_albedo_WD_LMCavg_20', 'kext_albedo_WD_LMC2_10', 'kext_albedo_WD_SMCbar_0']
/ccs/home/jlewis/halo_properties/dust/../dust_files
['kext_albedo_WD_MW_3.1_60_D03.all', 'kext_albedo_WD_MW_4.0A_40_D03.all', 'kext_albedo_WD_MW_5.5A_30_D03.all', 'kext_albedo_WD_LMCavg_20', 'kext_albedo_WD_LMC2_10', 'kext_albedo_WD_SMCbar_0']
/ccs/home/jlewis/halo_properties/dust/../dust_files
['kext_albedo_WD_MW_3.1_60_D03.all', 'kext_albedo_WD_MW_4.0A_40_D03.all', 'kext_albedo_WD_MW_5.5A_30_D03.all', 'kext_albedo_WD_LMCavg_20', 'kext_albedo_WD_LMC2_10', 'kext_albedo_WD_SMCbar_0']
/ccs/home/jlewis/halo_properties/dust/../dust_files
['kext_albedo_WD_MW_3.1_60_D03.all', 'kext_albedo_WD_MW_4.0A_40_D03.all', 'kext_albedo_WD_MW_5.5A_30_D03.all', 'kext_albedo_WD_LMCavg_20', 'kext_albedo_WD_LMC2_10', 'kext_albedo_WD_SMCbar_0']
/ccs/home/jlewis/halo_properties/dust/../dust_files
['kext_albedo_WD_MW_3.1_60_D03.all', 'kext_albedo_WD_MW_4.0A_40_D03.all', 'kext_albedo_WD_MW_5.5A_30_D03.all', 'kext_albedo_WD_LMCavg_20', 'kext_albedo_WD_LMC2_10', 'kext_albedo_WD_SMCbar_0']
/ccs/home/jlewis/halo_properties/dust/../dust_files
['kext_albedo_WD_MW_3.1_60_D03.all', 'kext_albedo_WD_MW_4.0A_40_D03.all', 'kext_albedo_WD_MW_5.5A_30_D03.all', 'kext_albedo_WD_LMCavg_20', 'kext_albedo_WD_LMC2_10', 'kext_albedo_WD_SMCbar_0']
/ccs/home/jlewis/halo_properties/dust/../dust_files
['kext_albedo_WD_MW_3.1_60_D03.all', 'kext_albedo_WD_MW_4.0A_40_D03.all', 'kext_albedo_WD_MW_5.5A_30_D03.all', 'kext_albedo_WD_LMCavg_20', 'kext_albedo_WD_LMC2_10', 'kext_albedo_WD_SMCbar_0']
/ccs/home/jlewis/halo_properties/dust/../dust_files
['kext_albedo_WD_MW_3.1_60_D03.all', 'kext_albedo_WD_MW_4.0A_40_D03.all', 'kext_albedo_WD_MW_5.5A_30_D03.all', 'kext_albedo_WD_LMCavg_20', 'kext_albedo_WD_LMC2_10', 'kext_albedo_WD_SMCbar_0']
/ccs/home/jlewis/halo_properties/dust/../dust_files
['kext_albedo_WD_MW_3.1_60_D03.all', 'kext_albedo_WD_MW_4.0A_40_D03.all', 'kext_albedo_WD_MW_5.5A_30_D03.all', 'kext_albedo_WD_LMCavg_20', 'kext_albedo_WD_LMC2_10', 'kext_albedo_WD_SMCbar_0']
/ccs/home/jlewis/halo_properties/dust/../dust_files
['kext_albedo_WD_MW_3.1_60_D03.all', 'kext_albedo_WD_MW_4.0A_40_D03.all', 'kext_albedo_WD_MW_5.5A_30_D03.all', 'kext_albedo_WD_LMCavg_20', 'kext_albedo_WD_LMC2_10', 'kext_albedo_WD_SMCbar_0']
/ccs/home/jlewis/halo_properties/dust/../dust_files
['kext_albedo_WD_MW_3.1_60_D03.all', 'kext_albedo_WD_MW_4.0A_40_D03.all', 'kext_albedo_WD_MW_5.5A_30_D03.all', 'kext_albedo_WD_LMCavg_20', 'kext_albedo_WD_LMC2_10', 'kext_albedo_WD_SMCbar_0']
/ccs/home/jlewis/halo_properties/dust/../dust_files
['kext_albedo_WD_MW_3.1_60_D03.all', 'kext_albedo_WD_MW_4.0A_40_D03.all', 'kext_albedo_WD_MW_5.5A_30_D03.all', 'kext_albedo_WD_LMCavg_20', 'kext_albedo_WD_LMC2_10', 'kext_albedo_WD_SMCbar_0']
/ccs/home/jlewis/halo_properties/dust/../dust_files
['kext_albedo_WD_MW_3.1_60_D03.all', 'kext_albedo_WD_MW_4.0A_40_D03.all', 'kext_albedo_WD_MW_5.5A_30_D03.all', 'kext_albedo_WD_LMCavg_20', 'kext_albedo_WD_LMC2_10', 'kext_albedo_WD_SMCbar_0']
/ccs/home/jlewis/halo_properties/dust/../dust_files
['kext_albedo_WD_MW_3.1_60_D03.all', 'kext_albedo_WD_MW_4.0A_40_D03.all', 'kext_albedo_WD_MW_5.5A_30_D03.all', 'kext_albedo_WD_LMCavg_20', 'kext_albedo_WD_LMC2_10', 'kext_albedo_WD_SMCbar_0']
/ccs/home/jlewis/halo_properties/dust/../dust_files
['kext_albedo_WD_MW_3.1_60_D03.all', 'kext_albedo_WD_MW_4.0A_40_D03.all', 'kext_albedo_WD_MW_5.5A_30_D03.all', 'kext_albedo_WD_LMCavg_20', 'kext_albedo_WD_LMC2_10', 'kext_albedo_WD_SMCbar_0']
/ccs/home/jlewis/halo_properties/dust/../dust_files
['kext_albedo_WD_MW_3.1_60_D03.all', 'kext_albedo_WD_MW_4.0A_40_D03.all', 'kext_albedo_WD_MW_5.5A_30_D03.all', 'kext_albedo_WD_LMCavg_20', 'kext_albedo_WD_LMC2_10', 'kext_albedo_WD_SMCbar_0']
/ccs/home/jlewis/halo_properties/dust/../dust_files
['kext_albedo_WD_MW_3.1_60_D03.all', 'kext_albedo_WD_MW_4.0A_40_D03.all', 'kext_albedo_WD_MW_5.5A_30_D03.all', 'kext_albedo_WD_LMCavg_20', 'kext_albedo_WD_LMC2_10', 'kext_albedo_WD_SMCbar_0']
/ccs/home/jlewis/halo_properties/dust/../dust_files
['kext_albedo_WD_MW_3.1_60_D03.all', 'kext_albedo_WD_MW_4.0A_40_D03.all', 'kext_albedo_WD_MW_5.5A_30_D03.all', 'kext_albedo_WD_LMCavg_20', 'kext_albedo_WD_LMC2_10', 'kext_albedo_WD_SMCbar_0']
/ccs/home/jlewis/halo_properties/dust/../dust_files
['kext_albedo_WD_MW_3.1_60_D03.all', 'kext_albedo_WD_MW_4.0A_40_D03.all', 'kext_albedo_WD_MW_5.5A_30_D03.all', 'kext_albedo_WD_LMCavg_20', 'kext_albedo_WD_LMC2_10', 'kext_albedo_WD_SMCbar_0']
/ccs/home/jlewis/halo_properties/dust/../dust_files
Running on 32 tasks
Skipping existing files
Redshift is 9.0
DM part mass in msun : 5.089030e+04
Getting halos and associated stars
['kext_albedo_WD_MW_3.1_60_D03.all', 'kext_albedo_WD_MW_4.0A_40_D03.all', 'kext_albedo_WD_MW_5.5A_30_D03.all', 'kext_albedo_WD_LMCavg_20', 'kext_albedo_WD_LMC2_10', 'kext_albedo_WD_SMCbar_0']
/ccs/home/jlewis/halo_properties/dust/../dust_files
['kext_albedo_WD_MW_3.1_60_D03.all', 'kext_albedo_WD_MW_4.0A_40_D03.all', 'kext_albedo_WD_MW_5.5A_30_D03.all', 'kext_albedo_WD_LMCavg_20', 'kext_albedo_WD_LMC2_10', 'kext_albedo_WD_SMCbar_0']
/ccs/home/jlewis/halo_properties/dust/../dust_files
['kext_albedo_WD_MW_3.1_60_D03.all', 'kext_albedo_WD_MW_4.0A_40_D03.all', 'kext_albedo_WD_MW_5.5A_30_D03.all', 'kext_albedo_WD_LMCavg_20', 'kext_albedo_WD_LMC2_10', 'kext_albedo_WD_SMCbar_0']
/ccs/home/jlewis/halo_properties/dust/../dust_files
['kext_albedo_WD_MW_3.1_60_D03.all', 'kext_albedo_WD_MW_4.0A_40_D03.all', 'kext_albedo_WD_MW_5.5A_30_D03.all', 'kext_albedo_WD_LMCavg_20', 'kext_albedo_WD_LMC2_10', 'kext_albedo_WD_SMCbar_0']
/ccs/home/jlewis/halo_properties/dust/../dust_files
['kext_albedo_WD_MW_3.1_60_D03.all', 'kext_albedo_WD_MW_4.0A_40_D03.all', 'kext_albedo_WD_MW_5.5A_30_D03.all', 'kext_albedo_WD_LMCavg_20', 'kext_albedo_WD_LMC2_10', 'kext_albedo_WD_SMCbar_0']
/ccs/home/jlewis/halo_properties/dust/../dust_files
['kext_albedo_WD_MW_3.1_60_D03.all', 'kext_albedo_WD_MW_4.0A_40_D03.all', 'kext_albedo_WD_MW_5.5A_30_D03.all', 'kext_albedo_WD_LMCavg_20', 'kext_albedo_WD_LMC2_10', 'kext_albedo_WD_SMCbar_0']
/ccs/home/jlewis/halo_properties/dust/../dust_files
['kext_albedo_WD_MW_3.1_60_D03.all', 'kext_albedo_WD_MW_4.0A_40_D03.all', 'kext_albedo_WD_MW_5.5A_30_D03.all', 'kext_albedo_WD_LMCavg_20', 'kext_albedo_WD_LMC2_10', 'kext_albedo_WD_SMCbar_0']
/ccs/home/jlewis/halo_properties/dust/../dust_files
['kext_albedo_WD_MW_3.1_60_D03.all', 'kext_albedo_WD_MW_4.0A_40_D03.all', 'kext_albedo_WD_MW_5.5A_30_D03.all', 'kext_albedo_WD_LMCavg_20', 'kext_albedo_WD_LMC2_10', 'kext_albedo_WD_SMCbar_0']
/ccs/home/jlewis/halo_properties/dust/../dust_files
['kext_albedo_WD_MW_3.1_60_D03.all', 'kext_albedo_WD_MW_4.0A_40_D03.all', 'kext_albedo_WD_MW_5.5A_30_D03.all', 'kext_albedo_WD_LMCavg_20', 'kext_albedo_WD_LMC2_10', 'kext_albedo_WD_SMCbar_0']
/ccs/home/jlewis/halo_properties/dust/../dust_files
['kext_albedo_WD_MW_3.1_60_D03.all', 'kext_albedo_WD_MW_4.0A_40_D03.all', 'kext_albedo_WD_MW_5.5A_30_D03.all', 'kext_albedo_WD_LMCavg_20', 'kext_albedo_WD_LMC2_10', 'kext_albedo_WD_SMCbar_0']
/ccs/home/jlewis/halo_properties/dust/../dust_files
['kext_albedo_WD_MW_3.1_60_D03.all', 'kext_albedo_WD_MW_4.0A_40_D03.all', 'kext_albedo_WD_MW_5.5A_30_D03.all', 'kext_albedo_WD_LMCavg_20', 'kext_albedo_WD_LMC2_10', 'kext_albedo_WD_SMCbar_0']
/ccs/home/jlewis/halo_properties/dust/../dust_files
['kext_albedo_WD_MW_3.1_60_D03.all', 'kext_albedo_WD_MW_4.0A_40_D03.all', 'kext_albedo_WD_MW_5.5A_30_D03.all', 'kext_albedo_WD_LMCavg_20', 'kext_albedo_WD_LMC2_10', 'kext_albedo_WD_SMCbar_0']
/ccs/home/jlewis/halo_properties/dust/../dust_files
['kext_albedo_WD_MW_3.1_60_D03.all', 'kext_albedo_WD_MW_4.0A_40_D03.all', 'kext_albedo_WD_MW_5.5A_30_D03.all', 'kext_albedo_WD_LMCavg_20', 'kext_albedo_WD_LMC2_10', 'kext_albedo_WD_SMCbar_0']
/ccs/home/jlewis/halo_properties/dust/../dust_files
['kext_albedo_WD_MW_3.1_60_D03.all', 'kext_albedo_WD_MW_4.0A_40_D03.all', 'kext_albedo_WD_MW_5.5A_30_D03.all', 'kext_albedo_WD_LMCavg_20', 'kext_albedo_WD_LMC2_10', 'kext_albedo_WD_SMCbar_0']
/ccs/home/jlewis/halo_properties/dust/../dust_files
['kext_albedo_WD_MW_3.1_60_D03.all', 'kext_albedo_WD_MW_4.0A_40_D03.all', 'kext_albedo_WD_MW_5.5A_30_D03.all', 'kext_albedo_WD_LMCavg_20', 'kext_albedo_WD_LMC2_10', 'kext_albedo_WD_SMCbar_0']
/ccs/home/jlewis/halo_properties/dust/../dust_files
['kext_albedo_WD_MW_3.1_60_D03.all', 'kext_albedo_WD_MW_4.0A_40_D03.all', 'kext_albedo_WD_MW_5.5A_30_D03.all', 'kext_albedo_WD_LMCavg_20', 'kext_albedo_WD_LMC2_10', 'kext_albedo_WD_SMCbar_0']
/ccs/home/jlewis/halo_properties/dust/../dust_files
['kext_albedo_WD_MW_3.1_60_D03.all', 'kext_albedo_WD_MW_4.0A_40_D03.all', 'kext_albedo_WD_MW_5.5A_30_D03.all', 'kext_albedo_WD_LMCavg_20', 'kext_albedo_WD_LMC2_10', 'kext_albedo_WD_SMCbar_0']
/ccs/home/jlewis/halo_properties/dust/../dust_files
['kext_albedo_WD_MW_3.1_60_D03.all', 'kext_albedo_WD_MW_4.0A_40_D03.all', 'kext_albedo_WD_MW_5.5A_30_D03.all', 'kext_albedo_WD_LMCavg_20', 'kext_albedo_WD_LMC2_10', 'kext_albedo_WD_SMCbar_0']
/ccs/home/jlewis/halo_properties/dust/../dust_files
['kext_albedo_WD_MW_3.1_60_D03.all', 'kext_albedo_WD_MW_4.0A_40_D03.all', 'kext_albedo_WD_MW_5.5A_30_D03.all', 'kext_albedo_WD_LMCavg_20', 'kext_albedo_WD_LMC2_10', 'kext_albedo_WD_SMCbar_0']
/ccs/home/jlewis/halo_properties/dust/../dust_files
['kext_albedo_WD_MW_3.1_60_D03.all', 'kext_albedo_WD_MW_4.0A_40_D03.all', 'kext_albedo_WD_MW_5.5A_30_D03.all', 'kext_albedo_WD_LMCavg_20', 'kext_albedo_WD_LMC2_10', 'kext_albedo_WD_SMCbar_0']
/ccs/home/jlewis/halo_properties/dust/../dust_files
['kext_albedo_WD_MW_3.1_60_D03.all', 'kext_albedo_WD_MW_4.0A_40_D03.all', 'kext_albedo_WD_MW_5.5A_30_D03.all', 'kext_albedo_WD_LMCavg_20', 'kext_albedo_WD_LMC2_10', 'kext_albedo_WD_SMCbar_0']
/ccs/home/jlewis/halo_properties/dust/../dust_files
['kext_albedo_WD_MW_3.1_60_D03.all', 'kext_albedo_WD_MW_4.0A_40_D03.all', 'kext_albedo_WD_MW_5.5A_30_D03.all', 'kext_albedo_WD_LMCavg_20', 'kext_albedo_WD_LMC2_10', 'kext_albedo_WD_SMCbar_0']
/ccs/home/jlewis/halo_properties/dust/../dust_files
['kext_albedo_WD_MW_3.1_60_D03.all', 'kext_albedo_WD_MW_4.0A_40_D03.all', 'kext_albedo_WD_MW_5.5A_30_D03.all', 'kext_albedo_WD_LMCavg_20', 'kext_albedo_WD_LMC2_10', 'kext_albedo_WD_SMCbar_0']
/ccs/home/jlewis/halo_properties/dust/../dust_files
['kext_albedo_WD_MW_3.1_60_D03.all', 'kext_albedo_WD_MW_4.0A_40_D03.all', 'kext_albedo_WD_MW_5.5A_30_D03.all', 'kext_albedo_WD_LMCavg_20', 'kext_albedo_WD_LMC2_10', 'kext_albedo_WD_SMCbar_0']
/ccs/home/jlewis/halo_properties/dust/../dust_files
['kext_albedo_WD_MW_3.1_60_D03.all', 'kext_albedo_WD_MW_4.0A_40_D03.all', 'kext_albedo_WD_MW_5.5A_30_D03.all', 'kext_albedo_WD_LMCavg_20', 'kext_albedo_WD_LMC2_10', 'kext_albedo_WD_SMCbar_0']
/ccs/home/jlewis/halo_properties/dust/../dust_files
['kext_albedo_WD_MW_3.1_60_D03.all', 'kext_albedo_WD_MW_4.0A_40_D03.all', 'kext_albedo_WD_MW_5.5A_30_D03.all', 'kext_albedo_WD_LMCavg_20', 'kext_albedo_WD_LMC2_10', 'kext_albedo_WD_SMCbar_0']
/ccs/home/jlewis/halo_properties/dust/../dust_files
['kext_albedo_WD_MW_3.1_60_D03.all', 'kext_albedo_WD_MW_4.0A_40_D03.all', 'kext_albedo_WD_MW_5.5A_30_D03.all', 'kext_albedo_WD_LMCavg_20', 'kext_albedo_WD_LMC2_10', 'kext_albedo_WD_SMCbar_0']
/ccs/home/jlewis/halo_properties/dust/../dust_files
['kext_albedo_WD_MW_3.1_60_D03.all', 'kext_albedo_WD_MW_4.0A_40_D03.all', 'kext_albedo_WD_MW_5.5A_30_D03.all', 'kext_albedo_WD_LMCavg_20', 'kext_albedo_WD_LMC2_10', 'kext_albedo_WD_SMCbar_0']
/ccs/home/jlewis/halo_properties/dust/../dust_files
['kext_albedo_WD_MW_3.1_60_D03.all', 'kext_albedo_WD_MW_4.0A_40_D03.all', 'kext_albedo_WD_MW_5.5A_30_D03.all', 'kext_albedo_WD_LMCavg_20', 'kext_albedo_WD_LMC2_10', 'kext_albedo_WD_SMCbar_0']
/ccs/home/jlewis/halo_properties/dust/../dust_files
['kext_albedo_WD_MW_3.1_60_D03.all', 'kext_albedo_WD_MW_4.0A_40_D03.all', 'kext_albedo_WD_MW_5.5A_30_D03.all', 'kext_albedo_WD_LMCavg_20', 'kext_albedo_WD_LMC2_10', 'kext_albedo_WD_SMCbar_0']
/ccs/home/jlewis/halo_properties/dust/../dust_files
['kext_albedo_WD_MW_3.1_60_D03.all', 'kext_albedo_WD_MW_4.0A_40_D03.all', 'kext_albedo_WD_MW_5.5A_30_D03.all', 'kext_albedo_WD_LMCavg_20', 'kext_albedo_WD_LMC2_10', 'kext_albedo_WD_SMCbar_0']
/ccs/home/jlewis/halo_properties/dust/../dust_files
['kext_albedo_WD_MW_3.1_60_D03.all', 'kext_albedo_WD_MW_4.0A_40_D03.all', 'kext_albedo_WD_MW_5.5A_30_D03.all', 'kext_albedo_WD_LMCavg_20', 'kext_albedo_WD_LMC2_10', 'kext_albedo_WD_SMCbar_0']
/ccs/home/jlewis/halo_properties/dust/../dust_files
job done
