/ccs/home/jlewis/.bash_profile: line 1: .bashrc: No such file or directory
[andes17.olcf.ornl.gov:1257985] MCW rank 0 bound to socket 0[core 0[hwt 0]]: [B/././././././././././././././.][./././././././././././././././.]
[andes17.olcf.ornl.gov:1257985] MCW rank 1 bound to socket 0[core 8[hwt 0]]: [././././././././B/././././././.][./././././././././././././././.]
[andes17.olcf.ornl.gov:1257985] MCW rank 2 bound to socket 1[core 16[hwt 0]]: [./././././././././././././././.][B/././././././././././././././.]
[andes17.olcf.ornl.gov:1257985] MCW rank 3 bound to socket 1[core 24[hwt 0]]: [./././././././././././././././.][././././././././B/././././././.]
[andes17.olcf.ornl.gov:1257985] MCW rank 4 bound to socket 0[core 1[hwt 0]]: [./B/./././././././././././././.][./././././././././././././././.]
[andes17.olcf.ornl.gov:1257985] MCW rank 5 bound to socket 0[core 9[hwt 0]]: [./././././././././B/./././././.][./././././././././././././././.]
[andes17.olcf.ornl.gov:1257985] MCW rank 6 bound to socket 1[core 17[hwt 0]]: [./././././././././././././././.][./B/./././././././././././././.]
[andes17.olcf.ornl.gov:1257985] MCW rank 7 bound to socket 1[core 25[hwt 0]]: [./././././././././././././././.][./././././././././B/./././././.]
[andes17.olcf.ornl.gov:1257985] MCW rank 8 bound to socket 0[core 2[hwt 0]]: [././B/././././././././././././.][./././././././././././././././.]
[andes17.olcf.ornl.gov:1257985] MCW rank 9 bound to socket 0[core 10[hwt 0]]: [././././././././././B/././././.][./././././././././././././././.]
[andes17.olcf.ornl.gov:1257985] MCW rank 10 bound to socket 1[core 18[hwt 0]]: [./././././././././././././././.][././B/././././././././././././.]
[andes17.olcf.ornl.gov:1257985] MCW rank 11 bound to socket 1[core 26[hwt 0]]: [./././././././././././././././.][././././././././././B/././././.]
[andes17.olcf.ornl.gov:1257985] MCW rank 12 bound to socket 0[core 3[hwt 0]]: [./././B/./././././././././././.][./././././././././././././././.]
[andes17.olcf.ornl.gov:1257985] MCW rank 13 bound to socket 0[core 11[hwt 0]]: [./././././././././././B/./././.][./././././././././././././././.]
[andes17.olcf.ornl.gov:1257985] MCW rank 14 bound to socket 1[core 19[hwt 0]]: [./././././././././././././././.][./././B/./././././././././././.]
[andes17.olcf.ornl.gov:1257985] MCW rank 15 bound to socket 1[core 27[hwt 0]]: [./././././././././././././././.][./././././././././././B/./././.]
[andes17.olcf.ornl.gov:1257985] MCW rank 16 bound to socket 0[core 4[hwt 0]]: [././././B/././././././././././.][./././././././././././././././.]
[andes17.olcf.ornl.gov:1257985] MCW rank 17 bound to socket 0[core 12[hwt 0]]: [././././././././././././B/././.][./././././././././././././././.]
[andes17.olcf.ornl.gov:1257985] MCW rank 18 bound to socket 1[core 20[hwt 0]]: [./././././././././././././././.][././././B/././././././././././.]
[andes17.olcf.ornl.gov:1257985] MCW rank 19 bound to socket 1[core 28[hwt 0]]: [./././././././././././././././.][././././././././././././B/././.]
[andes17.olcf.ornl.gov:1257985] MCW rank 20 bound to socket 0[core 5[hwt 0]]: [./././././B/./././././././././.][./././././././././././././././.]
[andes17.olcf.ornl.gov:1257985] MCW rank 21 bound to socket 0[core 13[hwt 0]]: [./././././././././././././B/./.][./././././././././././././././.]
[andes17.olcf.ornl.gov:1257985] MCW rank 22 bound to socket 1[core 21[hwt 0]]: [./././././././././././././././.][./././././B/./././././././././.]
[andes17.olcf.ornl.gov:1257985] MCW rank 23 bound to socket 1[core 29[hwt 0]]: [./././././././././././././././.][./././././././././././././B/./.]
Traceback (most recent call last):
  File "run_halo_fesc.py", line 4, in <module>
Traceback (most recent call last):
  File "run_halo_fesc.py", line 4, in <module>
Traceback (most recent call last):
  File "run_halo_fesc.py", line 4, in <module>
Traceback (most recent call last):
  File "run_halo_fesc.py", line 4, in <module>
Traceback (most recent call last):
  File "run_halo_fesc.py", line 4, in <module>
Traceback (most recent call last):
  File "run_halo_fesc.py", line 4, in <module>
Traceback (most recent call last):
  File "run_halo_fesc.py", line 4, in <module>
Traceback (most recent call last):
  File "run_halo_fesc.py", line 4, in <module>
Traceback (most recent call last):
  File "run_halo_fesc.py", line 4, in <module>
Traceback (most recent call last):
  File "run_halo_fesc.py", line 4, in <module>
Traceback (most recent call last):
  File "run_halo_fesc.py", line 4, in <module>
Traceback (most recent call last):
  File "run_halo_fesc.py", line 4, in <module>
Traceback (most recent call last):
  File "run_halo_fesc.py", line 4, in <module>
Traceback (most recent call last):
  File "run_halo_fesc.py", line 4, in <module>
Traceback (most recent call last):
  File "run_halo_fesc.py", line 4, in <module>
Traceback (most recent call last):
  File "run_halo_fesc.py", line 4, in <module>
Traceback (most recent call last):
  File "run_halo_fesc.py", line 4, in <module>
Traceback (most recent call last):
  File "run_halo_fesc.py", line 4, in <module>
Traceback (most recent call last):
  File "run_halo_fesc.py", line 4, in <module>
Traceback (most recent call last):
  File "run_halo_fesc.py", line 4, in <module>
Traceback (most recent call last):
  File "run_halo_fesc.py", line 4, in <module>
Traceback (most recent call last):
  File "run_halo_fesc.py", line 4, in <module>
Traceback (most recent call last):
  File "run_halo_fesc.py", line 4, in <module>
Traceback (most recent call last):
  File "run_halo_fesc.py", line 4, in <module>
    Arg_parser = argparse.ArgumentParser("Compute gas and stellar properties in halos")
NameError: name 'argparse' is not defined
    Arg_parser = argparse.ArgumentParser("Compute gas and stellar properties in halos")
NameError: name 'argparse' is not defined
    Arg_parser = argparse.ArgumentParser("Compute gas and stellar properties in halos")
NameError: name 'argparse' is not defined
    Arg_parser = argparse.ArgumentParser("Compute gas and stellar properties in halos")
NameError: name 'argparse' is not defined
    Arg_parser = argparse.ArgumentParser("Compute gas and stellar properties in halos")
NameError: name 'argparse' is not defined
    Arg_parser = argparse.ArgumentParser("Compute gas and stellar properties in halos")
NameError: name 'argparse' is not defined
    Arg_parser = argparse.ArgumentParser("Compute gas and stellar properties in halos")
NameError: name 'argparse' is not defined
    Arg_parser = argparse.ArgumentParser("Compute gas and stellar properties in halos")
NameError: name 'argparse' is not defined
    Arg_parser = argparse.ArgumentParser("Compute gas and stellar properties in halos")
NameError: name 'argparse' is not defined
    Arg_parser = argparse.ArgumentParser("Compute gas and stellar properties in halos")
NameError: name 'argparse' is not defined
    Arg_parser = argparse.ArgumentParser("Compute gas and stellar properties in halos")
NameError: name 'argparse' is not defined
    Arg_parser = argparse.ArgumentParser("Compute gas and stellar properties in halos")
NameError: name 'argparse' is not defined
    Arg_parser = argparse.ArgumentParser("Compute gas and stellar properties in halos")
NameError: name 'argparse' is not defined
    Arg_parser = argparse.ArgumentParser("Compute gas and stellar properties in halos")
NameError: name 'argparse' is not defined
    Arg_parser = argparse.ArgumentParser("Compute gas and stellar properties in halos")
NameError: name 'argparse' is not defined
    Arg_parser = argparse.ArgumentParser("Compute gas and stellar properties in halos")
NameError: name 'argparse' is not defined
    Arg_parser = argparse.ArgumentParser("Compute gas and stellar properties in halos")
NameError: name 'argparse' is not defined
    Arg_parser = argparse.ArgumentParser("Compute gas and stellar properties in halos")
NameError: name 'argparse' is not defined
    Arg_parser = argparse.ArgumentParser("Compute gas and stellar properties in halos")
NameError: name 'argparse' is not defined
    Arg_parser = argparse.ArgumentParser("Compute gas and stellar properties in halos")
NameError: name 'argparse' is not defined
    Arg_parser = argparse.ArgumentParser("Compute gas and stellar properties in halos")
NameError: name 'argparse' is not defined
    Arg_parser = argparse.ArgumentParser("Compute gas and stellar properties in halos")
NameError: name 'argparse' is not defined
    Arg_parser = argparse.ArgumentParser("Compute gas and stellar properties in halos")
NameError: name 'argparse' is not defined
    Arg_parser = argparse.ArgumentParser("Compute gas and stellar properties in halos")
NameError: name 'argparse' is not defined
--------------------------------------------------------------------------
Primary job  terminated normally, but 1 process returned
a non-zero exit code. Per user-direction, the job has been aborted.
--------------------------------------------------------------------------
--------------------------------------------------------------------------
mpiexec detected that one or more processes exited with non-zero status, thus causing
the job to be terminated. The first process to do so was:

  Process name: [[44588,1],0]
  Exit code:    1
--------------------------------------------------------------------------
[andes17.olcf.ornl.gov:1258013] MCW rank 0 bound to socket 0[core 0[hwt 0]]: [B/././././././././././././././.][./././././././././././././././.]
Traceback (most recent call last):
  File "run_halo_fesc.py", line 4, in <module>
    Arg_parser = argparse.ArgumentParser("Compute gas and stellar properties in halos")
NameError: name 'argparse' is not defined
[andes17.olcf.ornl.gov:1258013] MCW rank 1 bound to socket 0[core 8[hwt 0]]: [././././././././B/././././././.][./././././././././././././././.]
Traceback (most recent call last):
  File "run_halo_fesc.py", line 4, in <module>
    Arg_parser = argparse.ArgumentParser("Compute gas and stellar properties in halos")
NameError: name 'argparse' is not defined
[andes17.olcf.ornl.gov:1258013] MCW rank 2 bound to socket 1[core 16[hwt 0]]: [./././././././././././././././.][B/././././././././././././././.]
Traceback (most recent call last):
  File "run_halo_fesc.py", line 4, in <module>
    Arg_parser = argparse.ArgumentParser("Compute gas and stellar properties in halos")
NameError: name 'argparse' is not defined
[andes17.olcf.ornl.gov:1258013] MCW rank 3 bound to socket 1[core 24[hwt 0]]: [./././././././././././././././.][././././././././B/././././././.]
Traceback (most recent call last):
  File "run_halo_fesc.py", line 4, in <module>
    Arg_parser = argparse.ArgumentParser("Compute gas and stellar properties in halos")
NameError: name 'argparse' is not defined
[andes17.olcf.ornl.gov:1258013] MCW rank 4 bound to socket 0[core 1[hwt 0]]: [./B/./././././././././././././.][./././././././././././././././.]
Traceback (most recent call last):
  File "run_halo_fesc.py", line 4, in <module>
    Arg_parser = argparse.ArgumentParser("Compute gas and stellar properties in halos")
NameError: name 'argparse' is not defined
[andes17.olcf.ornl.gov:1258013] MCW rank 5 bound to socket 0[core 9[hwt 0]]: [./././././././././B/./././././.][./././././././././././././././.]
Traceback (most recent call last):
  File "run_halo_fesc.py", line 4, in <module>
    Arg_parser = argparse.ArgumentParser("Compute gas and stellar properties in halos")
NameError: name 'argparse' is not defined
[andes17.olcf.ornl.gov:1258013] MCW rank 6 bound to socket 1[core 17[hwt 0]]: [./././././././././././././././.][./B/./././././././././././././.]
Traceback (most recent call last):
  File "run_halo_fesc.py", line 4, in <module>
    Arg_parser = argparse.ArgumentParser("Compute gas and stellar properties in halos")
NameError: name 'argparse' is not defined
[andes17.olcf.ornl.gov:1258013] MCW rank 7 bound to socket 1[core 25[hwt 0]]: [./././././././././././././././.][./././././././././B/./././././.]
Traceback (most recent call last):
  File "run_halo_fesc.py", line 4, in <module>
    Arg_parser = argparse.ArgumentParser("Compute gas and stellar properties in halos")
NameError: name 'argparse' is not defined
[andes17.olcf.ornl.gov:1258013] MCW rank 8 bound to socket 0[core 2[hwt 0]]: [././B/././././././././././././.][./././././././././././././././.]
[andes17.olcf.ornl.gov:1258013] MCW rank 9 bound to socket 0[core 10[hwt 0]]: [././././././././././B/././././.][./././././././././././././././.]
[andes17.olcf.ornl.gov:1258013] MCW rank 10 bound to socket 1[core 18[hwt 0]]: [./././././././././././././././.][././B/././././././././././././.]
[andes17.olcf.ornl.gov:1258013] MCW rank 11 bound to socket 1[core 26[hwt 0]]: [./././././././././././././././.][././././././././././B/././././.]
[andes17.olcf.ornl.gov:1258013] MCW rank 12 bound to socket 0[core 3[hwt 0]]: [./././B/./././././././././././.][./././././././././././././././.]
[andes17.olcf.ornl.gov:1258013] MCW rank 13 bound to socket 0[core 11[hwt 0]]: [./././././././././././B/./././.][./././././././././././././././.]
[andes17.olcf.ornl.gov:1258013] MCW rank 14 bound to socket 1[core 19[hwt 0]]: [./././././././././././././././.][./././B/./././././././././././.]
[andes17.olcf.ornl.gov:1258013] MCW rank 15 bound to socket 1[core 27[hwt 0]]: [./././././././././././././././.][./././././././././././B/./././.]
[andes17.olcf.ornl.gov:1258013] MCW rank 16 bound to socket 0[core 4[hwt 0]]: [././././B/././././././././././.][./././././././././././././././.]
[andes17.olcf.ornl.gov:1258013] MCW rank 17 bound to socket 0[core 12[hwt 0]]: [././././././././././././B/././.][./././././././././././././././.]
[andes17.olcf.ornl.gov:1258013] MCW rank 18 bound to socket 1[core 20[hwt 0]]: [./././././././././././././././.][././././B/././././././././././.]
[andes17.olcf.ornl.gov:1258013] MCW rank 19 bound to socket 1[core 28[hwt 0]]: [./././././././././././././././.][././././././././././././B/././.]
[andes17.olcf.ornl.gov:1258013] MCW rank 20 bound to socket 0[core 5[hwt 0]]: [./././././B/./././././././././.][./././././././././././././././.]
[andes17.olcf.ornl.gov:1258013] MCW rank 21 bound to socket 0[core 13[hwt 0]]: [./././././././././././././B/./.][./././././././././././././././.]
[andes17.olcf.ornl.gov:1258013] MCW rank 22 bound to socket 1[core 21[hwt 0]]: [./././././././././././././././.][./././././B/./././././././././.]
[andes17.olcf.ornl.gov:1258013] MCW rank 23 bound to socket 1[core 29[hwt 0]]: [./././././././././././././././.][./././././././././././././B/./.]
--------------------------------------------------------------------------
Primary job  terminated normally, but 1 process returned
a non-zero exit code. Per user-direction, the job has been aborted.
--------------------------------------------------------------------------
Traceback (most recent call last):
  File "run_halo_fesc.py", line 4, in <module>
    Arg_parser = argparse.ArgumentParser("Compute gas and stellar properties in halos")
NameError: name 'argparse' is not defined
